2022-12-23 21:12:53.813 [info] Log level: Info
2022-12-23 21:12:53.813 [info] Validating found git in: "git"
2022-12-23 21:12:53.813 [info] Using git "2.25.1" from "git"
2022-12-23 21:12:53.813 [info] > git rev-parse --show-toplevel [130ms]
2022-12-23 21:12:53.813 [info] fatal: not a git repository (or any of the parent directories): .git
2022-12-23 21:12:53.813 [info] > git rev-parse --show-toplevel [2ms]
2022-12-23 21:12:53.813 [info] fatal: not a git repository (or any of the parent directories): .git
2022-12-23 21:12:53.813 [info] > git rev-parse --show-toplevel [2ms]
2022-12-23 21:12:53.813 [info] fatal: not a git repository (or any of the parent directories): .git
2022-12-23 21:12:53.813 [info] > git rev-parse --show-toplevel [2ms]
2022-12-23 21:12:53.813 [info] fatal: not a git repository (or any of the parent directories): .git
2022-12-23 21:12:53.813 [info] > git rev-parse --show-toplevel [4ms]
2022-12-23 21:12:53.813 [info] fatal: not a git repository (or any of the parent directories): .git
2022-12-23 21:12:54.361 [info] > git rev-parse --show-toplevel [1ms]
2022-12-23 21:12:54.361 [info] fatal: not a git repository (or any of the parent directories): .git
2022-12-23 21:23:00.521 [info] > git rev-parse --show-toplevel [1ms]
2022-12-23 21:23:00.521 [info] fatal: not a git repository (or any of the parent directories): .git
2022-12-23 21:23:33.399 [info] > git rev-parse --show-toplevel [1ms]
2022-12-23 21:23:33.399 [info] fatal: not a git repository (or any of the parent directories): .git
2022-12-23 21:23:53.273 [info] > git rev-parse --show-toplevel [1ms]
2022-12-23 21:23:53.273 [info] fatal: not a git repository (or any of the parent directories): .git
2022-12-23 21:24:20.837 [info] > git rev-parse --show-toplevel [1ms]
2022-12-23 21:24:20.837 [info] fatal: not a git repository (or any of the parent directories): .git
2022-12-23 21:24:30.996 [info] > git rev-parse --show-toplevel [1ms]
2022-12-23 21:24:30.996 [info] fatal: not a git repository (or any of the parent directories): .git
2022-12-23 21:24:44.288 [info] > git rev-parse --show-toplevel [1ms]
2022-12-23 21:24:44.289 [info] fatal: not a git repository (or any of the parent directories): .git
2022-12-23 21:24:58.273 [info] > git rev-parse --show-toplevel [1ms]
2022-12-23 21:24:58.273 [info] fatal: not a git repository (or any of the parent directories): .git
2022-12-23 21:25:10.961 [info] > git rev-parse --show-toplevel [1ms]
2022-12-23 21:25:10.961 [info] fatal: not a git repository (or any of the parent directories): .git
2022-12-23 21:25:13.891 [info] > git rev-parse --show-toplevel [2ms]
2022-12-23 21:25:13.891 [info] fatal: not a git repository (or any of the parent directories): .git
2022-12-23 21:25:14.574 [info] > git rev-parse --show-toplevel [1ms]
2022-12-23 21:25:14.574 [info] fatal: not a git repository (or any of the parent directories): .git
2022-12-23 21:25:15.030 [info] > git rev-parse --show-toplevel [1ms]
2022-12-23 21:25:15.030 [info] fatal: not a git repository (or any of the parent directories): .git
2022-12-23 21:25:40.084 [info] > git rev-parse --show-toplevel [1ms]
2022-12-23 21:25:40.084 [info] fatal: not a git repository (or any of the parent directories): .git
2022-12-23 21:49:41.611 [info] > git rev-parse --show-toplevel [1ms]
2022-12-23 21:49:41.611 [info] fatal: not a git repository (or any of the parent directories): .git
2022-12-23 21:54:00.797 [info] > git rev-parse --show-toplevel [1ms]
2022-12-23 21:54:00.797 [info] fatal: not a git repository (or any of the parent directories): .git
2022-12-23 22:03:30.953 [info] > git rev-parse --show-toplevel [1ms]
2022-12-23 22:03:30.953 [info] fatal: not a git repository (or any of the parent directories): .git
2022-12-23 22:08:53.755 [info] > git rev-parse --show-toplevel [2ms]
2022-12-23 22:08:53.756 [info] fatal: not a git repository (or any of the parent directories): .git
2022-12-23 22:09:42.316 [info] > git rev-parse --show-toplevel [2ms]
2022-12-23 22:09:42.316 [info] fatal: not a git repository (or any of the parent directories): .git
2022-12-23 22:09:55.040 [info] > git rev-parse --show-toplevel [1ms]
2022-12-23 22:09:55.040 [info] fatal: not a git repository (or any of the parent directories): .git
2022-12-23 22:09:58.615 [info] > git rev-parse --show-toplevel [1ms]
2022-12-23 22:09:58.615 [info] fatal: not a git repository (or any of the parent directories): .git
2022-12-23 22:09:59.534 [info] > git rev-parse --show-toplevel [1ms]
2022-12-23 22:09:59.534 [info] fatal: not a git repository (or any of the parent directories): .git
2022-12-23 22:10:05.107 [info] > git rev-parse --show-toplevel [1ms]
2022-12-23 22:10:05.107 [info] fatal: not a git repository (or any of the parent directories): .git
2022-12-23 22:10:29.610 [info] > git rev-parse --show-toplevel [0ms]
2022-12-23 22:10:29.610 [info] fatal: not a git repository (or any of the parent directories): .git
2022-12-23 22:10:50.395 [info] > git rev-parse --show-toplevel [1ms]
2022-12-23 22:10:50.395 [info] fatal: not a git repository (or any of the parent directories): .git
2022-12-23 22:10:59.820 [info] > git rev-parse --show-toplevel [2ms]
2022-12-23 22:10:59.820 [info] fatal: not a git repository (or any of the parent directories): .git
2022-12-23 22:11:04.432 [info] > git rev-parse --show-toplevel [0ms]
2022-12-23 22:11:04.432 [info] fatal: not a git repository (or any of the parent directories): .git
2022-12-23 22:11:07.220 [info] > git rev-parse --show-toplevel [1ms]
2022-12-23 22:11:07.220 [info] fatal: not a git repository (or any of the parent directories): .git
2022-12-23 22:11:15.320 [info] > git rev-parse --show-toplevel [2ms]
2022-12-23 22:11:15.320 [info] fatal: not a git repository (or any of the parent directories): .git
2022-12-23 22:11:16.122 [info] > git rev-parse --show-toplevel [1ms]
2022-12-23 22:11:16.122 [info] fatal: not a git repository (or any of the parent directories): .git
2022-12-23 22:11:33.495 [info] > git rev-parse --show-toplevel [3ms]
2022-12-23 22:11:33.495 [info] fatal: not a git repository (or any of the parent directories): .git
2022-12-23 22:25:42.046 [info] > git rev-parse --show-toplevel [1ms]
2022-12-23 22:25:42.046 [info] fatal: not a git repository (or any of the parent directories): .git
2022-12-23 22:25:44.650 [info] > git rev-parse --show-toplevel [1ms]
2022-12-23 22:25:44.650 [info] fatal: not a git repository (or any of the parent directories): .git
