2023-01-15 18:00:40.778 [info] Extension host with pid 162 started
2023-01-15 18:00:40.797 [info] Lock '/home/ubuntu/.vscode-server/data/User/workspaceStorage/96e01e3a329586d7c93d4dd62db94dde/vscode.lock': Lock acquired.
2023-01-15 18:00:40.914 [info] ExtensionService#_doActivateExtension vscode.git-base, startup: true, activationEvent: '*', root cause: vscode.git
2023-01-15 18:00:41.011 [info] ExtensionService#_doActivateExtension vscode.git, startup: true, activationEvent: '*'
2023-01-15 18:00:41.012 [info] ExtensionService#_doActivateExtension vscode.github, startup: true, activationEvent: '*'
2023-01-15 18:00:41.181 [info] ExtensionService#_doActivateExtension vscode.debug-auto-launch, startup: false, activationEvent: 'onStartupFinished'
2023-01-15 18:00:41.182 [info] ExtensionService#_doActivateExtension vscode.emmet, startup: false, activationEvent: 'onStartupFinished'
2023-01-15 18:00:41.182 [info] ExtensionService#_doActivateExtension vscode.merge-conflict, startup: false, activationEvent: 'onStartupFinished'
2023-01-15 18:00:41.183 [info] Eager extensions activated
2023-01-15 18:00:41.365 [warning] [Decorations] CAPPING events from decorations provider vscode.git 3668
2023-01-15 18:00:42.072 [warning] [Decorations] CAPPING events from decorations provider vscode.git 3669
2023-01-15 18:00:46.093 [warning] [Decorations] CAPPING events from decorations provider vscode.git 3669
2023-01-15 18:00:51.178 [warning] [Decorations] CAPPING events from decorations provider vscode.git 3673
2023-01-15 18:00:56.250 [warning] [Decorations] CAPPING events from decorations provider vscode.git 3673
2023-01-15 18:01:01.318 [warning] [Decorations] CAPPING events from decorations provider vscode.git 3673
2023-01-15 18:01:06.385 [warning] [Decorations] CAPPING events from decorations provider vscode.git 3673
2023-01-15 18:01:11.455 [warning] [Decorations] CAPPING events from decorations provider vscode.git 3673
2023-01-15 18:01:16.536 [warning] [Decorations] CAPPING events from decorations provider vscode.git 3673
2023-01-15 18:01:21.614 [warning] [Decorations] CAPPING events from decorations provider vscode.git 3673
2023-01-15 18:01:26.693 [warning] [Decorations] CAPPING events from decorations provider vscode.git 3673
2023-01-15 18:01:31.773 [warning] [Decorations] CAPPING events from decorations provider vscode.git 3673
2023-01-15 18:01:36.842 [warning] [Decorations] CAPPING events from decorations provider vscode.git 3673
2023-01-15 18:01:41.909 [warning] [Decorations] CAPPING events from decorations provider vscode.git 3673
2023-01-15 18:01:46.978 [warning] [Decorations] CAPPING events from decorations provider vscode.git 3673
2023-01-15 18:01:52.044 [warning] [Decorations] CAPPING events from decorations provider vscode.git 3673
2023-01-15 18:01:57.112 [warning] [Decorations] CAPPING events from decorations provider vscode.git 3673
2023-01-15 18:02:02.179 [warning] [Decorations] CAPPING events from decorations provider vscode.git 3673
2023-01-15 18:02:07.248 [warning] [Decorations] CAPPING events from decorations provider vscode.git 3673
2023-01-15 18:02:12.317 [warning] [Decorations] CAPPING events from decorations provider vscode.git 3673
2023-01-15 18:02:17.389 [warning] [Decorations] CAPPING events from decorations provider vscode.git 3673
2023-01-15 18:02:22.469 [warning] [Decorations] CAPPING events from decorations provider vscode.git 3673
2023-01-15 18:02:27.535 [warning] [Decorations] CAPPING events from decorations provider vscode.git 3673
2023-01-15 18:02:32.602 [warning] [Decorations] CAPPING events from decorations provider vscode.git 3673
2023-01-15 18:02:37.674 [warning] [Decorations] CAPPING events from decorations provider vscode.git 3673
2023-01-15 18:02:42.743 [warning] [Decorations] CAPPING events from decorations provider vscode.git 3673
2023-01-15 18:02:47.812 [warning] [Decorations] CAPPING events from decorations provider vscode.git 3673
2023-01-15 18:02:52.880 [warning] [Decorations] CAPPING events from decorations provider vscode.git 3673
2023-01-15 18:02:57.949 [warning] [Decorations] CAPPING events from decorations provider vscode.git 3673
2023-01-15 18:03:03.029 [warning] [Decorations] CAPPING events from decorations provider vscode.git 3673
2023-01-15 18:03:08.095 [warning] [Decorations] CAPPING events from decorations provider vscode.git 3673
2023-01-15 18:03:13.161 [warning] [Decorations] CAPPING events from decorations provider vscode.git 3673
2023-01-15 18:03:18.228 [warning] [Decorations] CAPPING events from decorations provider vscode.git 3673
2023-01-15 18:03:23.296 [warning] [Decorations] CAPPING events from decorations provider vscode.git 3673
2023-01-15 18:03:28.365 [warning] [Decorations] CAPPING events from decorations provider vscode.git 3673
2023-01-15 18:03:33.432 [warning] [Decorations] CAPPING events from decorations provider vscode.git 3673
2023-01-15 18:03:38.499 [warning] [Decorations] CAPPING events from decorations provider vscode.git 3673
2023-01-15 18:03:43.566 [warning] [Decorations] CAPPING events from decorations provider vscode.git 3673
2023-01-15 18:03:48.648 [warning] [Decorations] CAPPING events from decorations provider vscode.git 3673
2023-01-15 18:03:53.713 [warning] [Decorations] CAPPING events from decorations provider vscode.git 3673
2023-01-15 18:03:58.781 [warning] [Decorations] CAPPING events from decorations provider vscode.git 3673
2023-01-15 18:04:03.847 [warning] [Decorations] CAPPING events from decorations provider vscode.git 3673
2023-01-15 18:04:08.915 [warning] [Decorations] CAPPING events from decorations provider vscode.git 3673
2023-01-15 18:04:13.992 [warning] [Decorations] CAPPING events from decorations provider vscode.git 3673
2023-01-15 18:04:19.061 [warning] [Decorations] CAPPING events from decorations provider vscode.git 3673
2023-01-15 18:04:24.128 [warning] [Decorations] CAPPING events from decorations provider vscode.git 3673
2023-01-15 18:04:29.198 [warning] [Decorations] CAPPING events from decorations provider vscode.git 3673
2023-01-15 18:04:34.757 [warning] [Decorations] CAPPING events from decorations provider vscode.git 3673
2023-01-15 18:04:39.830 [warning] [Decorations] CAPPING events from decorations provider vscode.git 3673
2023-01-15 18:04:44.955 [warning] [Decorations] CAPPING events from decorations provider vscode.git 3673
2023-01-15 18:04:50.022 [warning] [Decorations] CAPPING events from decorations provider vscode.git 3673
2023-01-15 18:04:55.088 [warning] [Decorations] CAPPING events from decorations provider vscode.git 3673
2023-01-15 18:05:00.155 [warning] [Decorations] CAPPING events from decorations provider vscode.git 3673
2023-01-15 18:05:05.222 [warning] [Decorations] CAPPING events from decorations provider vscode.git 3673
2023-01-15 18:05:10.289 [warning] [Decorations] CAPPING events from decorations provider vscode.git 3673
2023-01-15 18:05:15.361 [warning] [Decorations] CAPPING events from decorations provider vscode.git 3673
2023-01-15 18:05:20.428 [warning] [Decorations] CAPPING events from decorations provider vscode.git 3673
2023-01-15 18:05:25.496 [warning] [Decorations] CAPPING events from decorations provider vscode.git 3673
2023-01-15 18:05:30.568 [warning] [Decorations] CAPPING events from decorations provider vscode.git 3673
2023-01-15 18:05:35.645 [warning] [Decorations] CAPPING events from decorations provider vscode.git 3673
2023-01-15 18:05:40.716 [warning] [Decorations] CAPPING events from decorations provider vscode.git 3673
2023-01-15 18:05:45.784 [warning] [Decorations] CAPPING events from decorations provider vscode.git 3673
2023-01-15 18:05:50.854 [warning] [Decorations] CAPPING events from decorations provider vscode.git 3673
2023-01-15 18:05:55.928 [warning] [Decorations] CAPPING events from decorations provider vscode.git 3673
2023-01-15 18:06:00.999 [warning] [Decorations] CAPPING events from decorations provider vscode.git 3673
2023-01-15 18:06:06.067 [warning] [Decorations] CAPPING events from decorations provider vscode.git 3673
2023-01-15 18:06:11.139 [warning] [Decorations] CAPPING events from decorations provider vscode.git 3673
2023-01-15 18:06:16.223 [warning] [Decorations] CAPPING events from decorations provider vscode.git 3673
2023-01-15 18:06:21.290 [warning] [Decorations] CAPPING events from decorations provider vscode.git 3673
2023-01-15 18:06:26.360 [warning] [Decorations] CAPPING events from decorations provider vscode.git 3673
2023-01-15 18:06:31.427 [warning] [Decorations] CAPPING events from decorations provider vscode.git 3673
2023-01-15 18:06:36.493 [warning] [Decorations] CAPPING events from decorations provider vscode.git 3673
2023-01-15 18:06:41.560 [warning] [Decorations] CAPPING events from decorations provider vscode.git 3673
2023-01-15 18:06:46.627 [warning] [Decorations] CAPPING events from decorations provider vscode.git 3673
2023-01-15 18:06:51.708 [warning] [Decorations] CAPPING events from decorations provider vscode.git 3673
2023-01-15 18:06:56.774 [warning] [Decorations] CAPPING events from decorations provider vscode.git 3673
2023-01-15 18:07:01.846 [warning] [Decorations] CAPPING events from decorations provider vscode.git 3673
2023-01-15 18:07:06.913 [warning] [Decorations] CAPPING events from decorations provider vscode.git 3673
2023-01-15 18:07:11.978 [warning] [Decorations] CAPPING events from decorations provider vscode.git 3673
2023-01-15 18:07:17.045 [warning] [Decorations] CAPPING events from decorations provider vscode.git 3673
2023-01-15 18:07:22.112 [warning] [Decorations] CAPPING events from decorations provider vscode.git 3673
2023-01-15 18:07:27.180 [warning] [Decorations] CAPPING events from decorations provider vscode.git 3673
2023-01-15 18:07:32.261 [warning] [Decorations] CAPPING events from decorations provider vscode.git 3673
2023-01-15 18:07:37.327 [warning] [Decorations] CAPPING events from decorations provider vscode.git 3673
2023-01-15 18:07:42.394 [warning] [Decorations] CAPPING events from decorations provider vscode.git 3673
2023-01-15 18:07:47.461 [warning] [Decorations] CAPPING events from decorations provider vscode.git 3673
2023-01-15 18:07:52.529 [warning] [Decorations] CAPPING events from decorations provider vscode.git 3673
2023-01-15 18:07:57.597 [warning] [Decorations] CAPPING events from decorations provider vscode.git 3673
2023-01-15 18:08:02.665 [warning] [Decorations] CAPPING events from decorations provider vscode.git 3673
2023-01-15 18:08:07.735 [warning] [Decorations] CAPPING events from decorations provider vscode.git 3673
2023-01-15 18:08:12.814 [warning] [Decorations] CAPPING events from decorations provider vscode.git 3673
2023-01-15 18:08:17.881 [warning] [Decorations] CAPPING events from decorations provider vscode.git 3673
2023-01-15 18:08:22.948 [warning] [Decorations] CAPPING events from decorations provider vscode.git 3673
2023-01-15 18:08:28.013 [warning] [Decorations] CAPPING events from decorations provider vscode.git 3673
2023-01-15 18:08:33.080 [warning] [Decorations] CAPPING events from decorations provider vscode.git 3673
2023-01-15 18:08:38.154 [warning] [Decorations] CAPPING events from decorations provider vscode.git 3673
2023-01-15 18:08:43.226 [warning] [Decorations] CAPPING events from decorations provider vscode.git 3673
2023-01-15 18:08:48.303 [warning] [Decorations] CAPPING events from decorations provider vscode.git 3673
2023-01-15 18:08:53.376 [warning] [Decorations] CAPPING events from decorations provider vscode.git 3673
2023-01-15 18:08:58.442 [warning] [Decorations] CAPPING events from decorations provider vscode.git 3673
2023-01-15 18:09:03.512 [warning] [Decorations] CAPPING events from decorations provider vscode.git 3673
2023-01-15 18:09:08.579 [warning] [Decorations] CAPPING events from decorations provider vscode.git 3673
2023-01-15 18:09:13.647 [warning] [Decorations] CAPPING events from decorations provider vscode.git 3673
2023-01-15 18:09:18.715 [warning] [Decorations] CAPPING events from decorations provider vscode.git 3673
2023-01-15 18:09:23.856 [warning] [Decorations] CAPPING events from decorations provider vscode.git 3673
2023-01-15 18:09:28.931 [warning] [Decorations] CAPPING events from decorations provider vscode.git 3673
2023-01-15 18:09:34.016 [warning] [Decorations] CAPPING events from decorations provider vscode.git 3673
2023-01-15 18:09:39.087 [warning] [Decorations] CAPPING events from decorations provider vscode.git 3673
2023-01-15 18:09:44.158 [warning] [Decorations] CAPPING events from decorations provider vscode.git 3673
2023-01-15 18:09:49.226 [warning] [Decorations] CAPPING events from decorations provider vscode.git 3673
2023-01-15 18:09:54.298 [warning] [Decorations] CAPPING events from decorations provider vscode.git 3673
2023-01-15 18:09:59.370 [warning] [Decorations] CAPPING events from decorations provider vscode.git 3673
2023-01-15 18:10:04.441 [warning] [Decorations] CAPPING events from decorations provider vscode.git 3673
2023-01-15 18:10:09.514 [warning] [Decorations] CAPPING events from decorations provider vscode.git 3673
2023-01-15 18:10:14.595 [warning] [Decorations] CAPPING events from decorations provider vscode.git 3673
2023-01-15 18:10:19.661 [warning] [Decorations] CAPPING events from decorations provider vscode.git 3673
2023-01-15 18:10:24.729 [warning] [Decorations] CAPPING events from decorations provider vscode.git 3673
2023-01-15 18:10:29.800 [warning] [Decorations] CAPPING events from decorations provider vscode.git 3673
2023-01-15 18:10:34.875 [warning] [Decorations] CAPPING events from decorations provider vscode.git 3673
2023-01-15 18:10:39.943 [warning] [Decorations] CAPPING events from decorations provider vscode.git 3673
2023-01-15 18:10:45.014 [warning] [Decorations] CAPPING events from decorations provider vscode.git 3673
2023-01-15 18:10:50.087 [warning] [Decorations] CAPPING events from decorations provider vscode.git 3673
2023-01-15 18:10:55.168 [warning] [Decorations] CAPPING events from decorations provider vscode.git 3673
2023-01-15 18:11:00.234 [warning] [Decorations] CAPPING events from decorations provider vscode.git 3673
2023-01-15 18:11:05.303 [warning] [Decorations] CAPPING events from decorations provider vscode.git 3673
2023-01-15 18:11:10.374 [warning] [Decorations] CAPPING events from decorations provider vscode.git 3673
2023-01-15 18:11:15.443 [warning] [Decorations] CAPPING events from decorations provider vscode.git 3673
2023-01-15 18:11:20.513 [warning] [Decorations] CAPPING events from decorations provider vscode.git 3673
2023-01-15 18:11:25.585 [warning] [Decorations] CAPPING events from decorations provider vscode.git 3673
2023-01-15 18:11:30.655 [warning] [Decorations] CAPPING events from decorations provider vscode.git 3673
2023-01-15 18:11:35.737 [warning] [Decorations] CAPPING events from decorations provider vscode.git 3673
2023-01-15 18:11:40.808 [warning] [Decorations] CAPPING events from decorations provider vscode.git 3673
2023-01-15 18:11:45.883 [warning] [Decorations] CAPPING events from decorations provider vscode.git 3673
2023-01-15 18:11:50.954 [warning] [Decorations] CAPPING events from decorations provider vscode.git 3673
2023-01-15 18:11:56.043 [warning] [Decorations] CAPPING events from decorations provider vscode.git 3673
2023-01-15 18:12:01.112 [warning] [Decorations] CAPPING events from decorations provider vscode.git 3673
2023-01-15 18:12:06.178 [warning] [Decorations] CAPPING events from decorations provider vscode.git 3673
2023-01-15 18:12:11.246 [warning] [Decorations] CAPPING events from decorations provider vscode.git 3673
2023-01-15 18:12:16.315 [warning] [Decorations] CAPPING events from decorations provider vscode.git 3673
2023-01-15 18:12:21.399 [warning] [Decorations] CAPPING events from decorations provider vscode.git 3673
2023-01-15 18:12:26.463 [warning] [Decorations] CAPPING events from decorations provider vscode.git 3673
2023-01-15 18:12:31.531 [warning] [Decorations] CAPPING events from decorations provider vscode.git 3673
2023-01-15 18:12:36.599 [warning] [Decorations] CAPPING events from decorations provider vscode.git 3673
2023-01-15 18:12:41.667 [warning] [Decorations] CAPPING events from decorations provider vscode.git 3673
2023-01-15 18:12:46.734 [warning] [Decorations] CAPPING events from decorations provider vscode.git 3673
2023-01-15 18:12:51.801 [warning] [Decorations] CAPPING events from decorations provider vscode.git 3673
2023-01-15 18:12:56.871 [warning] [Decorations] CAPPING events from decorations provider vscode.git 3673
2023-01-15 18:13:01.949 [warning] [Decorations] CAPPING events from decorations provider vscode.git 3673
2023-01-15 18:13:07.023 [warning] [Decorations] CAPPING events from decorations provider vscode.git 3673
2023-01-15 18:13:12.090 [warning] [Decorations] CAPPING events from decorations provider vscode.git 3673
2023-01-15 18:13:17.157 [warning] [Decorations] CAPPING events from decorations provider vscode.git 3673
2023-01-15 18:13:22.224 [warning] [Decorations] CAPPING events from decorations provider vscode.git 3673
2023-01-15 18:13:28.785 [warning] [Decorations] CAPPING events from decorations provider vscode.git 3673
2023-01-15 18:13:33.854 [warning] [Decorations] CAPPING events from decorations provider vscode.git 3673
2023-01-15 18:13:38.925 [warning] [Decorations] CAPPING events from decorations provider vscode.git 3673
2023-01-15 18:13:43.995 [warning] [Decorations] CAPPING events from decorations provider vscode.git 3673
2023-01-15 18:13:49.080 [warning] [Decorations] CAPPING events from decorations provider vscode.git 3673
2023-01-15 18:13:54.156 [warning] [Decorations] CAPPING events from decorations provider vscode.git 3673
2023-01-15 18:13:59.224 [warning] [Decorations] CAPPING events from decorations provider vscode.git 3673
2023-01-15 18:14:04.296 [warning] [Decorations] CAPPING events from decorations provider vscode.git 3673
2023-01-15 18:14:09.365 [warning] [Decorations] CAPPING events from decorations provider vscode.git 3673
2023-01-15 18:14:14.431 [warning] [Decorations] CAPPING events from decorations provider vscode.git 3673
2023-01-15 18:14:19.511 [warning] [Decorations] CAPPING events from decorations provider vscode.git 3673
2023-01-15 18:14:24.583 [warning] [Decorations] CAPPING events from decorations provider vscode.git 3673
2023-01-15 18:14:29.656 [warning] [Decorations] CAPPING events from decorations provider vscode.git 3673
2023-01-15 18:14:34.738 [warning] [Decorations] CAPPING events from decorations provider vscode.git 3673
2023-01-15 18:14:39.809 [warning] [Decorations] CAPPING events from decorations provider vscode.git 3673
2023-01-15 18:14:44.879 [warning] [Decorations] CAPPING events from decorations provider vscode.git 3673
2023-01-15 18:14:49.946 [warning] [Decorations] CAPPING events from decorations provider vscode.git 3673
2023-01-15 18:14:55.014 [warning] [Decorations] CAPPING events from decorations provider vscode.git 3673
2023-01-15 18:15:00.086 [warning] [Decorations] CAPPING events from decorations provider vscode.git 3673
2023-01-15 18:15:05.645 [warning] [Decorations] CAPPING events from decorations provider vscode.git 3673
2023-01-15 18:15:10.731 [warning] [Decorations] CAPPING events from decorations provider vscode.git 3673
2023-01-15 18:15:15.800 [warning] [Decorations] CAPPING events from decorations provider vscode.git 3673
2023-01-15 18:15:20.865 [warning] [Decorations] CAPPING events from decorations provider vscode.git 3673
2023-01-15 18:15:25.931 [warning] [Decorations] CAPPING events from decorations provider vscode.git 3673
2023-01-15 18:15:30.998 [warning] [Decorations] CAPPING events from decorations provider vscode.git 3673
2023-01-15 18:15:36.065 [warning] [Decorations] CAPPING events from decorations provider vscode.git 3673
2023-01-15 18:15:41.154 [warning] [Decorations] CAPPING events from decorations provider vscode.git 3673
2023-01-15 18:15:58.685 [warning] [Decorations] CAPPING events from decorations provider vscode.git 3673
2023-01-15 18:15:59.238 [info] Extension host terminating: received terminate message from renderer
2023-01-15 18:15:59.239 [info] Lock '/home/ubuntu/.vscode-server/data/User/workspaceStorage/96e01e3a329586d7c93d4dd62db94dde/vscode.lock': Marking the lockfile as scheduled to be released in 6000 ms.
2023-01-15 18:15:59.256 [info] Extension host with pid 162 exiting with code 0
