2022-12-28 04:43:35.482 [info] Log level: Info
2022-12-28 04:43:35.482 [info] Validating found git in: "git"
2022-12-28 04:43:35.482 [info] Using git "2.25.1" from "git"
2022-12-28 04:43:35.482 [info] > git rev-parse --show-toplevel [59ms]
2022-12-28 04:43:35.482 [info] fatal: not a git repository (or any of the parent directories): .git
2022-12-28 04:43:35.482 [info] > git rev-parse --show-toplevel [3ms]
2022-12-28 04:43:35.482 [info] > git rev-parse --git-dir --git-common-dir [1ms]
2022-12-28 04:43:35.482 [info] Open repository: /home/ubuntu
2022-12-28 04:43:35.482 [info] > git config --get commit.template [62ms]
2022-12-28 04:43:35.482 [warning] No remotes found in the git config file.
2022-12-28 04:43:35.482 [info] > git for-each-ref --format=%(refname)%00%(upstream:short)%00%(objectname)%00%(upstream:track)%00%(upstream:remotename)%00%(upstream:remoteref) refs/heads/master refs/remotes/master [4ms]
2022-12-28 04:43:35.482 [info] > git remote --verbose [1ms]
2022-12-28 04:43:35.482 [info] > git for-each-ref --sort -committerdate --format %(refname) %(objectname) %(*objectname) [5ms]
2022-12-28 04:43:35.482 [info] > git status -z -uall [19ms]
2022-12-28 04:43:35.482 [warning] No remotes found in the git config file.
2022-12-28 04:43:35.482 [info] > git remote --verbose [1ms]
2022-12-28 04:43:35.482 [info] > git for-each-ref --format=%(refname)%00%(upstream:short)%00%(objectname)%00%(upstream:track)%00%(upstream:remotename)%00%(upstream:remoteref) refs/heads/master refs/remotes/master [4ms]
2022-12-28 04:43:35.482 [info] > git config --get commit.template [9ms]
2022-12-28 04:43:35.482 [info] > git for-each-ref --sort -committerdate --format %(refname) %(objectname) %(*objectname) [1ms]
2022-12-28 04:43:35.482 [info] > git status -z -uall [16ms]
2022-12-28 04:43:35.482 [info] > git rev-parse --show-toplevel [1ms]
2022-12-28 04:43:35.482 [info] fatal: not a git repository (or any of the parent directories): .git
2022-12-28 04:43:35.483 [info] > git rev-parse --show-toplevel [1ms]
2022-12-28 04:43:35.483 [info] fatal: not a git repository (or any of the parent directories): .git
2022-12-28 04:43:35.483 [info] > git show --textconv :pintos/src/threads/thread.c [6ms]
2022-12-28 04:43:35.483 [info] > git ls-files --stage -- /home/ubuntu/pintos/src/threads/thread.c [2ms]
2022-12-28 04:43:35.941 [info] > git check-ignore -v -z --stdin [2ms]
2022-12-28 04:43:37.192 [info] > git config --get commit.template [1ms]
2022-12-28 04:43:37.199 [warning] No remotes found in the git config file.
2022-12-28 04:43:37.200 [info] > git for-each-ref --format=%(refname)%00%(upstream:short)%00%(objectname)%00%(upstream:track)%00%(upstream:remotename)%00%(upstream:remoteref) refs/heads/master refs/remotes/master [5ms]
2022-12-28 04:43:37.200 [info] > git remote --verbose [1ms]
2022-12-28 04:43:37.210 [info] > git for-each-ref --sort -committerdate --format %(refname) %(objectname) %(*objectname) [1ms]
2022-12-28 04:43:37.220 [info] > git status -z -uall [14ms]
2022-12-28 04:43:42.253 [info] > git config --get commit.template [1ms]
2022-12-28 04:43:42.260 [warning] No remotes found in the git config file.
2022-12-28 04:43:42.260 [info] > git remote --verbose [0ms]
2022-12-28 04:43:42.261 [info] > git for-each-ref --format=%(refname)%00%(upstream:short)%00%(objectname)%00%(upstream:track)%00%(upstream:remotename)%00%(upstream:remoteref) refs/heads/master refs/remotes/master [5ms]
2022-12-28 04:43:42.268 [info] > git for-each-ref --sort -committerdate --format %(refname) %(objectname) %(*objectname) [1ms]
2022-12-28 04:43:42.274 [info] > git status -z -uall [10ms]
2022-12-28 04:43:47.308 [info] > git config --get commit.template [0ms]
2022-12-28 04:43:47.316 [warning] No remotes found in the git config file.
2022-12-28 04:43:47.316 [info] > git remote --verbose [0ms]
2022-12-28 04:43:47.317 [info] > git for-each-ref --format=%(refname)%00%(upstream:short)%00%(objectname)%00%(upstream:track)%00%(upstream:remotename)%00%(upstream:remoteref) refs/heads/master refs/remotes/master [5ms]
2022-12-28 04:43:47.325 [info] > git for-each-ref --sort -committerdate --format %(refname) %(objectname) %(*objectname) [1ms]
2022-12-28 04:43:47.331 [info] > git status -z -uall [11ms]
2022-12-28 04:43:49.107 [info] > git show --textconv :pintos/src/threads/init.c [5ms]
2022-12-28 04:43:49.108 [info] > git ls-files --stage -- /home/ubuntu/pintos/src/threads/init.c [2ms]
2022-12-28 04:43:52.363 [info] > git config --get commit.template [0ms]
2022-12-28 04:43:52.371 [warning] No remotes found in the git config file.
2022-12-28 04:43:52.371 [info] > git remote --verbose [1ms]
2022-12-28 04:43:52.371 [info] > git for-each-ref --format=%(refname)%00%(upstream:short)%00%(objectname)%00%(upstream:track)%00%(upstream:remotename)%00%(upstream:remoteref) refs/heads/master refs/remotes/master [4ms]
2022-12-28 04:43:52.380 [info] > git for-each-ref --sort -committerdate --format %(refname) %(objectname) %(*objectname) [1ms]
2022-12-28 04:43:52.386 [info] > git status -z -uall [11ms]
2022-12-28 04:43:57.416 [info] > git config --get commit.template [1ms]
2022-12-28 04:43:57.426 [warning] No remotes found in the git config file.
2022-12-28 04:43:57.427 [info] > git for-each-ref --format=%(refname)%00%(upstream:short)%00%(objectname)%00%(upstream:track)%00%(upstream:remotename)%00%(upstream:remoteref) refs/heads/master refs/remotes/master [6ms]
2022-12-28 04:43:57.427 [info] > git remote --verbose [1ms]
2022-12-28 04:43:57.437 [info] > git for-each-ref --sort -committerdate --format %(refname) %(objectname) %(*objectname) [0ms]
2022-12-28 04:43:57.444 [info] > git status -z -uall [12ms]
2022-12-28 04:44:02.483 [info] > git config --get commit.template [1ms]
2022-12-28 04:44:02.491 [warning] No remotes found in the git config file.
2022-12-28 04:44:02.492 [info] > git for-each-ref --format=%(refname)%00%(upstream:short)%00%(objectname)%00%(upstream:track)%00%(upstream:remotename)%00%(upstream:remoteref) refs/heads/master refs/remotes/master [5ms]
2022-12-28 04:44:02.492 [info] > git remote --verbose [1ms]
2022-12-28 04:44:02.500 [info] > git for-each-ref --sort -committerdate --format %(refname) %(objectname) %(*objectname) [1ms]
2022-12-28 04:44:02.515 [info] > git status -z -uall [20ms]
2022-12-28 04:44:07.544 [info] > git config --get commit.template [1ms]
2022-12-28 04:44:07.553 [warning] No remotes found in the git config file.
2022-12-28 04:44:07.554 [info] > git remote --verbose [1ms]
2022-12-28 04:44:07.554 [info] > git for-each-ref --format=%(refname)%00%(upstream:short)%00%(objectname)%00%(upstream:track)%00%(upstream:remotename)%00%(upstream:remoteref) refs/heads/master refs/remotes/master [6ms]
2022-12-28 04:44:07.574 [info] > git for-each-ref --sort -committerdate --format %(refname) %(objectname) %(*objectname) [8ms]
2022-12-28 04:44:07.574 [info] > git status -z -uall [13ms]
2022-12-28 04:44:12.606 [info] > git config --get commit.template [1ms]
2022-12-28 04:44:12.613 [warning] No remotes found in the git config file.
2022-12-28 04:44:12.613 [info] > git remote --verbose [0ms]
2022-12-28 04:44:12.613 [info] > git for-each-ref --format=%(refname)%00%(upstream:short)%00%(objectname)%00%(upstream:track)%00%(upstream:remotename)%00%(upstream:remoteref) refs/heads/master refs/remotes/master [3ms]
2022-12-28 04:44:12.620 [info] > git for-each-ref --sort -committerdate --format %(refname) %(objectname) %(*objectname) [1ms]
2022-12-28 04:44:12.627 [info] > git status -z -uall [10ms]
2022-12-28 04:44:17.656 [info] > git config --get commit.template [1ms]
2022-12-28 04:44:17.663 [warning] No remotes found in the git config file.
2022-12-28 04:44:17.664 [info] > git remote --verbose [1ms]
2022-12-28 04:44:17.664 [info] > git for-each-ref --format=%(refname)%00%(upstream:short)%00%(objectname)%00%(upstream:track)%00%(upstream:remotename)%00%(upstream:remoteref) refs/heads/master refs/remotes/master [5ms]
2022-12-28 04:44:17.672 [info] > git for-each-ref --sort -committerdate --format %(refname) %(objectname) %(*objectname) [1ms]
2022-12-28 04:44:17.678 [info] > git status -z -uall [10ms]
2022-12-28 04:44:18.486 [info] > git rev-parse --show-toplevel [4ms]
2022-12-28 04:44:18.486 [info] fatal: not a git repository (or any of the parent directories): .git
2022-12-28 04:44:19.233 [info] > git check-ignore -v -z --stdin [1ms]
2022-12-28 04:44:21.001 [info] > git check-ignore -v -z --stdin [1ms]
2022-12-28 04:44:22.714 [info] > git config --get commit.template [1ms]
2022-12-28 04:44:22.723 [warning] No remotes found in the git config file.
2022-12-28 04:44:22.724 [info] > git remote --verbose [1ms]
2022-12-28 04:44:22.724 [info] > git for-each-ref --format=%(refname)%00%(upstream:short)%00%(objectname)%00%(upstream:track)%00%(upstream:remotename)%00%(upstream:remoteref) refs/heads/master refs/remotes/master [5ms]
2022-12-28 04:44:22.731 [info] > git for-each-ref --sort -committerdate --format %(refname) %(objectname) %(*objectname) [0ms]
2022-12-28 04:44:22.738 [info] > git status -z -uall [11ms]
2022-12-28 04:44:23.091 [info] > git check-ignore -v -z --stdin [5ms]
2022-12-28 04:44:27.770 [info] > git config --get commit.template [0ms]
2022-12-28 04:44:27.778 [warning] No remotes found in the git config file.
2022-12-28 04:44:27.778 [info] > git for-each-ref --format=%(refname)%00%(upstream:short)%00%(objectname)%00%(upstream:track)%00%(upstream:remotename)%00%(upstream:remoteref) refs/heads/master refs/remotes/master [4ms]
2022-12-28 04:44:27.779 [info] > git remote --verbose [2ms]
2022-12-28 04:44:27.787 [info] > git for-each-ref --sort -committerdate --format %(refname) %(objectname) %(*objectname) [1ms]
2022-12-28 04:44:27.794 [info] > git status -z -uall [12ms]
2022-12-28 04:44:32.823 [info] > git config --get commit.template [1ms]
2022-12-28 04:44:32.832 [warning] No remotes found in the git config file.
2022-12-28 04:44:32.834 [info] > git remote --verbose [2ms]
2022-12-28 04:44:32.834 [info] > git for-each-ref --format=%(refname)%00%(upstream:short)%00%(objectname)%00%(upstream:track)%00%(upstream:remotename)%00%(upstream:remoteref) refs/heads/master refs/remotes/master [6ms]
2022-12-28 04:44:32.844 [info] > git for-each-ref --sort -committerdate --format %(refname) %(objectname) %(*objectname) [0ms]
2022-12-28 04:44:32.854 [info] > git status -z -uall [16ms]
2022-12-28 04:44:37.882 [info] > git config --get commit.template [1ms]
2022-12-28 04:44:37.891 [warning] No remotes found in the git config file.
2022-12-28 04:44:37.891 [info] > git for-each-ref --format=%(refname)%00%(upstream:short)%00%(objectname)%00%(upstream:track)%00%(upstream:remotename)%00%(upstream:remoteref) refs/heads/master refs/remotes/master [6ms]
2022-12-28 04:44:37.892 [info] > git remote --verbose [1ms]
2022-12-28 04:44:37.902 [info] > git for-each-ref --sort -committerdate --format %(refname) %(objectname) %(*objectname) [1ms]
2022-12-28 04:44:37.909 [info] > git status -z -uall [12ms]
2022-12-28 04:44:38.405 [info] > git config --get commit.template [10ms]
2022-12-28 04:44:38.409 [warning] No remotes found in the git config file.
2022-12-28 04:44:38.409 [info] > git remote --verbose [0ms]
2022-12-28 04:44:38.411 [info] > git for-each-ref --format=%(refname)%00%(upstream:short)%00%(objectname)%00%(upstream:track)%00%(upstream:remotename)%00%(upstream:remoteref) refs/heads/master refs/remotes/master [7ms]
2022-12-28 04:44:38.420 [info] > git for-each-ref --sort -committerdate --format %(refname) %(objectname) %(*objectname) [1ms]
2022-12-28 04:44:38.427 [info] > git status -z -uall [11ms]
2022-12-28 04:44:42.938 [info] > git config --get commit.template [1ms]
2022-12-28 04:44:42.946 [warning] No remotes found in the git config file.
2022-12-28 04:44:42.947 [info] > git for-each-ref --format=%(refname)%00%(upstream:short)%00%(objectname)%00%(upstream:track)%00%(upstream:remotename)%00%(upstream:remoteref) refs/heads/master refs/remotes/master [5ms]
2022-12-28 04:44:42.947 [info] > git remote --verbose [1ms]
2022-12-28 04:44:42.957 [info] > git for-each-ref --sort -committerdate --format %(refname) %(objectname) %(*objectname) [1ms]
2022-12-28 04:44:42.964 [info] > git status -z -uall [12ms]
2022-12-28 04:44:47.997 [info] > git config --get commit.template [1ms]
2022-12-28 04:44:48.005 [warning] No remotes found in the git config file.
2022-12-28 04:44:48.005 [info] > git for-each-ref --format=%(refname)%00%(upstream:short)%00%(objectname)%00%(upstream:track)%00%(upstream:remotename)%00%(upstream:remoteref) refs/heads/master refs/remotes/master [4ms]
2022-12-28 04:44:48.006 [info] > git remote --verbose [0ms]
2022-12-28 04:44:48.014 [info] > git for-each-ref --sort -committerdate --format %(refname) %(objectname) %(*objectname) [1ms]
2022-12-28 04:44:48.021 [info] > git status -z -uall [11ms]
2022-12-28 04:44:53.058 [info] > git config --get commit.template [1ms]
2022-12-28 04:44:53.063 [warning] No remotes found in the git config file.
2022-12-28 04:44:53.067 [info] > git remote --verbose [4ms]
2022-12-28 04:44:53.068 [info] > git for-each-ref --format=%(refname)%00%(upstream:short)%00%(objectname)%00%(upstream:track)%00%(upstream:remotename)%00%(upstream:remoteref) refs/heads/master refs/remotes/master [0ms]
2022-12-28 04:44:53.076 [info] > git for-each-ref --sort -committerdate --format %(refname) %(objectname) %(*objectname) [1ms]
2022-12-28 04:44:53.083 [info] > git status -z -uall [11ms]
2022-12-28 04:44:58.111 [info] > git config --get commit.template [1ms]
2022-12-28 04:44:58.119 [warning] No remotes found in the git config file.
2022-12-28 04:44:58.119 [info] > git for-each-ref --format=%(refname)%00%(upstream:short)%00%(objectname)%00%(upstream:track)%00%(upstream:remotename)%00%(upstream:remoteref) refs/heads/master refs/remotes/master [4ms]
2022-12-28 04:44:58.120 [info] > git remote --verbose [1ms]
2022-12-28 04:44:58.127 [info] > git for-each-ref --sort -committerdate --format %(refname) %(objectname) %(*objectname) [0ms]
2022-12-28 04:44:58.134 [info] > git status -z -uall [11ms]
2022-12-28 04:45:03.171 [info] > git config --get commit.template [1ms]
2022-12-28 04:45:03.179 [warning] No remotes found in the git config file.
2022-12-28 04:45:03.179 [info] > git for-each-ref --format=%(refname)%00%(upstream:short)%00%(objectname)%00%(upstream:track)%00%(upstream:remotename)%00%(upstream:remoteref) refs/heads/master refs/remotes/master [4ms]
2022-12-28 04:45:03.179 [info] > git remote --verbose [0ms]
2022-12-28 04:45:03.187 [info] > git for-each-ref --sort -committerdate --format %(refname) %(objectname) %(*objectname) [0ms]
2022-12-28 04:45:03.195 [info] > git status -z -uall [12ms]
