2023-01-14 00:43:46.900 [info] Log level: Info
2023-01-14 00:43:46.901 [info] Validating found git in: "git"
2023-01-14 00:43:46.901 [info] Using git "2.25.1" from "git"
2023-01-14 00:43:46.901 [info] > git rev-parse --show-toplevel [66ms]
2023-01-14 00:43:46.901 [info] fatal: detected dubious ownership in repository at '/home'
To add an exception for this directory, call:

	git config --global --add safe.directory /home
2023-01-14 00:43:46.901 [info] > git rev-parse --show-toplevel [3ms]
2023-01-14 00:43:46.901 [info] > git rev-parse --git-dir --git-common-dir [2ms]
2023-01-14 00:43:46.901 [info] Open repository: /home/ubuntu
2023-01-14 00:43:46.945 [info] > git config --get commit.template [8ms]
2023-01-14 00:43:46.954 [info] > git for-each-ref --format=%(refname)%00%(upstream:short)%00%(objectname)%00%(upstream:track)%00%(upstream:remotename)%00%(upstream:remoteref) refs/heads/master refs/remotes/master [5ms]
2023-01-14 00:43:46.965 [info] > git for-each-ref --sort -committerdate --format %(refname) %(objectname) %(*objectname) [2ms]
2023-01-14 00:43:46.994 [info] > git rev-parse --show-toplevel [1ms]
2023-01-14 00:43:46.994 [info] fatal: detected dubious ownership in repository at '/home'
To add an exception for this directory, call:

	git config --global --add safe.directory /home
2023-01-14 00:43:47.004 [info] > git status -z -uall [44ms]
2023-01-14 00:43:47.021 [info] > git config --get commit.template [3ms]
2023-01-14 00:43:47.025 [info] > git for-each-ref --format=%(refname)%00%(upstream:short)%00%(objectname)%00%(upstream:track)%00%(upstream:remotename)%00%(upstream:remoteref) refs/heads/master refs/remotes/master [1ms]
2023-01-14 00:43:47.035 [info] > git for-each-ref --sort -committerdate --format %(refname) %(objectname) %(*objectname) [2ms]
2023-01-14 00:43:47.042 [info] > git status -z -uall [14ms]
2023-01-14 00:43:47.406 [info] > git check-ignore -v -z --stdin [4ms]
2023-01-14 00:43:47.491 [info] > git show --textconv :pintos/src/threads/synch.c [4ms]
2023-01-14 00:43:47.493 [info] > git ls-files --stage -- /home/ubuntu/pintos/src/threads/synch.c [2ms]
2023-01-14 00:43:47.497 [info] > git cat-file -s b5e14c374d39105ad2e24e81d0655793704c035f [1ms]
2023-01-14 00:56:57.251 [info] > git config --get commit.template [1ms]
2023-01-14 00:56:57.256 [info] > git for-each-ref --format=%(refname)%00%(upstream:short)%00%(objectname)%00%(upstream:track)%00%(upstream:remotename)%00%(upstream:remoteref) refs/heads/master refs/remotes/master [1ms]
2023-01-14 00:56:57.266 [info] > git for-each-ref --sort -committerdate --format %(refname) %(objectname) %(*objectname) [1ms]
2023-01-14 00:56:57.270 [info] > git status -z -uall [7ms]
2023-01-14 00:57:02.280 [info] > git config --get commit.template [0ms]
2023-01-14 00:57:02.283 [info] > git for-each-ref --format=%(refname)%00%(upstream:short)%00%(objectname)%00%(upstream:track)%00%(upstream:remotename)%00%(upstream:remoteref) refs/heads/master refs/remotes/master [1ms]
2023-01-14 00:57:02.290 [info] > git for-each-ref --sort -committerdate --format %(refname) %(objectname) %(*objectname) [0ms]
2023-01-14 00:57:02.297 [info] > git status -z -uall [11ms]
2023-01-14 02:21:32.085 [info] > git config --get commit.template [13ms]
2023-01-14 02:21:32.085 [info] > git for-each-ref --format=%(refname)%00%(upstream:short)%00%(objectname)%00%(upstream:track)%00%(upstream:remotename)%00%(upstream:remoteref) refs/heads/master refs/remotes/master [1ms]
2023-01-14 02:21:32.111 [info] > git status -z -uall [13ms]
2023-01-14 02:21:32.113 [info] > git for-each-ref --sort -committerdate --format %(refname) %(objectname) %(*objectname) [2ms]
2023-01-14 02:21:35.892 [info] > git show --textconv :pintos/src/threads/thread.c [4ms]
2023-01-14 02:21:35.894 [info] > git ls-files --stage -- /home/ubuntu/pintos/src/threads/thread.c [2ms]
2023-01-14 02:21:35.898 [info] > git cat-file -s 7961b2fd64ed24610093c3226e04558d6b32d43b [1ms]
2023-01-14 02:21:37.120 [info] > git config --get commit.template [1ms]
2023-01-14 02:21:37.124 [info] > git for-each-ref --format=%(refname)%00%(upstream:short)%00%(objectname)%00%(upstream:track)%00%(upstream:remotename)%00%(upstream:remoteref) refs/heads/master refs/remotes/master [1ms]
2023-01-14 02:21:37.136 [info] > git status -z -uall [9ms]
2023-01-14 02:21:37.136 [info] > git for-each-ref --sort -committerdate --format %(refname) %(objectname) %(*objectname) [1ms]
2023-01-14 02:21:40.475 [info] > git ls-files --stage -- /home/ubuntu/pintos/src/threads/thread.h [1ms]
2023-01-14 02:21:40.478 [info] > git show --textconv :pintos/src/threads/thread.h [8ms]
2023-01-14 02:21:40.479 [info] > git cat-file -s 8cc34973bc37b3ce490e4b42b9744293b61534c0 [2ms]
2023-01-14 02:21:42.147 [info] > git config --get commit.template [3ms]
2023-01-14 02:21:42.147 [info] > git for-each-ref --format=%(refname)%00%(upstream:short)%00%(objectname)%00%(upstream:track)%00%(upstream:remotename)%00%(upstream:remoteref) refs/heads/master refs/remotes/master [0ms]
2023-01-14 02:21:42.153 [info] > git for-each-ref --sort -committerdate --format %(refname) %(objectname) %(*objectname) [1ms]
2023-01-14 02:21:42.159 [info] > git status -z -uall [9ms]
2023-01-14 02:21:47.169 [info] > git config --get commit.template [4ms]
2023-01-14 02:21:47.169 [info] > git for-each-ref --format=%(refname)%00%(upstream:short)%00%(objectname)%00%(upstream:track)%00%(upstream:remotename)%00%(upstream:remoteref) refs/heads/master refs/remotes/master [0ms]
2023-01-14 02:21:47.175 [info] > git for-each-ref --sort -committerdate --format %(refname) %(objectname) %(*objectname) [1ms]
2023-01-14 02:21:47.181 [info] > git status -z -uall [9ms]
2023-01-14 02:21:52.191 [info] > git config --get commit.template [1ms]
2023-01-14 02:21:52.194 [info] > git for-each-ref --format=%(refname)%00%(upstream:short)%00%(objectname)%00%(upstream:track)%00%(upstream:remotename)%00%(upstream:remoteref) refs/heads/master refs/remotes/master [1ms]
2023-01-14 02:21:52.202 [info] > git for-each-ref --sort -committerdate --format %(refname) %(objectname) %(*objectname) [0ms]
2023-01-14 02:21:52.206 [info] > git status -z -uall [9ms]
2023-01-14 02:21:57.215 [info] > git config --get commit.template [0ms]
2023-01-14 02:21:57.218 [info] > git for-each-ref --format=%(refname)%00%(upstream:short)%00%(objectname)%00%(upstream:track)%00%(upstream:remotename)%00%(upstream:remoteref) refs/heads/master refs/remotes/master [1ms]
2023-01-14 02:21:57.225 [info] > git for-each-ref --sort -committerdate --format %(refname) %(objectname) %(*objectname) [1ms]
2023-01-14 02:21:57.230 [info] > git status -z -uall [9ms]
2023-01-14 02:22:02.239 [info] > git config --get commit.template [1ms]
2023-01-14 02:22:02.243 [info] > git for-each-ref --format=%(refname)%00%(upstream:short)%00%(objectname)%00%(upstream:track)%00%(upstream:remotename)%00%(upstream:remoteref) refs/heads/master refs/remotes/master [1ms]
2023-01-14 02:22:02.250 [info] > git for-each-ref --sort -committerdate --format %(refname) %(objectname) %(*objectname) [0ms]
2023-01-14 02:22:02.256 [info] > git status -z -uall [10ms]
2023-01-14 02:22:07.263 [info] > git config --get commit.template [0ms]
2023-01-14 02:22:07.266 [info] > git for-each-ref --format=%(refname)%00%(upstream:short)%00%(objectname)%00%(upstream:track)%00%(upstream:remotename)%00%(upstream:remoteref) refs/heads/master refs/remotes/master [1ms]
2023-01-14 02:22:07.273 [info] > git for-each-ref --sort -committerdate --format %(refname) %(objectname) %(*objectname) [1ms]
2023-01-14 02:22:07.278 [info] > git status -z -uall [9ms]
2023-01-14 02:22:12.289 [info] > git config --get commit.template [4ms]
2023-01-14 02:22:12.289 [info] > git for-each-ref --format=%(refname)%00%(upstream:short)%00%(objectname)%00%(upstream:track)%00%(upstream:remotename)%00%(upstream:remoteref) refs/heads/master refs/remotes/master [1ms]
2023-01-14 02:22:12.295 [info] > git for-each-ref --sort -committerdate --format %(refname) %(objectname) %(*objectname) [1ms]
2023-01-14 02:22:12.301 [info] > git status -z -uall [9ms]
2023-01-14 02:22:17.311 [info] > git config --get commit.template [4ms]
2023-01-14 02:22:17.311 [info] > git for-each-ref --format=%(refname)%00%(upstream:short)%00%(objectname)%00%(upstream:track)%00%(upstream:remotename)%00%(upstream:remoteref) refs/heads/master refs/remotes/master [1ms]
2023-01-14 02:22:17.322 [info] > git for-each-ref --sort -committerdate --format %(refname) %(objectname) %(*objectname) [1ms]
2023-01-14 02:22:17.324 [info] > git status -z -uall [11ms]
2023-01-14 02:22:47.813 [info] > git config --get commit.template [3ms]
2023-01-14 02:22:47.813 [info] > git for-each-ref --format=%(refname)%00%(upstream:short)%00%(objectname)%00%(upstream:track)%00%(upstream:remotename)%00%(upstream:remoteref) refs/heads/master refs/remotes/master [1ms]
2023-01-14 02:22:47.821 [info] > git for-each-ref --sort -committerdate --format %(refname) %(objectname) %(*objectname) [1ms]
2023-01-14 02:22:47.826 [info] > git status -z -uall [10ms]
2023-01-14 02:26:58.676 [info] > git config --get commit.template [4ms]
2023-01-14 02:26:58.677 [info] > git for-each-ref --format=%(refname)%00%(upstream:short)%00%(objectname)%00%(upstream:track)%00%(upstream:remotename)%00%(upstream:remoteref) refs/heads/master refs/remotes/master [1ms]
2023-01-14 02:26:58.685 [info] > git for-each-ref --sort -committerdate --format %(refname) %(objectname) %(*objectname) [1ms]
2023-01-14 02:26:58.691 [info] > git status -z -uall [11ms]
2023-01-14 02:27:03.700 [info] > git config --get commit.template [4ms]
2023-01-14 02:27:03.700 [info] > git for-each-ref --format=%(refname)%00%(upstream:short)%00%(objectname)%00%(upstream:track)%00%(upstream:remotename)%00%(upstream:remoteref) refs/heads/master refs/remotes/master [0ms]
2023-01-14 02:27:03.708 [info] > git for-each-ref --sort -committerdate --format %(refname) %(objectname) %(*objectname) [2ms]
2023-01-14 02:27:03.713 [info] > git status -z -uall [10ms]
2023-01-14 02:27:08.721 [info] > git config --get commit.template [3ms]
2023-01-14 02:27:08.722 [info] > git for-each-ref --format=%(refname)%00%(upstream:short)%00%(objectname)%00%(upstream:track)%00%(upstream:remotename)%00%(upstream:remoteref) refs/heads/master refs/remotes/master [1ms]
2023-01-14 02:27:08.729 [info] > git for-each-ref --sort -committerdate --format %(refname) %(objectname) %(*objectname) [1ms]
2023-01-14 02:27:08.734 [info] > git status -z -uall [10ms]
2023-01-14 02:27:13.740 [info] > git config --get commit.template [1ms]
2023-01-14 02:27:13.743 [info] > git for-each-ref --format=%(refname)%00%(upstream:short)%00%(objectname)%00%(upstream:track)%00%(upstream:remotename)%00%(upstream:remoteref) refs/heads/master refs/remotes/master [0ms]
2023-01-14 02:27:13.749 [info] > git for-each-ref --sort -committerdate --format %(refname) %(objectname) %(*objectname) [1ms]
2023-01-14 02:27:13.755 [info] > git status -z -uall [9ms]
2023-01-14 02:27:18.765 [info] > git config --get commit.template [3ms]
2023-01-14 02:27:18.765 [info] > git for-each-ref --format=%(refname)%00%(upstream:short)%00%(objectname)%00%(upstream:track)%00%(upstream:remotename)%00%(upstream:remoteref) refs/heads/master refs/remotes/master [1ms]
2023-01-14 02:27:18.771 [info] > git for-each-ref --sort -committerdate --format %(refname) %(objectname) %(*objectname) [1ms]
2023-01-14 02:27:18.777 [info] > git status -z -uall [9ms]
2023-01-14 02:27:28.426 [info] > git config --get commit.template [4ms]
2023-01-14 02:27:28.426 [info] > git for-each-ref --format=%(refname)%00%(upstream:short)%00%(objectname)%00%(upstream:track)%00%(upstream:remotename)%00%(upstream:remoteref) refs/heads/master refs/remotes/master [1ms]
2023-01-14 02:27:28.435 [info] > git for-each-ref --sort -committerdate --format %(refname) %(objectname) %(*objectname) [1ms]
2023-01-14 02:27:28.439 [info] > git status -z -uall [10ms]
2023-01-14 02:28:56.811 [info] > git config --get commit.template [1ms]
2023-01-14 02:28:56.815 [info] > git for-each-ref --format=%(refname)%00%(upstream:short)%00%(objectname)%00%(upstream:track)%00%(upstream:remotename)%00%(upstream:remoteref) refs/heads/master refs/remotes/master [1ms]
2023-01-14 02:28:56.823 [info] > git for-each-ref --sort -committerdate --format %(refname) %(objectname) %(*objectname) [1ms]
2023-01-14 02:28:56.830 [info] > git status -z -uall [11ms]
2023-01-14 02:29:01.838 [info] > git config --get commit.template [1ms]
2023-01-14 02:29:01.842 [info] > git for-each-ref --format=%(refname)%00%(upstream:short)%00%(objectname)%00%(upstream:track)%00%(upstream:remotename)%00%(upstream:remoteref) refs/heads/master refs/remotes/master [1ms]
2023-01-14 02:29:01.848 [info] > git for-each-ref --sort -committerdate --format %(refname) %(objectname) %(*objectname) [1ms]
2023-01-14 02:29:01.856 [info] > git status -z -uall [12ms]
2023-01-14 02:29:06.865 [info] > git config --get commit.template [3ms]
2023-01-14 02:29:06.866 [info] > git for-each-ref --format=%(refname)%00%(upstream:short)%00%(objectname)%00%(upstream:track)%00%(upstream:remotename)%00%(upstream:remoteref) refs/heads/master refs/remotes/master [0ms]
2023-01-14 02:29:06.871 [info] > git for-each-ref --sort -committerdate --format %(refname) %(objectname) %(*objectname) [1ms]
2023-01-14 02:29:06.877 [info] > git status -z -uall [9ms]
2023-01-14 02:29:11.887 [info] > git config --get commit.template [3ms]
2023-01-14 02:29:11.887 [info] > git for-each-ref --format=%(refname)%00%(upstream:short)%00%(objectname)%00%(upstream:track)%00%(upstream:remotename)%00%(upstream:remoteref) refs/heads/master refs/remotes/master [1ms]
2023-01-14 02:29:11.893 [info] > git for-each-ref --sort -committerdate --format %(refname) %(objectname) %(*objectname) [1ms]
2023-01-14 02:29:11.899 [info] > git status -z -uall [9ms]
2023-01-14 02:29:16.906 [info] > git config --get commit.template [1ms]
2023-01-14 02:29:16.910 [info] > git for-each-ref --format=%(refname)%00%(upstream:short)%00%(objectname)%00%(upstream:track)%00%(upstream:remotename)%00%(upstream:remoteref) refs/heads/master refs/remotes/master [1ms]
2023-01-14 02:29:16.916 [info] > git for-each-ref --sort -committerdate --format %(refname) %(objectname) %(*objectname) [0ms]
2023-01-14 02:29:16.921 [info] > git status -z -uall [9ms]
2023-01-14 02:29:21.928 [info] > git config --get commit.template [0ms]
2023-01-14 02:29:21.931 [info] > git for-each-ref --format=%(refname)%00%(upstream:short)%00%(objectname)%00%(upstream:track)%00%(upstream:remotename)%00%(upstream:remoteref) refs/heads/master refs/remotes/master [0ms]
2023-01-14 02:29:21.937 [info] > git for-each-ref --sort -committerdate --format %(refname) %(objectname) %(*objectname) [1ms]
2023-01-14 02:29:21.943 [info] > git status -z -uall [9ms]
2023-01-14 02:29:26.952 [info] > git config --get commit.template [4ms]
2023-01-14 02:29:26.953 [info] > git for-each-ref --format=%(refname)%00%(upstream:short)%00%(objectname)%00%(upstream:track)%00%(upstream:remotename)%00%(upstream:remoteref) refs/heads/master refs/remotes/master [1ms]
2023-01-14 02:29:26.959 [info] > git for-each-ref --sort -committerdate --format %(refname) %(objectname) %(*objectname) [0ms]
2023-01-14 02:29:26.964 [info] > git status -z -uall [9ms]
2023-01-14 02:29:31.972 [info] > git config --get commit.template [1ms]
2023-01-14 02:29:31.975 [info] > git for-each-ref --format=%(refname)%00%(upstream:short)%00%(objectname)%00%(upstream:track)%00%(upstream:remotename)%00%(upstream:remoteref) refs/heads/master refs/remotes/master [1ms]
2023-01-14 02:29:31.981 [info] > git for-each-ref --sort -committerdate --format %(refname) %(objectname) %(*objectname) [1ms]
2023-01-14 02:29:31.988 [info] > git status -z -uall [10ms]
2023-01-14 02:29:36.995 [info] > git config --get commit.template [1ms]
2023-01-14 02:29:37.000 [info] > git for-each-ref --format=%(refname)%00%(upstream:short)%00%(objectname)%00%(upstream:track)%00%(upstream:remotename)%00%(upstream:remoteref) refs/heads/master refs/remotes/master [1ms]
2023-01-14 02:29:37.012 [info] > git for-each-ref --sort -committerdate --format %(refname) %(objectname) %(*objectname) [6ms]
2023-01-14 02:29:37.013 [info] > git status -z -uall [10ms]
2023-01-14 02:29:42.024 [info] > git config --get commit.template [3ms]
2023-01-14 02:29:42.024 [info] > git for-each-ref --format=%(refname)%00%(upstream:short)%00%(objectname)%00%(upstream:track)%00%(upstream:remotename)%00%(upstream:remoteref) refs/heads/master refs/remotes/master [1ms]
2023-01-14 02:29:42.030 [info] > git for-each-ref --sort -committerdate --format %(refname) %(objectname) %(*objectname) [1ms]
2023-01-14 02:29:42.036 [info] > git status -z -uall [9ms]
2023-01-14 02:29:47.045 [info] > git config --get commit.template [4ms]
2023-01-14 02:29:47.046 [info] > git for-each-ref --format=%(refname)%00%(upstream:short)%00%(objectname)%00%(upstream:track)%00%(upstream:remotename)%00%(upstream:remoteref) refs/heads/master refs/remotes/master [0ms]
2023-01-14 02:29:47.053 [info] > git for-each-ref --sort -committerdate --format %(refname) %(objectname) %(*objectname) [1ms]
2023-01-14 02:29:47.060 [info] > git status -z -uall [12ms]
2023-01-14 02:29:52.069 [info] > git config --get commit.template [3ms]
2023-01-14 02:29:52.069 [info] > git for-each-ref --format=%(refname)%00%(upstream:short)%00%(objectname)%00%(upstream:track)%00%(upstream:remotename)%00%(upstream:remoteref) refs/heads/master refs/remotes/master [0ms]
2023-01-14 02:29:52.076 [info] > git for-each-ref --sort -committerdate --format %(refname) %(objectname) %(*objectname) [1ms]
2023-01-14 02:29:52.082 [info] > git status -z -uall [9ms]
2023-01-14 02:29:57.092 [info] > git config --get commit.template [4ms]
2023-01-14 02:29:57.092 [info] > git for-each-ref --format=%(refname)%00%(upstream:short)%00%(objectname)%00%(upstream:track)%00%(upstream:remotename)%00%(upstream:remoteref) refs/heads/master refs/remotes/master [1ms]
2023-01-14 02:29:57.099 [info] > git for-each-ref --sort -committerdate --format %(refname) %(objectname) %(*objectname) [1ms]
2023-01-14 02:29:57.105 [info] > git status -z -uall [11ms]
2023-01-14 02:30:02.114 [info] > git config --get commit.template [3ms]
2023-01-14 02:30:02.115 [info] > git for-each-ref --format=%(refname)%00%(upstream:short)%00%(objectname)%00%(upstream:track)%00%(upstream:remotename)%00%(upstream:remoteref) refs/heads/master refs/remotes/master [1ms]
2023-01-14 02:30:02.121 [info] > git for-each-ref --sort -committerdate --format %(refname) %(objectname) %(*objectname) [1ms]
2023-01-14 02:30:02.127 [info] > git status -z -uall [10ms]
2023-01-14 02:30:07.134 [info] > git config --get commit.template [0ms]
2023-01-14 02:30:07.137 [info] > git for-each-ref --format=%(refname)%00%(upstream:short)%00%(objectname)%00%(upstream:track)%00%(upstream:remotename)%00%(upstream:remoteref) refs/heads/master refs/remotes/master [1ms]
2023-01-14 02:30:07.145 [info] > git for-each-ref --sort -committerdate --format %(refname) %(objectname) %(*objectname) [1ms]
2023-01-14 02:30:07.149 [info] > git status -z -uall [9ms]
2023-01-14 02:30:12.160 [info] > git config --get commit.template [3ms]
2023-01-14 02:30:12.160 [info] > git for-each-ref --format=%(refname)%00%(upstream:short)%00%(objectname)%00%(upstream:track)%00%(upstream:remotename)%00%(upstream:remoteref) refs/heads/master refs/remotes/master [1ms]
2023-01-14 02:30:12.167 [info] > git for-each-ref --sort -committerdate --format %(refname) %(objectname) %(*objectname) [1ms]
2023-01-14 02:30:12.173 [info] > git status -z -uall [10ms]
2023-01-14 02:30:17.181 [info] > git config --get commit.template [3ms]
2023-01-14 02:30:17.182 [info] > git for-each-ref --format=%(refname)%00%(upstream:short)%00%(objectname)%00%(upstream:track)%00%(upstream:remotename)%00%(upstream:remoteref) refs/heads/master refs/remotes/master [1ms]
2023-01-14 02:30:17.190 [info] > git for-each-ref --sort -committerdate --format %(refname) %(objectname) %(*objectname) [1ms]
2023-01-14 02:30:17.196 [info] > git status -z -uall [9ms]
2023-01-14 02:30:22.202 [info] > git config --get commit.template [1ms]
2023-01-14 02:30:22.205 [info] > git for-each-ref --format=%(refname)%00%(upstream:short)%00%(objectname)%00%(upstream:track)%00%(upstream:remotename)%00%(upstream:remoteref) refs/heads/master refs/remotes/master [1ms]
2023-01-14 02:30:22.211 [info] > git for-each-ref --sort -committerdate --format %(refname) %(objectname) %(*objectname) [1ms]
2023-01-14 02:30:22.218 [info] > git status -z -uall [10ms]
2023-01-14 02:31:21.963 [info] > git config --get commit.template [5ms]
2023-01-14 02:31:21.963 [info] > git for-each-ref --format=%(refname)%00%(upstream:short)%00%(objectname)%00%(upstream:track)%00%(upstream:remotename)%00%(upstream:remoteref) refs/heads/master refs/remotes/master [1ms]
2023-01-14 02:31:21.970 [info] > git for-each-ref --sort -committerdate --format %(refname) %(objectname) %(*objectname) [1ms]
2023-01-14 02:31:21.977 [info] > git status -z -uall [11ms]
2023-01-14 02:32:51.787 [info] > git config --get commit.template [4ms]
2023-01-14 02:32:51.788 [info] > git for-each-ref --format=%(refname)%00%(upstream:short)%00%(objectname)%00%(upstream:track)%00%(upstream:remotename)%00%(upstream:remoteref) refs/heads/master refs/remotes/master [0ms]
2023-01-14 02:32:51.798 [info] > git for-each-ref --sort -committerdate --format %(refname) %(objectname) %(*objectname) [1ms]
2023-01-14 02:32:51.802 [info] > git status -z -uall [11ms]
2023-01-14 02:32:56.811 [info] > git config --get commit.template [4ms]
2023-01-14 02:32:56.812 [info] > git for-each-ref --format=%(refname)%00%(upstream:short)%00%(objectname)%00%(upstream:track)%00%(upstream:remotename)%00%(upstream:remoteref) refs/heads/master refs/remotes/master [1ms]
2023-01-14 02:32:56.817 [info] > git for-each-ref --sort -committerdate --format %(refname) %(objectname) %(*objectname) [1ms]
2023-01-14 02:32:56.823 [info] > git status -z -uall [9ms]
2023-01-14 02:33:01.833 [info] > git config --get commit.template [4ms]
2023-01-14 02:33:01.833 [info] > git for-each-ref --format=%(refname)%00%(upstream:short)%00%(objectname)%00%(upstream:track)%00%(upstream:remotename)%00%(upstream:remoteref) refs/heads/master refs/remotes/master [1ms]
2023-01-14 02:33:01.839 [info] > git for-each-ref --sort -committerdate --format %(refname) %(objectname) %(*objectname) [0ms]
2023-01-14 02:33:01.844 [info] > git status -z -uall [9ms]
2023-01-14 02:33:06.854 [info] > git config --get commit.template [3ms]
2023-01-14 02:33:06.854 [info] > git for-each-ref --format=%(refname)%00%(upstream:short)%00%(objectname)%00%(upstream:track)%00%(upstream:remotename)%00%(upstream:remoteref) refs/heads/master refs/remotes/master [1ms]
2023-01-14 02:33:06.861 [info] > git for-each-ref --sort -committerdate --format %(refname) %(objectname) %(*objectname) [1ms]
2023-01-14 02:33:06.867 [info] > git status -z -uall [9ms]
2023-01-14 02:33:11.879 [info] > git config --get commit.template [4ms]
2023-01-14 02:33:11.879 [info] > git for-each-ref --format=%(refname)%00%(upstream:short)%00%(objectname)%00%(upstream:track)%00%(upstream:remotename)%00%(upstream:remoteref) refs/heads/master refs/remotes/master [1ms]
2023-01-14 02:33:11.885 [info] > git for-each-ref --sort -committerdate --format %(refname) %(objectname) %(*objectname) [0ms]
2023-01-14 02:33:11.890 [info] > git status -z -uall [9ms]
2023-01-14 02:33:16.900 [info] > git config --get commit.template [4ms]
2023-01-14 02:33:16.901 [info] > git for-each-ref --format=%(refname)%00%(upstream:short)%00%(objectname)%00%(upstream:track)%00%(upstream:remotename)%00%(upstream:remoteref) refs/heads/master refs/remotes/master [1ms]
2023-01-14 02:33:16.908 [info] > git for-each-ref --sort -committerdate --format %(refname) %(objectname) %(*objectname) [1ms]
2023-01-14 02:33:16.912 [info] > git status -z -uall [9ms]
2023-01-14 02:34:18.327 [info] > git for-each-ref --format=%(refname)%00%(upstream:short)%00%(objectname)%00%(upstream:track)%00%(upstream:remotename)%00%(upstream:remoteref) refs/heads/master refs/remotes/master [2ms]
2023-01-14 02:34:18.327 [info] > git config --get commit.template [6ms]
2023-01-14 02:34:18.335 [info] > git for-each-ref --sort -committerdate --format %(refname) %(objectname) %(*objectname) [1ms]
2023-01-14 02:34:18.340 [info] > git status -z -uall [10ms]
2023-01-14 02:34:23.349 [info] > git config --get commit.template [3ms]
2023-01-14 02:34:23.349 [info] > git for-each-ref --format=%(refname)%00%(upstream:short)%00%(objectname)%00%(upstream:track)%00%(upstream:remotename)%00%(upstream:remoteref) refs/heads/master refs/remotes/master [1ms]
2023-01-14 02:34:23.355 [info] > git for-each-ref --sort -committerdate --format %(refname) %(objectname) %(*objectname) [1ms]
2023-01-14 02:34:23.361 [info] > git status -z -uall [9ms]
2023-01-14 02:34:28.367 [info] > git config --get commit.template [1ms]
2023-01-14 02:34:28.371 [info] > git for-each-ref --format=%(refname)%00%(upstream:short)%00%(objectname)%00%(upstream:track)%00%(upstream:remotename)%00%(upstream:remoteref) refs/heads/master refs/remotes/master [1ms]
2023-01-14 02:34:28.378 [info] > git for-each-ref --sort -committerdate --format %(refname) %(objectname) %(*objectname) [1ms]
2023-01-14 02:34:28.384 [info] > git status -z -uall [11ms]
2023-01-14 02:34:33.395 [info] > git config --get commit.template [4ms]
2023-01-14 02:34:33.395 [info] > git for-each-ref --format=%(refname)%00%(upstream:short)%00%(objectname)%00%(upstream:track)%00%(upstream:remotename)%00%(upstream:remoteref) refs/heads/master refs/remotes/master [1ms]
2023-01-14 02:34:33.402 [info] > git for-each-ref --sort -committerdate --format %(refname) %(objectname) %(*objectname) [1ms]
2023-01-14 02:34:33.408 [info] > git status -z -uall [10ms]
2023-01-14 02:34:38.417 [info] > git config --get commit.template [3ms]
2023-01-14 02:34:38.417 [info] > git for-each-ref --format=%(refname)%00%(upstream:short)%00%(objectname)%00%(upstream:track)%00%(upstream:remotename)%00%(upstream:remoteref) refs/heads/master refs/remotes/master [1ms]
2023-01-14 02:34:38.424 [info] > git for-each-ref --sort -committerdate --format %(refname) %(objectname) %(*objectname) [1ms]
2023-01-14 02:34:38.430 [info] > git status -z -uall [10ms]
2023-01-14 02:34:43.439 [info] > git config --get commit.template [4ms]
2023-01-14 02:34:43.439 [info] > git for-each-ref --format=%(refname)%00%(upstream:short)%00%(objectname)%00%(upstream:track)%00%(upstream:remotename)%00%(upstream:remoteref) refs/heads/master refs/remotes/master [1ms]
2023-01-14 02:34:43.447 [info] > git for-each-ref --sort -committerdate --format %(refname) %(objectname) %(*objectname) [1ms]
2023-01-14 02:34:43.453 [info] > git status -z -uall [10ms]
2023-01-14 02:34:48.464 [info] > git config --get commit.template [4ms]
2023-01-14 02:34:48.464 [info] > git for-each-ref --format=%(refname)%00%(upstream:short)%00%(objectname)%00%(upstream:track)%00%(upstream:remotename)%00%(upstream:remoteref) refs/heads/master refs/remotes/master [1ms]
2023-01-14 02:34:48.470 [info] > git for-each-ref --sort -committerdate --format %(refname) %(objectname) %(*objectname) [0ms]
2023-01-14 02:34:48.477 [info] > git status -z -uall [10ms]
2023-01-14 02:34:53.483 [info] > git config --get commit.template [0ms]
2023-01-14 02:34:53.487 [info] > git for-each-ref --format=%(refname)%00%(upstream:short)%00%(objectname)%00%(upstream:track)%00%(upstream:remotename)%00%(upstream:remoteref) refs/heads/master refs/remotes/master [0ms]
2023-01-14 02:34:53.495 [info] > git for-each-ref --sort -committerdate --format %(refname) %(objectname) %(*objectname) [0ms]
2023-01-14 02:34:53.501 [info] > git status -z -uall [10ms]
2023-01-14 02:34:59.952 [info] > git config --get commit.template [1ms]
2023-01-14 02:34:59.955 [info] > git for-each-ref --format=%(refname)%00%(upstream:short)%00%(objectname)%00%(upstream:track)%00%(upstream:remotename)%00%(upstream:remoteref) refs/heads/master refs/remotes/master [0ms]
2023-01-14 02:34:59.962 [info] > git for-each-ref --sort -committerdate --format %(refname) %(objectname) %(*objectname) [1ms]
2023-01-14 02:34:59.968 [info] > git status -z -uall [10ms]
2023-01-14 02:37:54.721 [info] > git config --get commit.template [3ms]
2023-01-14 02:37:54.721 [info] > git for-each-ref --format=%(refname)%00%(upstream:short)%00%(objectname)%00%(upstream:track)%00%(upstream:remotename)%00%(upstream:remoteref) refs/heads/master refs/remotes/master [1ms]
2023-01-14 02:37:54.729 [info] > git for-each-ref --sort -committerdate --format %(refname) %(objectname) %(*objectname) [1ms]
2023-01-14 02:37:54.734 [info] > git status -z -uall [10ms]
2023-01-14 02:38:19.932 [info] > git config --get commit.template [4ms]
2023-01-14 02:38:19.932 [info] > git for-each-ref --format=%(refname)%00%(upstream:short)%00%(objectname)%00%(upstream:track)%00%(upstream:remotename)%00%(upstream:remoteref) refs/heads/master refs/remotes/master [1ms]
2023-01-14 02:38:19.940 [info] > git for-each-ref --sort -committerdate --format %(refname) %(objectname) %(*objectname) [1ms]
2023-01-14 02:38:19.948 [info] > git status -z -uall [12ms]
2023-01-14 02:38:24.958 [info] > git config --get commit.template [4ms]
2023-01-14 02:38:24.958 [info] > git for-each-ref --format=%(refname)%00%(upstream:short)%00%(objectname)%00%(upstream:track)%00%(upstream:remotename)%00%(upstream:remoteref) refs/heads/master refs/remotes/master [1ms]
2023-01-14 02:38:24.965 [info] > git for-each-ref --sort -committerdate --format %(refname) %(objectname) %(*objectname) [1ms]
2023-01-14 02:38:24.972 [info] > git status -z -uall [11ms]
2023-01-14 02:38:29.981 [info] > git config --get commit.template [3ms]
2023-01-14 02:38:29.982 [info] > git for-each-ref --format=%(refname)%00%(upstream:short)%00%(objectname)%00%(upstream:track)%00%(upstream:remotename)%00%(upstream:remoteref) refs/heads/master refs/remotes/master [1ms]
2023-01-14 02:38:29.987 [info] > git for-each-ref --sort -committerdate --format %(refname) %(objectname) %(*objectname) [1ms]
2023-01-14 02:38:29.993 [info] > git status -z -uall [9ms]
2023-01-14 02:38:32.698 [info] > git check-ignore -v -z --stdin [1ms]
2023-01-14 02:38:35.004 [info] > git config --get commit.template [4ms]
2023-01-14 02:38:35.004 [info] > git for-each-ref --format=%(refname)%00%(upstream:short)%00%(objectname)%00%(upstream:track)%00%(upstream:remotename)%00%(upstream:remoteref) refs/heads/master refs/remotes/master [1ms]
2023-01-14 02:38:35.012 [info] > git for-each-ref --sort -committerdate --format %(refname) %(objectname) %(*objectname) [2ms]
2023-01-14 02:38:35.017 [info] > git status -z -uall [9ms]
2023-01-14 02:46:45.791 [info] > git config --get commit.template [1ms]
2023-01-14 02:46:45.805 [info] > git for-each-ref --format=%(refname)%00%(upstream:short)%00%(objectname)%00%(upstream:track)%00%(upstream:remotename)%00%(upstream:remoteref) refs/heads/master refs/remotes/master [1ms]
2023-01-14 02:46:45.831 [info] > git status -z -uall [13ms]
2023-01-14 02:46:45.832 [info] > git for-each-ref --sort -committerdate --format %(refname) %(objectname) %(*objectname) [1ms]
2023-01-14 02:49:00.280 [info] > git config --get commit.template [4ms]
2023-01-14 02:49:00.280 [info] > git for-each-ref --format=%(refname)%00%(upstream:short)%00%(objectname)%00%(upstream:track)%00%(upstream:remotename)%00%(upstream:remoteref) refs/heads/master refs/remotes/master [0ms]
2023-01-14 02:49:00.295 [info] > git for-each-ref --sort -committerdate --format %(refname) %(objectname) %(*objectname) [0ms]
2023-01-14 02:49:00.298 [info] > git status -z -uall [14ms]
2023-01-14 02:49:05.307 [info] > git config --get commit.template [4ms]
2023-01-14 02:49:05.309 [info] > git for-each-ref --format=%(refname)%00%(upstream:short)%00%(objectname)%00%(upstream:track)%00%(upstream:remotename)%00%(upstream:remoteref) refs/heads/master refs/remotes/master [2ms]
2023-01-14 02:49:05.316 [info] > git for-each-ref --sort -committerdate --format %(refname) %(objectname) %(*objectname) [1ms]
2023-01-14 02:49:05.322 [info] > git status -z -uall [9ms]
2023-01-14 02:49:10.332 [info] > git config --get commit.template [4ms]
2023-01-14 02:49:10.332 [info] > git for-each-ref --format=%(refname)%00%(upstream:short)%00%(objectname)%00%(upstream:track)%00%(upstream:remotename)%00%(upstream:remoteref) refs/heads/master refs/remotes/master [1ms]
2023-01-14 02:49:10.339 [info] > git for-each-ref --sort -committerdate --format %(refname) %(objectname) %(*objectname) [1ms]
2023-01-14 02:49:10.345 [info] > git status -z -uall [10ms]
2023-01-14 02:49:15.356 [info] > git config --get commit.template [4ms]
2023-01-14 02:49:15.356 [info] > git for-each-ref --format=%(refname)%00%(upstream:short)%00%(objectname)%00%(upstream:track)%00%(upstream:remotename)%00%(upstream:remoteref) refs/heads/master refs/remotes/master [0ms]
2023-01-14 02:49:15.362 [info] > git for-each-ref --sort -committerdate --format %(refname) %(objectname) %(*objectname) [1ms]
2023-01-14 02:49:15.372 [info] > git status -z -uall [13ms]
2023-01-14 02:49:20.380 [info] > git config --get commit.template [0ms]
2023-01-14 02:49:20.383 [info] > git for-each-ref --format=%(refname)%00%(upstream:short)%00%(objectname)%00%(upstream:track)%00%(upstream:remotename)%00%(upstream:remoteref) refs/heads/master refs/remotes/master [1ms]
2023-01-14 02:49:20.389 [info] > git for-each-ref --sort -committerdate --format %(refname) %(objectname) %(*objectname) [0ms]
2023-01-14 02:49:20.395 [info] > git status -z -uall [9ms]
2023-01-14 02:49:25.406 [info] > git config --get commit.template [3ms]
2023-01-14 02:49:25.406 [info] > git for-each-ref --format=%(refname)%00%(upstream:short)%00%(objectname)%00%(upstream:track)%00%(upstream:remotename)%00%(upstream:remoteref) refs/heads/master refs/remotes/master [0ms]
2023-01-14 02:49:25.413 [info] > git for-each-ref --sort -committerdate --format %(refname) %(objectname) %(*objectname) [1ms]
2023-01-14 02:49:25.418 [info] > git status -z -uall [9ms]
2023-01-14 02:49:26.026 [info] > git show --textconv :pintos/src/threads/synch.h [4ms]
2023-01-14 02:49:26.027 [info] > git ls-files --stage -- /home/ubuntu/pintos/src/threads/synch.h [2ms]
2023-01-14 02:49:26.031 [info] > git cat-file -s 7039a78750936894e8efc3f924c59d4b4362c511 [1ms]
2023-01-14 02:49:30.428 [info] > git config --get commit.template [3ms]
2023-01-14 02:49:30.428 [info] > git for-each-ref --format=%(refname)%00%(upstream:short)%00%(objectname)%00%(upstream:track)%00%(upstream:remotename)%00%(upstream:remoteref) refs/heads/master refs/remotes/master [1ms]
2023-01-14 02:49:30.437 [info] > git for-each-ref --sort -committerdate --format %(refname) %(objectname) %(*objectname) [1ms]
2023-01-14 02:49:30.441 [info] > git status -z -uall [10ms]
2023-01-14 02:49:35.453 [info] > git config --get commit.template [3ms]
2023-01-14 02:49:35.453 [info] > git for-each-ref --format=%(refname)%00%(upstream:short)%00%(objectname)%00%(upstream:track)%00%(upstream:remotename)%00%(upstream:remoteref) refs/heads/master refs/remotes/master [1ms]
2023-01-14 02:49:35.460 [info] > git for-each-ref --sort -committerdate --format %(refname) %(objectname) %(*objectname) [1ms]
2023-01-14 02:49:35.465 [info] > git status -z -uall [9ms]
2023-01-14 02:49:40.472 [info] > git config --get commit.template [1ms]
2023-01-14 02:49:40.476 [info] > git for-each-ref --format=%(refname)%00%(upstream:short)%00%(objectname)%00%(upstream:track)%00%(upstream:remotename)%00%(upstream:remoteref) refs/heads/master refs/remotes/master [1ms]
2023-01-14 02:49:40.482 [info] > git for-each-ref --sort -committerdate --format %(refname) %(objectname) %(*objectname) [1ms]
2023-01-14 02:49:40.488 [info] > git status -z -uall [10ms]
2023-01-14 02:49:45.495 [info] > git config --get commit.template [0ms]
2023-01-14 02:49:45.499 [info] > git for-each-ref --format=%(refname)%00%(upstream:short)%00%(objectname)%00%(upstream:track)%00%(upstream:remotename)%00%(upstream:remoteref) refs/heads/master refs/remotes/master [1ms]
2023-01-14 02:49:45.506 [info] > git for-each-ref --sort -committerdate --format %(refname) %(objectname) %(*objectname) [0ms]
2023-01-14 02:49:45.512 [info] > git status -z -uall [10ms]
2023-01-14 02:49:50.520 [info] > git config --get commit.template [1ms]
2023-01-14 02:49:50.523 [info] > git for-each-ref --format=%(refname)%00%(upstream:short)%00%(objectname)%00%(upstream:track)%00%(upstream:remotename)%00%(upstream:remoteref) refs/heads/master refs/remotes/master [1ms]
2023-01-14 02:49:50.529 [info] > git for-each-ref --sort -committerdate --format %(refname) %(objectname) %(*objectname) [0ms]
2023-01-14 02:49:50.536 [info] > git status -z -uall [10ms]
2023-01-14 02:49:55.546 [info] > git config --get commit.template [3ms]
2023-01-14 02:49:55.546 [info] > git for-each-ref --format=%(refname)%00%(upstream:short)%00%(objectname)%00%(upstream:track)%00%(upstream:remotename)%00%(upstream:remoteref) refs/heads/master refs/remotes/master [0ms]
2023-01-14 02:49:55.553 [info] > git for-each-ref --sort -committerdate --format %(refname) %(objectname) %(*objectname) [0ms]
2023-01-14 02:49:55.559 [info] > git status -z -uall [10ms]
2023-01-14 02:50:00.568 [info] > git config --get commit.template [3ms]
2023-01-14 02:50:00.569 [info] > git for-each-ref --format=%(refname)%00%(upstream:short)%00%(objectname)%00%(upstream:track)%00%(upstream:remotename)%00%(upstream:remoteref) refs/heads/master refs/remotes/master [1ms]
2023-01-14 02:50:00.575 [info] > git for-each-ref --sort -committerdate --format %(refname) %(objectname) %(*objectname) [1ms]
2023-01-14 02:50:00.582 [info] > git status -z -uall [11ms]
2023-01-14 02:50:05.592 [info] > git config --get commit.template [3ms]
2023-01-14 02:50:05.592 [info] > git for-each-ref --format=%(refname)%00%(upstream:short)%00%(objectname)%00%(upstream:track)%00%(upstream:remotename)%00%(upstream:remoteref) refs/heads/master refs/remotes/master [1ms]
2023-01-14 02:50:05.598 [info] > git for-each-ref --sort -committerdate --format %(refname) %(objectname) %(*objectname) [1ms]
2023-01-14 02:50:05.604 [info] > git status -z -uall [10ms]
2023-01-14 02:50:10.613 [info] > git config --get commit.template [3ms]
2023-01-14 02:50:10.614 [info] > git for-each-ref --format=%(refname)%00%(upstream:short)%00%(objectname)%00%(upstream:track)%00%(upstream:remotename)%00%(upstream:remoteref) refs/heads/master refs/remotes/master [1ms]
2023-01-14 02:50:10.620 [info] > git for-each-ref --sort -committerdate --format %(refname) %(objectname) %(*objectname) [1ms]
2023-01-14 02:50:10.625 [info] > git status -z -uall [8ms]
2023-01-14 02:50:15.635 [info] > git config --get commit.template [3ms]
2023-01-14 02:50:15.635 [info] > git for-each-ref --format=%(refname)%00%(upstream:short)%00%(objectname)%00%(upstream:track)%00%(upstream:remotename)%00%(upstream:remoteref) refs/heads/master refs/remotes/master [1ms]
2023-01-14 02:50:15.641 [info] > git for-each-ref --sort -committerdate --format %(refname) %(objectname) %(*objectname) [1ms]
2023-01-14 02:50:15.647 [info] > git status -z -uall [9ms]
2023-01-14 02:50:20.655 [info] > git config --get commit.template [1ms]
2023-01-14 02:50:20.659 [info] > git for-each-ref --format=%(refname)%00%(upstream:short)%00%(objectname)%00%(upstream:track)%00%(upstream:remotename)%00%(upstream:remoteref) refs/heads/master refs/remotes/master [1ms]
2023-01-14 02:50:20.667 [info] > git for-each-ref --sort -committerdate --format %(refname) %(objectname) %(*objectname) [1ms]
2023-01-14 02:50:20.673 [info] > git status -z -uall [10ms]
2023-01-14 03:03:56.653 [info] > git config --get commit.template [1ms]
2023-01-14 03:03:56.657 [info] > git for-each-ref --format=%(refname)%00%(upstream:short)%00%(objectname)%00%(upstream:track)%00%(upstream:remotename)%00%(upstream:remoteref) refs/heads/master refs/remotes/master [1ms]
2023-01-14 03:03:56.665 [info] > git for-each-ref --sort -committerdate --format %(refname) %(objectname) %(*objectname) [1ms]
2023-01-14 03:03:56.673 [info] > git status -z -uall [12ms]
2023-01-14 03:04:01.683 [info] > git config --get commit.template [3ms]
2023-01-14 03:04:01.683 [info] > git for-each-ref --format=%(refname)%00%(upstream:short)%00%(objectname)%00%(upstream:track)%00%(upstream:remotename)%00%(upstream:remoteref) refs/heads/master refs/remotes/master [0ms]
2023-01-14 03:04:01.689 [info] > git for-each-ref --sort -committerdate --format %(refname) %(objectname) %(*objectname) [1ms]
2023-01-14 03:04:01.695 [info] > git status -z -uall [9ms]
2023-01-14 03:37:26.581 [info] > git config --get commit.template [1ms]
2023-01-14 03:37:26.596 [info] > git for-each-ref --format=%(refname)%00%(upstream:short)%00%(objectname)%00%(upstream:track)%00%(upstream:remotename)%00%(upstream:remoteref) refs/heads/master refs/remotes/master [1ms]
2023-01-14 03:37:26.624 [info] > git status -z -uall [15ms]
2023-01-14 03:37:26.625 [info] > git for-each-ref --sort -committerdate --format %(refname) %(objectname) %(*objectname) [1ms]
2023-01-14 03:37:31.637 [info] > git config --get commit.template [3ms]
2023-01-14 03:37:31.637 [info] > git for-each-ref --format=%(refname)%00%(upstream:short)%00%(objectname)%00%(upstream:track)%00%(upstream:remotename)%00%(upstream:remoteref) refs/heads/master refs/remotes/master [1ms]
2023-01-14 03:37:31.646 [info] > git for-each-ref --sort -committerdate --format %(refname) %(objectname) %(*objectname) [1ms]
2023-01-14 03:37:31.649 [info] > git status -z -uall [9ms]
2023-01-14 03:37:36.656 [info] > git config --get commit.template [1ms]
2023-01-14 03:37:36.660 [info] > git for-each-ref --format=%(refname)%00%(upstream:short)%00%(objectname)%00%(upstream:track)%00%(upstream:remotename)%00%(upstream:remoteref) refs/heads/master refs/remotes/master [1ms]
2023-01-14 03:37:36.668 [info] > git for-each-ref --sort -committerdate --format %(refname) %(objectname) %(*objectname) [1ms]
2023-01-14 03:37:36.673 [info] > git status -z -uall [10ms]
2023-01-14 03:37:41.683 [info] > git config --get commit.template [3ms]
2023-01-14 03:37:41.683 [info] > git for-each-ref --format=%(refname)%00%(upstream:short)%00%(objectname)%00%(upstream:track)%00%(upstream:remotename)%00%(upstream:remoteref) refs/heads/master refs/remotes/master [0ms]
2023-01-14 03:37:41.695 [info] > git for-each-ref --sort -committerdate --format %(refname) %(objectname) %(*objectname) [1ms]
2023-01-14 03:37:41.696 [info] > git status -z -uall [10ms]
2023-01-14 03:40:26.413 [info] > git config --get commit.template [1ms]
2023-01-14 03:40:26.417 [info] > git for-each-ref --format=%(refname)%00%(upstream:short)%00%(objectname)%00%(upstream:track)%00%(upstream:remotename)%00%(upstream:remoteref) refs/heads/master refs/remotes/master [1ms]
2023-01-14 03:40:26.424 [info] > git for-each-ref --sort -committerdate --format %(refname) %(objectname) %(*objectname) [1ms]
2023-01-14 03:40:26.430 [info] > git status -z -uall [10ms]
2023-01-14 03:40:31.441 [info] > git config --get commit.template [4ms]
2023-01-14 03:40:31.442 [info] > git for-each-ref --format=%(refname)%00%(upstream:short)%00%(objectname)%00%(upstream:track)%00%(upstream:remotename)%00%(upstream:remoteref) refs/heads/master refs/remotes/master [1ms]
2023-01-14 03:40:31.448 [info] > git for-each-ref --sort -committerdate --format %(refname) %(objectname) %(*objectname) [1ms]
2023-01-14 03:40:31.453 [info] > git status -z -uall [9ms]
2023-01-14 03:40:36.461 [info] > git config --get commit.template [1ms]
2023-01-14 03:40:36.465 [info] > git for-each-ref --format=%(refname)%00%(upstream:short)%00%(objectname)%00%(upstream:track)%00%(upstream:remotename)%00%(upstream:remoteref) refs/heads/master refs/remotes/master [1ms]
2023-01-14 03:40:36.473 [info] > git for-each-ref --sort -committerdate --format %(refname) %(objectname) %(*objectname) [1ms]
2023-01-14 03:40:36.480 [info] > git status -z -uall [12ms]
2023-01-14 03:40:53.867 [info] > git config --get commit.template [5ms]
2023-01-14 03:40:53.868 [info] > git for-each-ref --format=%(refname)%00%(upstream:short)%00%(objectname)%00%(upstream:track)%00%(upstream:remotename)%00%(upstream:remoteref) refs/heads/master refs/remotes/master [1ms]
2023-01-14 03:40:53.877 [info] > git for-each-ref --sort -committerdate --format %(refname) %(objectname) %(*objectname) [2ms]
2023-01-14 03:40:53.883 [info] > git status -z -uall [12ms]
2023-01-14 04:07:26.885 [info] > git config --get commit.template [5ms]
2023-01-14 04:07:26.885 [info] > git for-each-ref --format=%(refname)%00%(upstream:short)%00%(objectname)%00%(upstream:track)%00%(upstream:remotename)%00%(upstream:remoteref) refs/heads/master refs/remotes/master [1ms]
2023-01-14 04:07:26.895 [info] > git for-each-ref --sort -committerdate --format %(refname) %(objectname) %(*objectname) [1ms]
2023-01-14 04:07:26.903 [info] > git status -z -uall [12ms]
2023-01-14 04:27:37.515 [info] > git config --get commit.template [5ms]
2023-01-14 04:27:37.515 [info] > git for-each-ref --format=%(refname)%00%(upstream:short)%00%(objectname)%00%(upstream:track)%00%(upstream:remotename)%00%(upstream:remoteref) refs/heads/master refs/remotes/master [1ms]
2023-01-14 04:27:37.527 [info] > git for-each-ref --sort -committerdate --format %(refname) %(objectname) %(*objectname) [1ms]
2023-01-14 04:27:37.533 [info] > git status -z -uall [14ms]
2023-01-14 04:27:42.543 [info] > git config --get commit.template [3ms]
2023-01-14 04:27:42.543 [info] > git for-each-ref --format=%(refname)%00%(upstream:short)%00%(objectname)%00%(upstream:track)%00%(upstream:remotename)%00%(upstream:remoteref) refs/heads/master refs/remotes/master [1ms]
2023-01-14 04:27:42.549 [info] > git for-each-ref --sort -committerdate --format %(refname) %(objectname) %(*objectname) [0ms]
2023-01-14 04:27:42.555 [info] > git status -z -uall [9ms]
2023-01-14 04:27:47.565 [info] > git config --get commit.template [4ms]
2023-01-14 04:27:47.565 [info] > git for-each-ref --format=%(refname)%00%(upstream:short)%00%(objectname)%00%(upstream:track)%00%(upstream:remotename)%00%(upstream:remoteref) refs/heads/master refs/remotes/master [1ms]
2023-01-14 04:27:47.571 [info] > git for-each-ref --sort -committerdate --format %(refname) %(objectname) %(*objectname) [0ms]
2023-01-14 04:27:47.576 [info] > git status -z -uall [9ms]
2023-01-14 04:27:52.586 [info] > git config --get commit.template [4ms]
2023-01-14 04:27:52.587 [info] > git for-each-ref --format=%(refname)%00%(upstream:short)%00%(objectname)%00%(upstream:track)%00%(upstream:remotename)%00%(upstream:remoteref) refs/heads/master refs/remotes/master [0ms]
2023-01-14 04:27:52.594 [info] > git for-each-ref --sort -committerdate --format %(refname) %(objectname) %(*objectname) [0ms]
2023-01-14 04:27:52.599 [info] > git status -z -uall [10ms]
2023-01-14 04:27:57.610 [info] > git config --get commit.template [4ms]
2023-01-14 04:27:57.611 [info] > git for-each-ref --format=%(refname)%00%(upstream:short)%00%(objectname)%00%(upstream:track)%00%(upstream:remotename)%00%(upstream:remoteref) refs/heads/master refs/remotes/master [1ms]
2023-01-14 04:27:57.617 [info] > git for-each-ref --sort -committerdate --format %(refname) %(objectname) %(*objectname) [1ms]
2023-01-14 04:27:57.622 [info] > git status -z -uall [9ms]
2023-01-14 04:28:02.633 [info] > git config --get commit.template [4ms]
2023-01-14 04:28:02.633 [info] > git for-each-ref --format=%(refname)%00%(upstream:short)%00%(objectname)%00%(upstream:track)%00%(upstream:remotename)%00%(upstream:remoteref) refs/heads/master refs/remotes/master [1ms]
2023-01-14 04:28:02.640 [info] > git for-each-ref --sort -committerdate --format %(refname) %(objectname) %(*objectname) [1ms]
2023-01-14 04:28:02.645 [info] > git status -z -uall [9ms]
2023-01-14 04:28:07.655 [info] > git config --get commit.template [4ms]
2023-01-14 04:28:07.655 [info] > git for-each-ref --format=%(refname)%00%(upstream:short)%00%(objectname)%00%(upstream:track)%00%(upstream:remotename)%00%(upstream:remoteref) refs/heads/master refs/remotes/master [1ms]
2023-01-14 04:28:07.664 [info] > git for-each-ref --sort -committerdate --format %(refname) %(objectname) %(*objectname) [1ms]
2023-01-14 04:28:07.669 [info] > git status -z -uall [10ms]
2023-01-14 04:29:32.730 [info] > git config --get commit.template [4ms]
2023-01-14 04:29:32.731 [info] > git for-each-ref --format=%(refname)%00%(upstream:short)%00%(objectname)%00%(upstream:track)%00%(upstream:remotename)%00%(upstream:remoteref) refs/heads/master refs/remotes/master [0ms]
2023-01-14 04:29:32.739 [info] > git for-each-ref --sort -committerdate --format %(refname) %(objectname) %(*objectname) [1ms]
2023-01-14 04:29:32.748 [info] > git status -z -uall [14ms]
2023-01-14 04:29:57.514 [info] > git config --get commit.template [4ms]
2023-01-14 04:29:57.515 [info] > git for-each-ref --format=%(refname)%00%(upstream:short)%00%(objectname)%00%(upstream:track)%00%(upstream:remotename)%00%(upstream:remoteref) refs/heads/master refs/remotes/master [1ms]
2023-01-14 04:29:57.523 [info] > git for-each-ref --sort -committerdate --format %(refname) %(objectname) %(*objectname) [1ms]
2023-01-14 04:29:57.529 [info] > git status -z -uall [11ms]
2023-01-14 04:30:02.536 [info] > git config --get commit.template [0ms]
2023-01-14 04:30:02.541 [info] > git for-each-ref --format=%(refname)%00%(upstream:short)%00%(objectname)%00%(upstream:track)%00%(upstream:remotename)%00%(upstream:remoteref) refs/heads/master refs/remotes/master [2ms]
2023-01-14 04:30:02.547 [info] > git for-each-ref --sort -committerdate --format %(refname) %(objectname) %(*objectname) [0ms]
2023-01-14 04:30:02.552 [info] > git status -z -uall [9ms]
2023-01-14 04:30:07.562 [info] > git config --get commit.template [3ms]
2023-01-14 04:30:07.562 [info] > git for-each-ref --format=%(refname)%00%(upstream:short)%00%(objectname)%00%(upstream:track)%00%(upstream:remotename)%00%(upstream:remoteref) refs/heads/master refs/remotes/master [1ms]
2023-01-14 04:30:07.568 [info] > git for-each-ref --sort -committerdate --format %(refname) %(objectname) %(*objectname) [0ms]
2023-01-14 04:30:07.575 [info] > git status -z -uall [10ms]
2023-01-14 04:30:12.586 [info] > git config --get commit.template [3ms]
2023-01-14 04:30:12.586 [info] > git for-each-ref --format=%(refname)%00%(upstream:short)%00%(objectname)%00%(upstream:track)%00%(upstream:remotename)%00%(upstream:remoteref) refs/heads/master refs/remotes/master [1ms]
2023-01-14 04:30:12.592 [info] > git for-each-ref --sort -committerdate --format %(refname) %(objectname) %(*objectname) [1ms]
2023-01-14 04:30:12.599 [info] > git status -z -uall [10ms]
2023-01-14 04:30:17.604 [info] > git config --get commit.template [1ms]
2023-01-14 04:30:17.608 [info] > git for-each-ref --format=%(refname)%00%(upstream:short)%00%(objectname)%00%(upstream:track)%00%(upstream:remotename)%00%(upstream:remoteref) refs/heads/master refs/remotes/master [1ms]
2023-01-14 04:30:17.614 [info] > git for-each-ref --sort -committerdate --format %(refname) %(objectname) %(*objectname) [0ms]
2023-01-14 04:30:17.620 [info] > git status -z -uall [10ms]
2023-01-14 04:30:22.627 [info] > git config --get commit.template [1ms]
2023-01-14 04:30:22.631 [info] > git for-each-ref --format=%(refname)%00%(upstream:short)%00%(objectname)%00%(upstream:track)%00%(upstream:remotename)%00%(upstream:remoteref) refs/heads/master refs/remotes/master [0ms]
2023-01-14 04:30:22.636 [info] > git for-each-ref --sort -committerdate --format %(refname) %(objectname) %(*objectname) [0ms]
2023-01-14 04:30:22.643 [info] > git status -z -uall [10ms]
2023-01-14 04:30:27.650 [info] > git config --get commit.template [1ms]
2023-01-14 04:30:27.654 [info] > git for-each-ref --format=%(refname)%00%(upstream:short)%00%(objectname)%00%(upstream:track)%00%(upstream:remotename)%00%(upstream:remoteref) refs/heads/master refs/remotes/master [0ms]
2023-01-14 04:30:27.661 [info] > git for-each-ref --sort -committerdate --format %(refname) %(objectname) %(*objectname) [1ms]
2023-01-14 04:30:27.667 [info] > git status -z -uall [10ms]
2023-01-14 04:30:32.675 [info] > git config --get commit.template [4ms]
2023-01-14 04:30:32.675 [info] > git for-each-ref --format=%(refname)%00%(upstream:short)%00%(objectname)%00%(upstream:track)%00%(upstream:remotename)%00%(upstream:remoteref) refs/heads/master refs/remotes/master [0ms]
2023-01-14 04:30:32.682 [info] > git for-each-ref --sort -committerdate --format %(refname) %(objectname) %(*objectname) [1ms]
2023-01-14 04:30:32.688 [info] > git status -z -uall [10ms]
2023-01-14 04:30:37.698 [info] > git config --get commit.template [4ms]
2023-01-14 04:30:37.698 [info] > git for-each-ref --format=%(refname)%00%(upstream:short)%00%(objectname)%00%(upstream:track)%00%(upstream:remotename)%00%(upstream:remoteref) refs/heads/master refs/remotes/master [1ms]
2023-01-14 04:30:37.705 [info] > git for-each-ref --sort -committerdate --format %(refname) %(objectname) %(*objectname) [0ms]
2023-01-14 04:30:37.710 [info] > git status -z -uall [9ms]
2023-01-14 04:30:42.717 [info] > git config --get commit.template [1ms]
2023-01-14 04:30:42.721 [info] > git for-each-ref --format=%(refname)%00%(upstream:short)%00%(objectname)%00%(upstream:track)%00%(upstream:remotename)%00%(upstream:remoteref) refs/heads/master refs/remotes/master [0ms]
2023-01-14 04:30:42.726 [info] > git for-each-ref --sort -committerdate --format %(refname) %(objectname) %(*objectname) [1ms]
2023-01-14 04:30:42.732 [info] > git status -z -uall [9ms]
2023-01-14 04:30:47.739 [info] > git config --get commit.template [1ms]
2023-01-14 04:30:47.743 [info] > git for-each-ref --format=%(refname)%00%(upstream:short)%00%(objectname)%00%(upstream:track)%00%(upstream:remotename)%00%(upstream:remoteref) refs/heads/master refs/remotes/master [1ms]
2023-01-14 04:30:47.750 [info] > git for-each-ref --sort -committerdate --format %(refname) %(objectname) %(*objectname) [0ms]
2023-01-14 04:30:47.756 [info] > git status -z -uall [10ms]
2023-01-14 04:32:12.329 [info] > git config --get commit.template [1ms]
2023-01-14 04:32:12.333 [info] > git for-each-ref --format=%(refname)%00%(upstream:short)%00%(objectname)%00%(upstream:track)%00%(upstream:remotename)%00%(upstream:remoteref) refs/heads/master refs/remotes/master [1ms]
2023-01-14 04:32:12.341 [info] > git for-each-ref --sort -committerdate --format %(refname) %(objectname) %(*objectname) [1ms]
2023-01-14 04:32:12.347 [info] > git status -z -uall [10ms]
