2022-12-28 04:39:59.512 [info] Log level: Info
2022-12-28 04:39:59.512 [info] Validating found git in: "git"
2022-12-28 04:39:59.512 [info] Using git "2.25.1" from "git"
2022-12-28 04:39:59.512 [info] > git rev-parse --show-toplevel [47ms]
2022-12-28 04:39:59.512 [info] fatal: not a git repository (or any of the parent directories): .git
2022-12-28 04:39:59.512 [info] > git rev-parse --show-toplevel [1ms]
2022-12-28 04:39:59.512 [info] > git rev-parse --git-dir --git-common-dir [40ms]
2022-12-28 04:39:59.512 [info] Open repository: /home/ubuntu
2022-12-28 04:39:59.512 [info] > git config --get commit.template [1ms]
2022-12-28 04:39:59.512 [warning] No remotes found in the git config file.
2022-12-28 04:39:59.512 [info] > git for-each-ref --format=%(refname)%00%(upstream:short)%00%(objectname)%00%(upstream:track)%00%(upstream:remotename)%00%(upstream:remoteref) refs/heads/master refs/remotes/master [5ms]
2022-12-28 04:39:59.513 [info] > git remote --verbose [3ms]
2022-12-28 04:39:59.520 [info] > git for-each-ref --sort -committerdate --format %(refname) %(objectname) %(*objectname) [1ms]
2022-12-28 04:39:59.529 [info] > git status -z -uall [13ms]
2022-12-28 04:39:59.585 [info] > git config --get commit.template [5ms]
2022-12-28 04:39:59.884 [warning] No remotes found in the git config file.
2022-12-28 04:39:59.926 [info] > git for-each-ref --format=%(refname)%00%(upstream:short)%00%(objectname)%00%(upstream:track)%00%(upstream:remotename)%00%(upstream:remoteref) refs/heads/master refs/remotes/master [335ms]
2022-12-28 04:39:59.933 [info] > git rev-parse --show-toplevel [4ms]
2022-12-28 04:39:59.933 [info] fatal: not a git repository (or any of the parent directories): .git
2022-12-28 04:39:59.934 [info] > git remote --verbose [51ms]
2022-12-28 04:39:59.945 [info] > git for-each-ref --sort -committerdate --format %(refname) %(objectname) %(*objectname) [0ms]
2022-12-28 04:39:59.963 [info] > git status -z -uall [22ms]
2022-12-28 04:40:00.383 [info] > git check-ignore -v -z --stdin [4ms]
2022-12-28 04:40:03.580 [info] > git check-ignore -v -z --stdin [1ms]
2022-12-28 04:40:04.443 [info] > git config --get commit.template [1ms]
2022-12-28 04:40:04.450 [warning] No remotes found in the git config file.
2022-12-28 04:40:04.451 [info] > git for-each-ref --format=%(refname)%00%(upstream:short)%00%(objectname)%00%(upstream:track)%00%(upstream:remotename)%00%(upstream:remoteref) refs/heads/master refs/remotes/master [4ms]
2022-12-28 04:40:04.451 [info] > git remote --verbose [1ms]
2022-12-28 04:40:04.458 [info] > git for-each-ref --sort -committerdate --format %(refname) %(objectname) %(*objectname) [0ms]
2022-12-28 04:40:04.466 [info] > git status -z -uall [12ms]
2022-12-28 04:40:09.495 [info] > git config --get commit.template [2ms]
2022-12-28 04:40:09.503 [warning] No remotes found in the git config file.
2022-12-28 04:40:09.505 [info] > git remote --verbose [1ms]
2022-12-28 04:40:09.505 [info] > git for-each-ref --format=%(refname)%00%(upstream:short)%00%(objectname)%00%(upstream:track)%00%(upstream:remotename)%00%(upstream:remoteref) refs/heads/master refs/remotes/master [6ms]
2022-12-28 04:40:09.521 [info] > git for-each-ref --sort -committerdate --format %(refname) %(objectname) %(*objectname) [6ms]
2022-12-28 04:40:09.522 [info] > git status -z -uall [13ms]
2022-12-28 04:40:11.330 [info] > git rev-parse --show-toplevel [2ms]
2022-12-28 04:40:11.330 [info] fatal: not a git repository (or any of the parent directories): .git
2022-12-28 04:40:11.855 [info] > git check-ignore -v -z --stdin [1ms]
2022-12-28 04:40:14.550 [info] > git config --get commit.template [0ms]
2022-12-28 04:40:14.557 [warning] No remotes found in the git config file.
2022-12-28 04:40:14.557 [info] > git for-each-ref --format=%(refname)%00%(upstream:short)%00%(objectname)%00%(upstream:track)%00%(upstream:remotename)%00%(upstream:remoteref) refs/heads/master refs/remotes/master [4ms]
2022-12-28 04:40:14.558 [info] > git remote --verbose [1ms]
2022-12-28 04:40:14.565 [info] > git for-each-ref --sort -committerdate --format %(refname) %(objectname) %(*objectname) [1ms]
2022-12-28 04:40:14.571 [info] > git status -z -uall [10ms]
2022-12-28 04:40:15.418 [info] > git check-ignore -v -z --stdin [1ms]
2022-12-28 04:40:17.270 [info] > git check-ignore -v -z --stdin [2ms]
2022-12-28 04:40:19.598 [info] > git config --get commit.template [1ms]
2022-12-28 04:40:19.606 [warning] No remotes found in the git config file.
2022-12-28 04:40:19.607 [info] > git remote --verbose [1ms]
2022-12-28 04:40:19.608 [info] > git for-each-ref --format=%(refname)%00%(upstream:short)%00%(objectname)%00%(upstream:track)%00%(upstream:remotename)%00%(upstream:remoteref) refs/heads/master refs/remotes/master [5ms]
2022-12-28 04:40:19.616 [info] > git for-each-ref --sort -committerdate --format %(refname) %(objectname) %(*objectname) [1ms]
2022-12-28 04:40:19.624 [info] > git status -z -uall [12ms]
2022-12-28 04:40:24.049 [info] > git check-ignore -v -z --stdin [1ms]
2022-12-28 04:40:24.650 [info] > git config --get commit.template [0ms]
2022-12-28 04:40:24.656 [warning] No remotes found in the git config file.
2022-12-28 04:40:24.657 [info] > git for-each-ref --format=%(refname)%00%(upstream:short)%00%(objectname)%00%(upstream:track)%00%(upstream:remotename)%00%(upstream:remoteref) refs/heads/master refs/remotes/master [4ms]
2022-12-28 04:40:24.657 [info] > git remote --verbose [1ms]
2022-12-28 04:40:24.664 [info] > git for-each-ref --sort -committerdate --format %(refname) %(objectname) %(*objectname) [1ms]
2022-12-28 04:40:24.671 [info] > git status -z -uall [11ms]
2022-12-28 04:40:26.936 [info] > git show --textconv :pintos/src/threads/synch.h [5ms]
2022-12-28 04:40:26.937 [info] > git ls-files --stage -- /home/ubuntu/pintos/src/threads/synch.h [1ms]
2022-12-28 04:40:27.300 [info] > git show --textconv :pintos/src/threads/thread.c [5ms]
2022-12-28 04:40:27.301 [info] > git ls-files --stage -- /home/ubuntu/pintos/src/threads/thread.c [2ms]
2022-12-28 04:40:29.704 [info] > git config --get commit.template [0ms]
2022-12-28 04:40:29.711 [warning] No remotes found in the git config file.
2022-12-28 04:40:29.711 [info] > git for-each-ref --format=%(refname)%00%(upstream:short)%00%(objectname)%00%(upstream:track)%00%(upstream:remotename)%00%(upstream:remoteref) refs/heads/master refs/remotes/master [4ms]
2022-12-28 04:40:29.712 [info] > git remote --verbose [2ms]
2022-12-28 04:40:29.720 [info] > git for-each-ref --sort -committerdate --format %(refname) %(objectname) %(*objectname) [1ms]
2022-12-28 04:40:29.728 [info] > git status -z -uall [12ms]
2022-12-28 04:40:34.334 [info] > git check-ignore -v -z --stdin [1ms]
2022-12-28 04:40:34.756 [info] > git config --get commit.template [1ms]
2022-12-28 04:40:34.763 [warning] No remotes found in the git config file.
2022-12-28 04:40:34.764 [info] > git remote --verbose [0ms]
2022-12-28 04:40:34.764 [info] > git for-each-ref --format=%(refname)%00%(upstream:short)%00%(objectname)%00%(upstream:track)%00%(upstream:remotename)%00%(upstream:remoteref) refs/heads/master refs/remotes/master [5ms]
2022-12-28 04:40:34.772 [info] > git for-each-ref --sort -committerdate --format %(refname) %(objectname) %(*objectname) [1ms]
2022-12-28 04:40:34.778 [info] > git status -z -uall [11ms]
2022-12-28 04:40:39.808 [info] > git config --get commit.template [0ms]
2022-12-28 04:40:39.815 [warning] No remotes found in the git config file.
2022-12-28 04:40:39.816 [info] > git for-each-ref --format=%(refname)%00%(upstream:short)%00%(objectname)%00%(upstream:track)%00%(upstream:remotename)%00%(upstream:remoteref) refs/heads/master refs/remotes/master [4ms]
2022-12-28 04:40:39.816 [info] > git remote --verbose [1ms]
2022-12-28 04:40:39.824 [info] > git for-each-ref --sort -committerdate --format %(refname) %(objectname) %(*objectname) [0ms]
2022-12-28 04:40:39.830 [info] > git status -z -uall [10ms]
2022-12-28 04:40:44.855 [info] > git config --get commit.template [1ms]
2022-12-28 04:40:44.864 [warning] No remotes found in the git config file.
2022-12-28 04:40:44.866 [info] > git remote --verbose [1ms]
2022-12-28 04:40:44.866 [info] > git for-each-ref --format=%(refname)%00%(upstream:short)%00%(objectname)%00%(upstream:track)%00%(upstream:remotename)%00%(upstream:remoteref) refs/heads/master refs/remotes/master [6ms]
2022-12-28 04:40:44.881 [info] > git for-each-ref --sort -committerdate --format %(refname) %(objectname) %(*objectname) [6ms]
2022-12-28 04:40:44.882 [info] > git status -z -uall [11ms]
2022-12-28 04:40:50.458 [info] > git config --get commit.template [1ms]
2022-12-28 04:40:50.465 [warning] No remotes found in the git config file.
2022-12-28 04:40:50.466 [info] > git for-each-ref --format=%(refname)%00%(upstream:short)%00%(objectname)%00%(upstream:track)%00%(upstream:remotename)%00%(upstream:remoteref) refs/heads/master refs/remotes/master [4ms]
2022-12-28 04:40:50.466 [info] > git remote --verbose [1ms]
2022-12-28 04:40:50.474 [info] > git for-each-ref --sort -committerdate --format %(refname) %(objectname) %(*objectname) [1ms]
2022-12-28 04:40:50.480 [info] > git status -z -uall [10ms]
2022-12-28 04:40:55.507 [info] > git config --get commit.template [0ms]
2022-12-28 04:40:55.511 [warning] No remotes found in the git config file.
2022-12-28 04:40:55.516 [info] > git remote --verbose [5ms]
2022-12-28 04:40:55.516 [info] > git for-each-ref --format=%(refname)%00%(upstream:short)%00%(objectname)%00%(upstream:track)%00%(upstream:remotename)%00%(upstream:remoteref) refs/heads/master refs/remotes/master [1ms]
2022-12-28 04:40:55.524 [info] > git for-each-ref --sort -committerdate --format %(refname) %(objectname) %(*objectname) [1ms]
2022-12-28 04:40:55.532 [info] > git status -z -uall [12ms]
2022-12-28 04:41:00.564 [info] > git config --get commit.template [0ms]
2022-12-28 04:41:00.571 [warning] No remotes found in the git config file.
2022-12-28 04:41:00.572 [info] > git for-each-ref --format=%(refname)%00%(upstream:short)%00%(objectname)%00%(upstream:track)%00%(upstream:remotename)%00%(upstream:remoteref) refs/heads/master refs/remotes/master [4ms]
2022-12-28 04:41:00.572 [info] > git remote --verbose [1ms]
2022-12-28 04:41:00.581 [info] > git for-each-ref --sort -committerdate --format %(refname) %(objectname) %(*objectname) [0ms]
2022-12-28 04:41:00.586 [info] > git status -z -uall [10ms]
2022-12-28 04:41:05.613 [info] > git config --get commit.template [0ms]
2022-12-28 04:41:05.621 [warning] No remotes found in the git config file.
2022-12-28 04:41:05.622 [info] > git remote --verbose [1ms]
2022-12-28 04:41:05.622 [info] > git for-each-ref --format=%(refname)%00%(upstream:short)%00%(objectname)%00%(upstream:track)%00%(upstream:remotename)%00%(upstream:remoteref) refs/heads/master refs/remotes/master [5ms]
2022-12-28 04:41:05.635 [info] > git for-each-ref --sort -committerdate --format %(refname) %(objectname) %(*objectname) [6ms]
2022-12-28 04:41:05.637 [info] > git status -z -uall [11ms]
2022-12-28 04:41:10.662 [info] > git config --get commit.template [1ms]
2022-12-28 04:41:10.670 [warning] No remotes found in the git config file.
2022-12-28 04:41:10.671 [info] > git for-each-ref --format=%(refname)%00%(upstream:short)%00%(objectname)%00%(upstream:track)%00%(upstream:remotename)%00%(upstream:remoteref) refs/heads/master refs/remotes/master [4ms]
2022-12-28 04:41:10.671 [info] > git remote --verbose [1ms]
2022-12-28 04:41:10.679 [info] > git for-each-ref --sort -committerdate --format %(refname) %(objectname) %(*objectname) [1ms]
2022-12-28 04:41:10.687 [info] > git status -z -uall [12ms]
2022-12-28 04:41:46.150 [warning] No remotes found in the git config file.
2022-12-28 04:41:46.150 [info] > git config --get commit.template [9ms]
2022-12-28 04:41:46.151 [info] > git remote --verbose [1ms]
2022-12-28 04:41:46.151 [info] > git for-each-ref --format=%(refname)%00%(upstream:short)%00%(objectname)%00%(upstream:track)%00%(upstream:remotename)%00%(upstream:remoteref) refs/heads/master refs/remotes/master [6ms]
2022-12-28 04:41:46.157 [info] > git for-each-ref --sort -committerdate --format %(refname) %(objectname) %(*objectname) [0ms]
2022-12-28 04:41:46.168 [info] > git status -z -uall [14ms]
2022-12-28 04:41:51.209 [info] > git config --get commit.template [1ms]
2022-12-28 04:41:51.215 [warning] No remotes found in the git config file.
2022-12-28 04:41:51.216 [info] > git for-each-ref --format=%(refname)%00%(upstream:short)%00%(objectname)%00%(upstream:track)%00%(upstream:remotename)%00%(upstream:remoteref) refs/heads/master refs/remotes/master [4ms]
2022-12-28 04:41:51.216 [info] > git remote --verbose [1ms]
2022-12-28 04:41:51.224 [info] > git for-each-ref --sort -committerdate --format %(refname) %(objectname) %(*objectname) [1ms]
2022-12-28 04:41:51.232 [info] > git status -z -uall [13ms]
2022-12-28 04:42:01.751 [info] > git config --get commit.template [1ms]
2022-12-28 04:42:01.759 [warning] No remotes found in the git config file.
2022-12-28 04:42:01.760 [info] > git for-each-ref --format=%(refname)%00%(upstream:short)%00%(objectname)%00%(upstream:track)%00%(upstream:remotename)%00%(upstream:remoteref) refs/heads/master refs/remotes/master [5ms]
2022-12-28 04:42:01.761 [info] > git remote --verbose [2ms]
2022-12-28 04:42:01.768 [info] > git for-each-ref --sort -committerdate --format %(refname) %(objectname) %(*objectname) [1ms]
2022-12-28 04:42:01.775 [info] > git status -z -uall [10ms]
2022-12-28 04:42:06.800 [info] > git config --get commit.template [1ms]
2022-12-28 04:42:06.804 [warning] No remotes found in the git config file.
2022-12-28 04:42:06.809 [info] > git remote --verbose [5ms]
2022-12-28 04:42:06.809 [info] > git for-each-ref --format=%(refname)%00%(upstream:short)%00%(objectname)%00%(upstream:track)%00%(upstream:remotename)%00%(upstream:remoteref) refs/heads/master refs/remotes/master [1ms]
2022-12-28 04:42:06.817 [info] > git for-each-ref --sort -committerdate --format %(refname) %(objectname) %(*objectname) [1ms]
2022-12-28 04:42:06.824 [info] > git status -z -uall [11ms]
2022-12-28 04:42:11.860 [info] > git config --get commit.template [1ms]
2022-12-28 04:42:11.868 [warning] No remotes found in the git config file.
2022-12-28 04:42:11.869 [info] > git for-each-ref --format=%(refname)%00%(upstream:short)%00%(objectname)%00%(upstream:track)%00%(upstream:remotename)%00%(upstream:remoteref) refs/heads/master refs/remotes/master [5ms]
2022-12-28 04:42:11.869 [info] > git remote --verbose [1ms]
2022-12-28 04:42:11.877 [info] > git for-each-ref --sort -committerdate --format %(refname) %(objectname) %(*objectname) [0ms]
2022-12-28 04:42:11.885 [info] > git status -z -uall [12ms]
2022-12-28 04:42:16.921 [info] > git config --get commit.template [1ms]
2022-12-28 04:42:16.929 [warning] No remotes found in the git config file.
2022-12-28 04:42:16.930 [info] > git for-each-ref --format=%(refname)%00%(upstream:short)%00%(objectname)%00%(upstream:track)%00%(upstream:remotename)%00%(upstream:remoteref) refs/heads/master refs/remotes/master [5ms]
2022-12-28 04:42:16.930 [info] > git remote --verbose [1ms]
2022-12-28 04:42:16.938 [info] > git for-each-ref --sort -committerdate --format %(refname) %(objectname) %(*objectname) [0ms]
2022-12-28 04:42:16.945 [info] > git status -z -uall [11ms]
2022-12-28 04:42:21.981 [info] > git config --get commit.template [1ms]
2022-12-28 04:42:21.988 [warning] No remotes found in the git config file.
2022-12-28 04:42:21.989 [info] > git for-each-ref --format=%(refname)%00%(upstream:short)%00%(objectname)%00%(upstream:track)%00%(upstream:remotename)%00%(upstream:remoteref) refs/heads/master refs/remotes/master [4ms]
2022-12-28 04:42:21.989 [info] > git remote --verbose [1ms]
2022-12-28 04:42:21.997 [info] > git for-each-ref --sort -committerdate --format %(refname) %(objectname) %(*objectname) [0ms]
2022-12-28 04:42:22.004 [info] > git status -z -uall [11ms]
2022-12-28 04:43:21.761 [info] > git config --get commit.template [4ms]
2022-12-28 04:43:21.765 [warning] No remotes found in the git config file.
2022-12-28 04:43:21.765 [info] > git for-each-ref --format=%(refname)%00%(upstream:short)%00%(objectname)%00%(upstream:track)%00%(upstream:remotename)%00%(upstream:remoteref) refs/heads/master refs/remotes/master [5ms]
2022-12-28 04:43:21.766 [info] > git remote --verbose [2ms]
2022-12-28 04:43:21.776 [info] > git for-each-ref --sort -committerdate --format %(refname) %(objectname) %(*objectname) [1ms]
2022-12-28 04:43:21.782 [info] > git status -z -uall [13ms]
