2023-01-01 23:03:46.220 [info] Extension host with pid 141 started
2023-01-01 23:03:46.341 [info] ExtensionService#_doActivateExtension vscode.git-base, startup: true, activationEvent: '*', root cause: vscode.git
2023-01-01 23:03:46.362 [info] Lock '/home/ubuntu/.vscode-server/data/User/workspaceStorage/96e01e3a329586d7c93d4dd62db94dde/vscode.lock': Lock acquired.
2023-01-01 23:03:46.573 [info] ExtensionService#_doActivateExtension vscode.git, startup: true, activationEvent: '*'
2023-01-01 23:03:46.574 [info] ExtensionService#_doActivateExtension vscode.github, startup: true, activationEvent: '*'
2023-01-01 23:03:46.864 [info] ExtensionService#_doActivateExtension vscode.debug-auto-launch, startup: false, activationEvent: 'onStartupFinished'
2023-01-01 23:03:46.865 [info] ExtensionService#_doActivateExtension vscode.emmet, startup: false, activationEvent: 'onStartupFinished'
2023-01-01 23:03:46.865 [info] ExtensionService#_doActivateExtension vscode.merge-conflict, startup: false, activationEvent: 'onStartupFinished'
2023-01-01 23:03:46.866 [info] Eager extensions activated
2023-01-01 23:03:47.201 [warning] [Decorations] CAPPING events from decorations provider vscode.git 2751
2023-01-01 23:03:47.873 [warning] [Decorations] CAPPING events from decorations provider vscode.git 2751
2023-01-01 23:03:50.885 [warning] [Decorations] CAPPING events from decorations provider vscode.git 2751
2023-01-01 23:03:55.948 [warning] [Decorations] CAPPING events from decorations provider vscode.git 2751
2023-01-01 23:04:01.004 [warning] [Decorations] CAPPING events from decorations provider vscode.git 2747
2023-01-01 23:04:06.059 [warning] [Decorations] CAPPING events from decorations provider vscode.git 2747
2023-01-01 23:04:11.118 [warning] [Decorations] CAPPING events from decorations provider vscode.git 2747
2023-01-01 23:04:16.174 [warning] [Decorations] CAPPING events from decorations provider vscode.git 2747
2023-01-01 23:04:21.229 [warning] [Decorations] CAPPING events from decorations provider vscode.git 2747
2023-01-01 23:04:26.288 [warning] [Decorations] CAPPING events from decorations provider vscode.git 2747
2023-01-01 23:04:31.353 [warning] [Decorations] CAPPING events from decorations provider vscode.git 2747
2023-01-01 23:04:36.414 [warning] [Decorations] CAPPING events from decorations provider vscode.git 2747
2023-01-01 23:04:41.477 [warning] [Decorations] CAPPING events from decorations provider vscode.git 2747
2023-01-01 23:04:46.531 [warning] [Decorations] CAPPING events from decorations provider vscode.git 2747
2023-01-01 23:04:51.591 [warning] [Decorations] CAPPING events from decorations provider vscode.git 2747
2023-01-01 23:04:58.893 [warning] [Decorations] CAPPING events from decorations provider vscode.git 2747
2023-01-01 23:35:46.307 [warning] [Decorations] CAPPING events from decorations provider vscode.git 2747
2023-01-01 23:37:06.598 [warning] [Decorations] CAPPING events from decorations provider vscode.git 2747
2023-01-01 23:37:11.651 [warning] [Decorations] CAPPING events from decorations provider vscode.git 2747
2023-01-01 23:37:16.701 [warning] [Decorations] CAPPING events from decorations provider vscode.git 2747
2023-01-01 23:37:21.756 [warning] [Decorations] CAPPING events from decorations provider vscode.git 2747
2023-01-01 23:37:26.812 [warning] [Decorations] CAPPING events from decorations provider vscode.git 2747
2023-01-01 23:37:32.543 [warning] [Decorations] CAPPING events from decorations provider vscode.git 2747
2023-01-01 23:37:37.609 [warning] [Decorations] CAPPING events from decorations provider vscode.git 2747
2023-01-02 00:13:59.745 [warning] [Decorations] CAPPING events from decorations provider vscode.git 2747
2023-01-02 00:14:04.812 [warning] [Decorations] CAPPING events from decorations provider vscode.git 2747
2023-01-02 00:14:09.870 [warning] [Decorations] CAPPING events from decorations provider vscode.git 2747
2023-01-02 00:14:14.923 [warning] [Decorations] CAPPING events from decorations provider vscode.git 2747
2023-01-02 00:14:19.980 [warning] [Decorations] CAPPING events from decorations provider vscode.git 2747
2023-01-02 00:14:25.034 [warning] [Decorations] CAPPING events from decorations provider vscode.git 2747
2023-01-02 00:14:30.098 [warning] [Decorations] CAPPING events from decorations provider vscode.git 2747
2023-01-02 00:14:35.172 [warning] [Decorations] CAPPING events from decorations provider vscode.git 2747
2023-01-02 00:14:40.225 [warning] [Decorations] CAPPING events from decorations provider vscode.git 2747
2023-01-02 00:14:50.795 [warning] [Decorations] CAPPING events from decorations provider vscode.git 2747
2023-01-02 00:15:00.823 [warning] [Decorations] CAPPING events from decorations provider vscode.git 2747
2023-01-02 00:15:05.878 [warning] [Decorations] CAPPING events from decorations provider vscode.git 2747
2023-01-02 00:15:10.930 [warning] [Decorations] CAPPING events from decorations provider vscode.git 2747
2023-01-02 00:15:15.983 [warning] [Decorations] CAPPING events from decorations provider vscode.git 2747
2023-01-02 00:15:21.047 [warning] [Decorations] CAPPING events from decorations provider vscode.git 2747
2023-01-02 00:15:26.113 [warning] [Decorations] CAPPING events from decorations provider vscode.git 2747
2023-01-02 00:15:31.178 [warning] [Decorations] CAPPING events from decorations provider vscode.git 2747
2023-01-02 00:15:36.232 [warning] [Decorations] CAPPING events from decorations provider vscode.git 2747
2023-01-02 00:15:41.295 [warning] [Decorations] CAPPING events from decorations provider vscode.git 2747
2023-01-02 00:15:50.719 [warning] [Decorations] CAPPING events from decorations provider vscode.git 2747
2023-01-02 00:15:55.769 [warning] [Decorations] CAPPING events from decorations provider vscode.git 2747
2023-01-02 00:16:00.830 [warning] [Decorations] CAPPING events from decorations provider vscode.git 2747
2023-01-02 00:16:05.893 [warning] [Decorations] CAPPING events from decorations provider vscode.git 2747
2023-01-02 00:16:10.957 [warning] [Decorations] CAPPING events from decorations provider vscode.git 2747
2023-01-02 00:16:16.021 [warning] [Decorations] CAPPING events from decorations provider vscode.git 2747
2023-01-02 00:16:21.086 [warning] [Decorations] CAPPING events from decorations provider vscode.git 2747
2023-01-02 00:16:26.137 [warning] [Decorations] CAPPING events from decorations provider vscode.git 2747
2023-01-02 00:16:31.199 [warning] [Decorations] CAPPING events from decorations provider vscode.git 2747
2023-01-02 00:19:19.571 [warning] [Decorations] CAPPING events from decorations provider vscode.git 2747
2023-01-02 00:19:24.626 [warning] [Decorations] CAPPING events from decorations provider vscode.git 2747
2023-01-02 00:19:29.679 [warning] [Decorations] CAPPING events from decorations provider vscode.git 2747
2023-01-02 00:19:34.748 [warning] [Decorations] CAPPING events from decorations provider vscode.git 2747
2023-01-02 00:19:39.837 [warning] [Decorations] CAPPING events from decorations provider vscode.git 2747
2023-01-02 00:19:46.299 [warning] [Decorations] CAPPING events from decorations provider vscode.git 2747
2023-01-02 00:19:51.362 [warning] [Decorations] CAPPING events from decorations provider vscode.git 2747
2023-01-02 00:19:56.428 [warning] [Decorations] CAPPING events from decorations provider vscode.git 2747
2023-01-02 00:20:01.495 [warning] [Decorations] CAPPING events from decorations provider vscode.git 2747
2023-01-02 00:20:06.562 [warning] [Decorations] CAPPING events from decorations provider vscode.git 2747
2023-01-02 00:20:11.627 [warning] [Decorations] CAPPING events from decorations provider vscode.git 2747
2023-01-02 00:20:16.679 [warning] [Decorations] CAPPING events from decorations provider vscode.git 2747
2023-01-02 00:20:21.743 [warning] [Decorations] CAPPING events from decorations provider vscode.git 2747
2023-01-02 00:20:26.810 [warning] [Decorations] CAPPING events from decorations provider vscode.git 2747
2023-01-02 00:20:31.874 [warning] [Decorations] CAPPING events from decorations provider vscode.git 2747
2023-01-02 00:20:36.938 [warning] [Decorations] CAPPING events from decorations provider vscode.git 2747
2023-01-02 00:20:42.003 [warning] [Decorations] CAPPING events from decorations provider vscode.git 2747
2023-01-02 00:20:47.061 [warning] [Decorations] CAPPING events from decorations provider vscode.git 2747
2023-01-02 00:20:52.115 [warning] [Decorations] CAPPING events from decorations provider vscode.git 2747
2023-01-02 00:20:57.176 [warning] [Decorations] CAPPING events from decorations provider vscode.git 2747
2023-01-02 00:21:02.233 [warning] [Decorations] CAPPING events from decorations provider vscode.git 2747
2023-01-02 00:21:07.296 [warning] [Decorations] CAPPING events from decorations provider vscode.git 2747
2023-01-02 00:21:12.364 [warning] [Decorations] CAPPING events from decorations provider vscode.git 2747
2023-01-02 00:21:17.429 [warning] [Decorations] CAPPING events from decorations provider vscode.git 2747
2023-01-02 00:21:22.507 [warning] [Decorations] CAPPING events from decorations provider vscode.git 2747
2023-01-02 00:21:27.568 [warning] [Decorations] CAPPING events from decorations provider vscode.git 2747
2023-01-02 00:21:32.638 [warning] [Decorations] CAPPING events from decorations provider vscode.git 2747
2023-01-02 00:21:37.708 [warning] [Decorations] CAPPING events from decorations provider vscode.git 2747
2023-01-02 00:21:42.772 [warning] [Decorations] CAPPING events from decorations provider vscode.git 2747
2023-01-02 00:24:54.980 [warning] [Decorations] CAPPING events from decorations provider vscode.git 2747
2023-01-02 00:25:00.034 [warning] [Decorations] CAPPING events from decorations provider vscode.git 2747
2023-01-02 00:25:05.088 [warning] [Decorations] CAPPING events from decorations provider vscode.git 2747
2023-01-02 00:25:10.146 [warning] [Decorations] CAPPING events from decorations provider vscode.git 2747
2023-01-02 00:25:15.575 [warning] [Decorations] CAPPING events from decorations provider vscode.git 2747
2023-01-02 00:25:20.633 [warning] [Decorations] CAPPING events from decorations provider vscode.git 2747
2023-01-02 00:25:25.701 [warning] [Decorations] CAPPING events from decorations provider vscode.git 2747
2023-01-02 00:34:41.587 [warning] [Decorations] CAPPING events from decorations provider vscode.git 2747
2023-01-02 00:34:46.644 [warning] [Decorations] CAPPING events from decorations provider vscode.git 2747
2023-01-02 00:34:51.696 [warning] [Decorations] CAPPING events from decorations provider vscode.git 2747
2023-01-02 00:34:56.750 [warning] [Decorations] CAPPING events from decorations provider vscode.git 2747
2023-01-02 00:35:01.812 [warning] [Decorations] CAPPING events from decorations provider vscode.git 2747
2023-01-02 00:35:06.875 [warning] [Decorations] CAPPING events from decorations provider vscode.git 2747
2023-01-02 00:35:11.942 [warning] [Decorations] CAPPING events from decorations provider vscode.git 2747
2023-01-02 00:35:17.003 [warning] [Decorations] CAPPING events from decorations provider vscode.git 2747
2023-01-02 00:35:22.065 [warning] [Decorations] CAPPING events from decorations provider vscode.git 2747
2023-01-02 00:35:27.127 [warning] [Decorations] CAPPING events from decorations provider vscode.git 2747
2023-01-02 00:35:32.176 [warning] [Decorations] CAPPING events from decorations provider vscode.git 2747
2023-01-02 00:35:37.230 [warning] [Decorations] CAPPING events from decorations provider vscode.git 2747
2023-01-02 00:35:42.302 [warning] [Decorations] CAPPING events from decorations provider vscode.git 2747
2023-01-02 00:35:47.351 [warning] [Decorations] CAPPING events from decorations provider vscode.git 2747
2023-01-02 00:35:52.408 [warning] [Decorations] CAPPING events from decorations provider vscode.git 2747
2023-01-02 00:35:57.465 [warning] [Decorations] CAPPING events from decorations provider vscode.git 2747
2023-01-02 00:36:02.519 [warning] [Decorations] CAPPING events from decorations provider vscode.git 2747
2023-01-02 00:36:07.581 [warning] [Decorations] CAPPING events from decorations provider vscode.git 2747
2023-01-02 00:36:12.648 [warning] [Decorations] CAPPING events from decorations provider vscode.git 2747
2023-01-02 00:36:26.854 [warning] [Decorations] CAPPING events from decorations provider vscode.git 2747
2023-01-02 00:36:50.479 [warning] [Decorations] CAPPING events from decorations provider vscode.git 2747
2023-01-02 00:36:55.534 [warning] [Decorations] CAPPING events from decorations provider vscode.git 2747
2023-01-02 00:37:00.598 [warning] [Decorations] CAPPING events from decorations provider vscode.git 2747
2023-01-02 00:37:05.661 [warning] [Decorations] CAPPING events from decorations provider vscode.git 2747
2023-01-02 00:37:10.730 [warning] [Decorations] CAPPING events from decorations provider vscode.git 2747
2023-01-02 00:37:15.785 [warning] [Decorations] CAPPING events from decorations provider vscode.git 2747
2023-01-02 00:37:20.840 [warning] [Decorations] CAPPING events from decorations provider vscode.git 2747
2023-01-02 00:37:24.573 [info] ExtensionService#_doActivateExtension vscode.configuration-editing, startup: false, activationEvent: 'onLanguage:json'
2023-01-02 00:37:24.575 [info] ExtensionService#_doActivateExtension vscode.extension-editing, startup: false, activationEvent: 'onLanguage:json'
2023-01-02 00:37:24.575 [info] ExtensionService#_doActivateExtension vscode.json-language-features, startup: false, activationEvent: 'onLanguage:json'
2023-01-02 00:37:24.575 [info] ExtensionService#_doActivateExtension vscode.npm, startup: false, activationEvent: 'onLanguage:json'
2023-01-02 00:37:25.894 [warning] [Decorations] CAPPING events from decorations provider vscode.git 2748
2023-01-02 00:37:30.958 [warning] [Decorations] CAPPING events from decorations provider vscode.git 2748
2023-01-02 00:37:36.010 [warning] [Decorations] CAPPING events from decorations provider vscode.git 2748
2023-01-02 00:37:41.066 [warning] [Decorations] CAPPING events from decorations provider vscode.git 2748
2023-01-02 00:37:46.128 [warning] [Decorations] CAPPING events from decorations provider vscode.git 2748
2023-01-02 00:37:51.196 [warning] [Decorations] CAPPING events from decorations provider vscode.git 2748
2023-01-02 00:37:56.257 [warning] [Decorations] CAPPING events from decorations provider vscode.git 2748
2023-01-02 00:38:01.313 [warning] [Decorations] CAPPING events from decorations provider vscode.git 2748
2023-01-02 00:38:06.380 [warning] [Decorations] CAPPING events from decorations provider vscode.git 2748
2023-01-02 00:38:11.447 [warning] [Decorations] CAPPING events from decorations provider vscode.git 2748
2023-01-02 00:38:16.501 [warning] [Decorations] CAPPING events from decorations provider vscode.git 2748
2023-01-02 00:38:21.569 [warning] [Decorations] CAPPING events from decorations provider vscode.git 2748
2023-01-02 00:38:26.637 [warning] [Decorations] CAPPING events from decorations provider vscode.git 2748
2023-01-02 00:38:31.703 [warning] [Decorations] CAPPING events from decorations provider vscode.git 2748
2023-01-02 00:38:36.766 [warning] [Decorations] CAPPING events from decorations provider vscode.git 2748
2023-01-02 00:38:41.833 [warning] [Decorations] CAPPING events from decorations provider vscode.git 2748
2023-01-02 00:38:46.900 [warning] [Decorations] CAPPING events from decorations provider vscode.git 2748
2023-01-02 00:38:51.970 [warning] [Decorations] CAPPING events from decorations provider vscode.git 2748
2023-01-02 00:38:57.025 [warning] [Decorations] CAPPING events from decorations provider vscode.git 2748
2023-01-02 00:41:04.272 [warning] [Decorations] CAPPING events from decorations provider vscode.git 2748
2023-01-02 00:41:09.329 [warning] [Decorations] CAPPING events from decorations provider vscode.git 2748
2023-01-02 00:41:14.382 [warning] [Decorations] CAPPING events from decorations provider vscode.git 2748
2023-01-02 00:41:19.437 [warning] [Decorations] CAPPING events from decorations provider vscode.git 2748
2023-01-02 00:41:24.506 [warning] [Decorations] CAPPING events from decorations provider vscode.git 2748
2023-01-02 00:41:29.576 [warning] [Decorations] CAPPING events from decorations provider vscode.git 2748
2023-01-02 00:41:34.629 [warning] [Decorations] CAPPING events from decorations provider vscode.git 2748
2023-01-02 00:41:39.685 [warning] [Decorations] CAPPING events from decorations provider vscode.git 2748
2023-01-02 00:41:44.740 [warning] [Decorations] CAPPING events from decorations provider vscode.git 2748
2023-01-02 00:41:49.803 [warning] [Decorations] CAPPING events from decorations provider vscode.git 2748
2023-01-02 00:41:54.868 [warning] [Decorations] CAPPING events from decorations provider vscode.git 2748
2023-01-02 00:41:59.924 [warning] [Decorations] CAPPING events from decorations provider vscode.git 2748
2023-01-02 00:42:04.990 [warning] [Decorations] CAPPING events from decorations provider vscode.git 2748
2023-01-02 00:42:10.057 [warning] [Decorations] CAPPING events from decorations provider vscode.git 2748
2023-01-02 00:42:15.125 [warning] [Decorations] CAPPING events from decorations provider vscode.git 2748
2023-01-02 00:42:20.194 [warning] [Decorations] CAPPING events from decorations provider vscode.git 2748
2023-01-02 00:42:25.258 [warning] [Decorations] CAPPING events from decorations provider vscode.git 2748
2023-01-02 00:42:30.334 [warning] [Decorations] CAPPING events from decorations provider vscode.git 2748
2023-01-02 00:42:35.406 [warning] [Decorations] CAPPING events from decorations provider vscode.git 2748
2023-01-02 00:42:40.470 [warning] [Decorations] CAPPING events from decorations provider vscode.git 2748
2023-01-02 00:42:45.542 [warning] [Decorations] CAPPING events from decorations provider vscode.git 2748
2023-01-02 00:42:50.602 [warning] [Decorations] CAPPING events from decorations provider vscode.git 2748
2023-01-02 00:42:55.665 [warning] [Decorations] CAPPING events from decorations provider vscode.git 2748
2023-01-02 00:43:00.732 [warning] [Decorations] CAPPING events from decorations provider vscode.git 2748
2023-01-02 00:45:23.610 [warning] [Decorations] CAPPING events from decorations provider vscode.git 2748
2023-01-02 00:45:28.667 [warning] [Decorations] CAPPING events from decorations provider vscode.git 2748
2023-01-02 00:46:11.668 [warning] [Decorations] CAPPING events from decorations provider vscode.git 2748
2023-01-02 00:46:16.727 [warning] [Decorations] CAPPING events from decorations provider vscode.git 2748
2023-01-02 00:46:21.781 [warning] [Decorations] CAPPING events from decorations provider vscode.git 2748
2023-01-02 00:46:26.873 [warning] [Decorations] CAPPING events from decorations provider vscode.git 2748
2023-01-02 00:46:31.938 [warning] [Decorations] CAPPING events from decorations provider vscode.git 2748
2023-01-02 00:46:37.003 [warning] [Decorations] CAPPING events from decorations provider vscode.git 2748
2023-01-02 00:46:42.070 [warning] [Decorations] CAPPING events from decorations provider vscode.git 2748
2023-01-02 00:46:47.135 [warning] [Decorations] CAPPING events from decorations provider vscode.git 2748
2023-01-02 00:46:52.196 [warning] [Decorations] CAPPING events from decorations provider vscode.git 2748
2023-01-02 00:46:57.260 [warning] [Decorations] CAPPING events from decorations provider vscode.git 2748
2023-01-02 00:47:02.314 [warning] [Decorations] CAPPING events from decorations provider vscode.git 2748
2023-01-02 00:47:07.378 [warning] [Decorations] CAPPING events from decorations provider vscode.git 2748
2023-01-02 00:47:12.431 [warning] [Decorations] CAPPING events from decorations provider vscode.git 2748
2023-01-02 00:47:17.496 [warning] [Decorations] CAPPING events from decorations provider vscode.git 2748
2023-01-02 00:47:22.549 [warning] [Decorations] CAPPING events from decorations provider vscode.git 2748
2023-01-02 00:47:27.618 [warning] [Decorations] CAPPING events from decorations provider vscode.git 2748
2023-01-02 00:47:32.676 [warning] [Decorations] CAPPING events from decorations provider vscode.git 2748
2023-01-02 00:47:37.743 [warning] [Decorations] CAPPING events from decorations provider vscode.git 2748
2023-01-02 00:47:42.815 [warning] [Decorations] CAPPING events from decorations provider vscode.git 2748
2023-01-02 00:47:47.870 [warning] [Decorations] CAPPING events from decorations provider vscode.git 2748
2023-01-02 00:47:52.935 [warning] [Decorations] CAPPING events from decorations provider vscode.git 2748
2023-01-02 00:47:58.005 [warning] [Decorations] CAPPING events from decorations provider vscode.git 2748
2023-01-02 00:48:03.072 [warning] [Decorations] CAPPING events from decorations provider vscode.git 2748
2023-01-02 00:48:08.134 [warning] [Decorations] CAPPING events from decorations provider vscode.git 2748
2023-01-02 00:48:13.194 [warning] [Decorations] CAPPING events from decorations provider vscode.git 2748
2023-01-02 00:48:18.261 [warning] [Decorations] CAPPING events from decorations provider vscode.git 2748
2023-01-02 00:48:23.330 [warning] [Decorations] CAPPING events from decorations provider vscode.git 2748
2023-01-02 00:48:28.402 [warning] [Decorations] CAPPING events from decorations provider vscode.git 2748
2023-01-02 00:48:33.463 [warning] [Decorations] CAPPING events from decorations provider vscode.git 2748
2023-01-02 00:48:38.528 [warning] [Decorations] CAPPING events from decorations provider vscode.git 2748
2023-01-02 00:48:43.616 [warning] [Decorations] CAPPING events from decorations provider vscode.git 2748
2023-01-02 00:49:09.818 [warning] [Decorations] CAPPING events from decorations provider vscode.git 2748
2023-01-02 00:49:14.876 [warning] [Decorations] CAPPING events from decorations provider vscode.git 2748
2023-01-02 00:49:19.930 [warning] [Decorations] CAPPING events from decorations provider vscode.git 2748
2023-01-02 00:49:24.982 [warning] [Decorations] CAPPING events from decorations provider vscode.git 2748
2023-01-02 00:49:34.170 [warning] [Decorations] CAPPING events from decorations provider vscode.git 2749
2023-01-02 00:49:39.231 [warning] [Decorations] CAPPING events from decorations provider vscode.git 2749
2023-01-02 00:49:44.294 [warning] [Decorations] CAPPING events from decorations provider vscode.git 2749
2023-01-02 00:49:49.354 [warning] [Decorations] CAPPING events from decorations provider vscode.git 2749
2023-01-02 00:50:12.826 [warning] [Decorations] CAPPING events from decorations provider vscode.git 2749
2023-01-02 00:50:17.884 [warning] [Decorations] CAPPING events from decorations provider vscode.git 2749
2023-01-02 00:50:22.935 [warning] [Decorations] CAPPING events from decorations provider vscode.git 2749
2023-01-02 00:50:27.987 [warning] [Decorations] CAPPING events from decorations provider vscode.git 2749
2023-01-02 00:50:33.042 [warning] [Decorations] CAPPING events from decorations provider vscode.git 2749
2023-01-02 00:50:38.102 [warning] [Decorations] CAPPING events from decorations provider vscode.git 2749
2023-01-02 00:50:43.167 [warning] [Decorations] CAPPING events from decorations provider vscode.git 2749
2023-01-02 00:50:48.227 [warning] [Decorations] CAPPING events from decorations provider vscode.git 2749
2023-01-02 00:50:53.280 [warning] [Decorations] CAPPING events from decorations provider vscode.git 2749
2023-01-02 00:50:58.342 [warning] [Decorations] CAPPING events from decorations provider vscode.git 2749
2023-01-02 00:51:03.407 [warning] [Decorations] CAPPING events from decorations provider vscode.git 2749
2023-01-02 00:51:08.467 [warning] [Decorations] CAPPING events from decorations provider vscode.git 2749
2023-01-02 00:51:13.532 [warning] [Decorations] CAPPING events from decorations provider vscode.git 2749
2023-01-02 00:51:18.594 [warning] [Decorations] CAPPING events from decorations provider vscode.git 2749
2023-01-02 00:51:23.645 [warning] [Decorations] CAPPING events from decorations provider vscode.git 2749
2023-01-02 00:51:28.704 [warning] [Decorations] CAPPING events from decorations provider vscode.git 2749
2023-01-02 00:51:33.760 [warning] [Decorations] CAPPING events from decorations provider vscode.git 2749
2023-01-02 00:51:38.820 [warning] [Decorations] CAPPING events from decorations provider vscode.git 2749
2023-01-02 00:51:57.096 [warning] [Decorations] CAPPING events from decorations provider vscode.git 2749
2023-01-02 00:52:02.150 [warning] [Decorations] CAPPING events from decorations provider vscode.git 2749
2023-01-02 00:52:07.215 [warning] [Decorations] CAPPING events from decorations provider vscode.git 2749
2023-01-02 00:52:12.280 [warning] [Decorations] CAPPING events from decorations provider vscode.git 2749
2023-01-02 00:52:17.339 [warning] [Decorations] CAPPING events from decorations provider vscode.git 2749
2023-01-02 00:52:22.399 [warning] [Decorations] CAPPING events from decorations provider vscode.git 2749
2023-01-02 00:52:27.453 [warning] [Decorations] CAPPING events from decorations provider vscode.git 2749
2023-01-02 00:52:32.506 [warning] [Decorations] CAPPING events from decorations provider vscode.git 2749
2023-01-02 00:52:37.566 [warning] [Decorations] CAPPING events from decorations provider vscode.git 2749
2023-01-02 00:54:31.750 [warning] [Decorations] CAPPING events from decorations provider vscode.git 2749
2023-01-02 00:54:36.803 [warning] [Decorations] CAPPING events from decorations provider vscode.git 2749
2023-01-02 00:54:41.856 [warning] [Decorations] CAPPING events from decorations provider vscode.git 2749
2023-01-02 00:54:46.918 [warning] [Decorations] CAPPING events from decorations provider vscode.git 2749
2023-01-02 00:54:51.984 [warning] [Decorations] CAPPING events from decorations provider vscode.git 2749
2023-01-02 00:54:57.047 [warning] [Decorations] CAPPING events from decorations provider vscode.git 2749
2023-01-02 00:55:02.110 [warning] [Decorations] CAPPING events from decorations provider vscode.git 2749
2023-01-02 00:55:07.166 [warning] [Decorations] CAPPING events from decorations provider vscode.git 2749
2023-01-02 00:55:12.228 [warning] [Decorations] CAPPING events from decorations provider vscode.git 2749
2023-01-02 00:55:17.283 [warning] [Decorations] CAPPING events from decorations provider vscode.git 2749
2023-01-02 00:55:22.344 [warning] [Decorations] CAPPING events from decorations provider vscode.git 2749
2023-01-02 00:55:27.429 [warning] [Decorations] CAPPING events from decorations provider vscode.git 2749
2023-01-02 00:55:32.503 [warning] [Decorations] CAPPING events from decorations provider vscode.git 2749
2023-01-02 00:55:41.591 [warning] [Decorations] CAPPING events from decorations provider vscode.git 2749
2023-01-02 00:55:46.655 [warning] [Decorations] CAPPING events from decorations provider vscode.git 2749
2023-01-02 00:55:51.695 [warning] [Decorations] CAPPING events from decorations provider vscode.git 2749
2023-01-02 03:51:01.109 [info] Extension host terminating: received terminate message from renderer
2023-01-02 03:51:01.110 [info] Lock '/home/ubuntu/.vscode-server/data/User/workspaceStorage/96e01e3a329586d7c93d4dd62db94dde/vscode.lock': Marking the lockfile as scheduled to be released in 6000 ms.
2023-01-02 03:51:01.159 [info] Extension host with pid 141 exiting with code 0
