2023-01-07 22:32:40.261 [info] Log level: Info
2023-01-07 22:32:40.261 [info] Validating found git in: "git"
2023-01-07 22:32:40.261 [info] Using git "2.25.1" from "git"
2023-01-07 22:32:40.261 [info] > git rev-parse --show-toplevel [103ms]
2023-01-07 22:32:40.261 [info] fatal: detected dubious ownership in repository at '/home'
To add an exception for this directory, call:

	git config --global --add safe.directory /home
2023-01-07 22:32:40.261 [info] > git rev-parse --show-toplevel [5ms]
2023-01-07 22:32:40.261 [info] > git rev-parse --git-dir --git-common-dir [1ms]
2023-01-07 22:32:40.261 [info] Open repository: /home/ubuntu
2023-01-07 22:32:40.261 [info] > git config --get commit.template [4ms]
2023-01-07 22:32:40.261 [info] > git for-each-ref --format=%(refname)%00%(upstream:short)%00%(objectname)%00%(upstream:track)%00%(upstream:remotename)%00%(upstream:remoteref) refs/heads/master refs/remotes/master [6ms]
2023-01-07 22:32:40.261 [info] > git for-each-ref --sort -committerdate --format %(refname) %(objectname) %(*objectname) [4ms]
2023-01-07 22:32:40.261 [info] > git status -z -uall [33ms]
2023-01-07 22:32:40.261 [info] > git config --get commit.template [1ms]
2023-01-07 22:32:40.261 [info] > git for-each-ref --format=%(refname)%00%(upstream:short)%00%(objectname)%00%(upstream:track)%00%(upstream:remotename)%00%(upstream:remoteref) refs/heads/master refs/remotes/master [0ms]
2023-01-07 22:32:40.261 [info] > git for-each-ref --sort -committerdate --format %(refname) %(objectname) %(*objectname) [1ms]
2023-01-07 22:32:40.261 [info] > git status -z -uall [68ms]
2023-01-07 22:32:40.261 [info] > git ls-files --stage -- /home/ubuntu/pintos/src/threads/synch.c [11ms]
2023-01-07 22:32:40.261 [info] > git cat-file -s b5e14c374d39105ad2e24e81d0655793704c035f [5ms]
2023-01-07 22:32:40.261 [info] > git show --textconv :pintos/src/threads/synch.c [43ms]
2023-01-07 22:32:40.261 [info] > git check-ignore -v -z --stdin [25ms]
2023-01-07 22:32:40.261 [info] > git rev-parse --show-toplevel [2ms]
2023-01-07 22:32:40.261 [info] fatal: detected dubious ownership in repository at '/home'
To add an exception for this directory, call:

	git config --global --add safe.directory /home
2023-01-07 22:32:40.796 [info] > git rev-parse --show-toplevel [1ms]
2023-01-07 22:32:40.796 [info] fatal: detected dubious ownership in repository at '/home'
To add an exception for this directory, call:

	git config --global --add safe.directory /home
2023-01-07 22:32:40.808 [info] > git rev-parse --show-toplevel [1ms]
2023-01-07 22:32:40.808 [info] fatal: detected dubious ownership in repository at '/home'
To add an exception for this directory, call:

	git config --global --add safe.directory /home
2023-01-07 22:32:42.962 [info] > git config --get commit.template [5ms]
2023-01-07 22:32:42.962 [info] > git for-each-ref --format=%(refname)%00%(upstream:short)%00%(objectname)%00%(upstream:track)%00%(upstream:remotename)%00%(upstream:remoteref) refs/heads/master refs/remotes/master [1ms]
2023-01-07 22:32:42.975 [info] > git for-each-ref --sort -committerdate --format %(refname) %(objectname) %(*objectname) [1ms]
2023-01-07 22:32:42.984 [info] > git status -z -uall [12ms]
2023-01-07 22:33:50.186 [info] > git config --get commit.template [5ms]
2023-01-07 22:33:50.187 [info] > git for-each-ref --format=%(refname)%00%(upstream:short)%00%(objectname)%00%(upstream:track)%00%(upstream:remotename)%00%(upstream:remoteref) refs/heads/master refs/remotes/master [3ms]
2023-01-07 22:33:50.202 [info] > git for-each-ref --sort -committerdate --format %(refname) %(objectname) %(*objectname) [3ms]
2023-01-07 22:33:50.212 [info] > git status -z -uall [16ms]
2023-01-07 22:34:00.338 [info] > git config --get commit.template [1ms]
2023-01-07 22:34:00.344 [info] > git for-each-ref --format=%(refname)%00%(upstream:short)%00%(objectname)%00%(upstream:track)%00%(upstream:remotename)%00%(upstream:remoteref) refs/heads/master refs/remotes/master [1ms]
2023-01-07 22:34:00.357 [info] > git for-each-ref --sort -committerdate --format %(refname) %(objectname) %(*objectname) [5ms]
2023-01-07 22:34:00.361 [info] > git status -z -uall [12ms]
2023-01-07 22:34:05.368 [info] > git config --get commit.template [1ms]
2023-01-07 22:34:05.372 [info] > git for-each-ref --format=%(refname)%00%(upstream:short)%00%(objectname)%00%(upstream:track)%00%(upstream:remotename)%00%(upstream:remoteref) refs/heads/master refs/remotes/master [1ms]
2023-01-07 22:34:05.379 [info] > git for-each-ref --sort -committerdate --format %(refname) %(objectname) %(*objectname) [0ms]
2023-01-07 22:34:05.385 [info] > git status -z -uall [10ms]
2023-01-07 22:34:10.393 [info] > git config --get commit.template [0ms]
2023-01-07 22:34:10.396 [info] > git for-each-ref --format=%(refname)%00%(upstream:short)%00%(objectname)%00%(upstream:track)%00%(upstream:remotename)%00%(upstream:remoteref) refs/heads/master refs/remotes/master [1ms]
2023-01-07 22:34:10.403 [info] > git for-each-ref --sort -committerdate --format %(refname) %(objectname) %(*objectname) [0ms]
2023-01-07 22:34:10.409 [info] > git status -z -uall [10ms]
2023-01-07 22:34:15.418 [info] > git config --get commit.template [0ms]
2023-01-07 22:34:15.422 [info] > git for-each-ref --format=%(refname)%00%(upstream:short)%00%(objectname)%00%(upstream:track)%00%(upstream:remotename)%00%(upstream:remoteref) refs/heads/master refs/remotes/master [1ms]
2023-01-07 22:34:15.428 [info] > git for-each-ref --sort -committerdate --format %(refname) %(objectname) %(*objectname) [1ms]
2023-01-07 22:34:15.435 [info] > git status -z -uall [10ms]
2023-01-07 22:34:20.442 [info] > git config --get commit.template [0ms]
2023-01-07 22:34:20.445 [info] > git for-each-ref --format=%(refname)%00%(upstream:short)%00%(objectname)%00%(upstream:track)%00%(upstream:remotename)%00%(upstream:remoteref) refs/heads/master refs/remotes/master [1ms]
2023-01-07 22:34:20.451 [info] > git for-each-ref --sort -committerdate --format %(refname) %(objectname) %(*objectname) [1ms]
2023-01-07 22:34:20.457 [info] > git status -z -uall [9ms]
2023-01-07 22:34:25.467 [info] > git config --get commit.template [3ms]
2023-01-07 22:34:25.467 [info] > git for-each-ref --format=%(refname)%00%(upstream:short)%00%(objectname)%00%(upstream:track)%00%(upstream:remotename)%00%(upstream:remoteref) refs/heads/master refs/remotes/master [1ms]
2023-01-07 22:34:25.473 [info] > git for-each-ref --sort -committerdate --format %(refname) %(objectname) %(*objectname) [1ms]
2023-01-07 22:34:25.480 [info] > git status -z -uall [10ms]
2023-01-07 22:34:30.488 [info] > git config --get commit.template [1ms]
2023-01-07 22:34:30.492 [info] > git for-each-ref --format=%(refname)%00%(upstream:short)%00%(objectname)%00%(upstream:track)%00%(upstream:remotename)%00%(upstream:remoteref) refs/heads/master refs/remotes/master [1ms]
2023-01-07 22:34:30.498 [info] > git for-each-ref --sort -committerdate --format %(refname) %(objectname) %(*objectname) [1ms]
2023-01-07 22:34:30.506 [info] > git status -z -uall [12ms]
2023-01-07 22:34:35.513 [info] > git config --get commit.template [1ms]
2023-01-07 22:34:35.516 [info] > git for-each-ref --format=%(refname)%00%(upstream:short)%00%(objectname)%00%(upstream:track)%00%(upstream:remotename)%00%(upstream:remoteref) refs/heads/master refs/remotes/master [0ms]
2023-01-07 22:34:35.523 [info] > git for-each-ref --sort -committerdate --format %(refname) %(objectname) %(*objectname) [1ms]
2023-01-07 22:34:35.529 [info] > git status -z -uall [9ms]
2023-01-07 22:34:40.540 [info] > git config --get commit.template [4ms]
2023-01-07 22:34:40.540 [info] > git for-each-ref --format=%(refname)%00%(upstream:short)%00%(objectname)%00%(upstream:track)%00%(upstream:remotename)%00%(upstream:remoteref) refs/heads/master refs/remotes/master [1ms]
2023-01-07 22:34:40.548 [info] > git for-each-ref --sort -committerdate --format %(refname) %(objectname) %(*objectname) [2ms]
2023-01-07 22:34:40.557 [info] > git status -z -uall [14ms]
2023-01-07 22:34:45.564 [info] > git config --get commit.template [1ms]
2023-01-07 22:34:45.568 [info] > git for-each-ref --format=%(refname)%00%(upstream:short)%00%(objectname)%00%(upstream:track)%00%(upstream:remotename)%00%(upstream:remoteref) refs/heads/master refs/remotes/master [1ms]
2023-01-07 22:34:45.575 [info] > git for-each-ref --sort -committerdate --format %(refname) %(objectname) %(*objectname) [1ms]
2023-01-07 22:34:45.580 [info] > git status -z -uall [9ms]
2023-01-07 22:34:50.587 [info] > git config --get commit.template [1ms]
2023-01-07 22:34:50.591 [info] > git for-each-ref --format=%(refname)%00%(upstream:short)%00%(objectname)%00%(upstream:track)%00%(upstream:remotename)%00%(upstream:remoteref) refs/heads/master refs/remotes/master [1ms]
2023-01-07 22:34:50.597 [info] > git for-each-ref --sort -committerdate --format %(refname) %(objectname) %(*objectname) [1ms]
2023-01-07 22:34:50.603 [info] > git status -z -uall [9ms]
2023-01-07 22:34:59.979 [info] > git config --get commit.template [1ms]
2023-01-07 22:34:59.982 [info] > git for-each-ref --format=%(refname)%00%(upstream:short)%00%(objectname)%00%(upstream:track)%00%(upstream:remotename)%00%(upstream:remoteref) refs/heads/master refs/remotes/master [0ms]
2023-01-07 22:34:59.988 [info] > git for-each-ref --sort -committerdate --format %(refname) %(objectname) %(*objectname) [1ms]
2023-01-07 22:34:59.994 [info] > git status -z -uall [9ms]
2023-01-07 22:35:05.002 [info] > git config --get commit.template [1ms]
2023-01-07 22:35:05.006 [info] > git for-each-ref --format=%(refname)%00%(upstream:short)%00%(objectname)%00%(upstream:track)%00%(upstream:remotename)%00%(upstream:remoteref) refs/heads/master refs/remotes/master [1ms]
2023-01-07 22:35:05.013 [info] > git for-each-ref --sort -committerdate --format %(refname) %(objectname) %(*objectname) [1ms]
2023-01-07 22:35:05.019 [info] > git status -z -uall [10ms]
2023-01-07 22:43:50.276 [info] > git config --get commit.template [1ms]
2023-01-07 22:43:50.285 [info] > git for-each-ref --format=%(refname)%00%(upstream:short)%00%(objectname)%00%(upstream:track)%00%(upstream:remotename)%00%(upstream:remoteref) refs/heads/master refs/remotes/master [4ms]
2023-01-07 22:43:50.292 [info] > git for-each-ref --sort -committerdate --format %(refname) %(objectname) %(*objectname) [1ms]
2023-01-07 22:43:50.299 [info] > git status -z -uall [11ms]
2023-01-07 22:43:55.312 [info] > git config --get commit.template [3ms]
2023-01-07 22:43:55.313 [info] > git for-each-ref --format=%(refname)%00%(upstream:short)%00%(objectname)%00%(upstream:track)%00%(upstream:remotename)%00%(upstream:remoteref) refs/heads/master refs/remotes/master [1ms]
2023-01-07 22:43:55.319 [info] > git for-each-ref --sort -committerdate --format %(refname) %(objectname) %(*objectname) [1ms]
2023-01-07 22:43:55.325 [info] > git status -z -uall [10ms]
2023-01-07 22:44:00.332 [info] > git config --get commit.template [1ms]
2023-01-07 22:44:00.335 [info] > git for-each-ref --format=%(refname)%00%(upstream:short)%00%(objectname)%00%(upstream:track)%00%(upstream:remotename)%00%(upstream:remoteref) refs/heads/master refs/remotes/master [1ms]
2023-01-07 22:44:00.342 [info] > git for-each-ref --sort -committerdate --format %(refname) %(objectname) %(*objectname) [1ms]
2023-01-07 22:44:00.348 [info] > git status -z -uall [9ms]
2023-01-07 22:44:05.355 [info] > git config --get commit.template [1ms]
2023-01-07 22:44:05.359 [info] > git for-each-ref --format=%(refname)%00%(upstream:short)%00%(objectname)%00%(upstream:track)%00%(upstream:remotename)%00%(upstream:remoteref) refs/heads/master refs/remotes/master [1ms]
2023-01-07 22:44:05.365 [info] > git for-each-ref --sort -committerdate --format %(refname) %(objectname) %(*objectname) [1ms]
2023-01-07 22:44:05.371 [info] > git status -z -uall [10ms]
2023-01-07 22:44:10.381 [info] > git config --get commit.template [3ms]
2023-01-07 22:44:10.382 [info] > git for-each-ref --format=%(refname)%00%(upstream:short)%00%(objectname)%00%(upstream:track)%00%(upstream:remotename)%00%(upstream:remoteref) refs/heads/master refs/remotes/master [1ms]
2023-01-07 22:44:10.388 [info] > git for-each-ref --sort -committerdate --format %(refname) %(objectname) %(*objectname) [1ms]
2023-01-07 22:44:10.394 [info] > git status -z -uall [9ms]
2023-01-07 23:02:06.872 [info] > git config --get commit.template [1ms]
2023-01-07 23:02:06.877 [info] > git for-each-ref --format=%(refname)%00%(upstream:short)%00%(objectname)%00%(upstream:track)%00%(upstream:remotename)%00%(upstream:remoteref) refs/heads/master refs/remotes/master [1ms]
2023-01-07 23:02:06.884 [info] > git for-each-ref --sort -committerdate --format %(refname) %(objectname) %(*objectname) [1ms]
2023-01-07 23:02:06.892 [info] > git status -z -uall [12ms]
2023-01-07 23:02:11.900 [info] > git config --get commit.template [1ms]
2023-01-07 23:02:11.904 [info] > git for-each-ref --format=%(refname)%00%(upstream:short)%00%(objectname)%00%(upstream:track)%00%(upstream:remotename)%00%(upstream:remoteref) refs/heads/master refs/remotes/master [1ms]
2023-01-07 23:02:11.916 [info] > git for-each-ref --sort -committerdate --format %(refname) %(objectname) %(*objectname) [1ms]
2023-01-07 23:02:11.920 [info] > git status -z -uall [13ms]
2023-01-07 23:02:16.932 [info] > git config --get commit.template [5ms]
2023-01-07 23:02:16.933 [info] > git for-each-ref --format=%(refname)%00%(upstream:short)%00%(objectname)%00%(upstream:track)%00%(upstream:remotename)%00%(upstream:remoteref) refs/heads/master refs/remotes/master [2ms]
2023-01-07 23:02:16.939 [info] > git for-each-ref --sort -committerdate --format %(refname) %(objectname) %(*objectname) [1ms]
2023-01-07 23:02:16.945 [info] > git status -z -uall [10ms]
2023-01-07 23:02:21.952 [info] > git config --get commit.template [1ms]
2023-01-07 23:02:21.956 [info] > git for-each-ref --format=%(refname)%00%(upstream:short)%00%(objectname)%00%(upstream:track)%00%(upstream:remotename)%00%(upstream:remoteref) refs/heads/master refs/remotes/master [1ms]
2023-01-07 23:02:21.963 [info] > git for-each-ref --sort -committerdate --format %(refname) %(objectname) %(*objectname) [1ms]
2023-01-07 23:02:21.969 [info] > git status -z -uall [10ms]
2023-01-07 23:07:54.812 [info] > git config --get commit.template [4ms]
2023-01-07 23:07:54.813 [info] > git for-each-ref --format=%(refname)%00%(upstream:short)%00%(objectname)%00%(upstream:track)%00%(upstream:remotename)%00%(upstream:remoteref) refs/heads/master refs/remotes/master [2ms]
2023-01-07 23:07:54.824 [info] > git for-each-ref --sort -committerdate --format %(refname) %(objectname) %(*objectname) [1ms]
2023-01-07 23:07:54.828 [info] > git status -z -uall [11ms]
2023-01-07 23:12:29.416 [info] > git config --get commit.template [4ms]
2023-01-07 23:12:29.417 [info] > git for-each-ref --format=%(refname)%00%(upstream:short)%00%(objectname)%00%(upstream:track)%00%(upstream:remotename)%00%(upstream:remoteref) refs/heads/master refs/remotes/master [2ms]
2023-01-07 23:12:29.426 [info] > git for-each-ref --sort -committerdate --format %(refname) %(objectname) %(*objectname) [1ms]
2023-01-07 23:12:29.432 [info] > git status -z -uall [12ms]
2023-01-07 23:12:34.443 [info] > git config --get commit.template [4ms]
2023-01-07 23:12:34.444 [info] > git for-each-ref --format=%(refname)%00%(upstream:short)%00%(objectname)%00%(upstream:track)%00%(upstream:remotename)%00%(upstream:remoteref) refs/heads/master refs/remotes/master [1ms]
2023-01-07 23:12:34.450 [info] > git for-each-ref --sort -committerdate --format %(refname) %(objectname) %(*objectname) [1ms]
2023-01-07 23:12:34.456 [info] > git status -z -uall [10ms]
2023-01-07 23:12:39.466 [info] > git config --get commit.template [4ms]
2023-01-07 23:12:39.466 [info] > git for-each-ref --format=%(refname)%00%(upstream:short)%00%(objectname)%00%(upstream:track)%00%(upstream:remotename)%00%(upstream:remoteref) refs/heads/master refs/remotes/master [1ms]
2023-01-07 23:12:39.472 [info] > git for-each-ref --sort -committerdate --format %(refname) %(objectname) %(*objectname) [1ms]
2023-01-07 23:12:39.479 [info] > git status -z -uall [9ms]
2023-01-07 23:12:44.488 [info] > git config --get commit.template [3ms]
2023-01-07 23:12:44.489 [info] > git for-each-ref --format=%(refname)%00%(upstream:short)%00%(objectname)%00%(upstream:track)%00%(upstream:remotename)%00%(upstream:remoteref) refs/heads/master refs/remotes/master [1ms]
2023-01-07 23:12:44.495 [info] > git for-each-ref --sort -committerdate --format %(refname) %(objectname) %(*objectname) [1ms]
2023-01-07 23:12:44.502 [info] > git status -z -uall [10ms]
2023-01-07 23:16:49.413 [info] > git config --get commit.template [4ms]
2023-01-07 23:16:49.417 [info] > git for-each-ref --format=%(refname)%00%(upstream:short)%00%(objectname)%00%(upstream:track)%00%(upstream:remotename)%00%(upstream:remoteref) refs/heads/master refs/remotes/master [4ms]
2023-01-07 23:16:49.427 [info] > git for-each-ref --sort -committerdate --format %(refname) %(objectname) %(*objectname) [2ms]
2023-01-07 23:16:49.438 [info] > git status -z -uall [16ms]
2023-01-07 23:16:58.368 [info] > git config --get commit.template [3ms]
2023-01-07 23:16:58.368 [info] > git for-each-ref --format=%(refname)%00%(upstream:short)%00%(objectname)%00%(upstream:track)%00%(upstream:remotename)%00%(upstream:remoteref) refs/heads/master refs/remotes/master [1ms]
2023-01-07 23:16:58.375 [info] > git for-each-ref --sort -committerdate --format %(refname) %(objectname) %(*objectname) [1ms]
2023-01-07 23:16:58.383 [info] > git status -z -uall [12ms]
2023-01-07 23:17:03.392 [info] > git config --get commit.template [4ms]
2023-01-07 23:17:03.392 [info] > git for-each-ref --format=%(refname)%00%(upstream:short)%00%(objectname)%00%(upstream:track)%00%(upstream:remotename)%00%(upstream:remoteref) refs/heads/master refs/remotes/master [1ms]
2023-01-07 23:17:03.398 [info] > git for-each-ref --sort -committerdate --format %(refname) %(objectname) %(*objectname) [1ms]
2023-01-07 23:17:03.405 [info] > git status -z -uall [10ms]
2023-01-07 23:21:25.676 [info] > git config --get commit.template [4ms]
2023-01-07 23:21:25.677 [info] > git for-each-ref --format=%(refname)%00%(upstream:short)%00%(objectname)%00%(upstream:track)%00%(upstream:remotename)%00%(upstream:remoteref) refs/heads/master refs/remotes/master [1ms]
2023-01-07 23:21:25.687 [info] > git for-each-ref --sort -committerdate --format %(refname) %(objectname) %(*objectname) [2ms]
2023-01-07 23:21:25.695 [info] > git status -z -uall [13ms]
2023-01-07 23:21:30.708 [info] > git for-each-ref --format=%(refname)%00%(upstream:short)%00%(objectname)%00%(upstream:track)%00%(upstream:remotename)%00%(upstream:remoteref) refs/heads/master refs/remotes/master [0ms]
2023-01-07 23:21:30.708 [info] > git config --get commit.template [6ms]
2023-01-07 23:21:30.717 [info] > git for-each-ref --sort -committerdate --format %(refname) %(objectname) %(*objectname) [1ms]
2023-01-07 23:21:30.723 [info] > git status -z -uall [12ms]
2023-01-07 23:21:35.732 [info] > git config --get commit.template [4ms]
2023-01-07 23:21:35.732 [info] > git for-each-ref --format=%(refname)%00%(upstream:short)%00%(objectname)%00%(upstream:track)%00%(upstream:remotename)%00%(upstream:remoteref) refs/heads/master refs/remotes/master [1ms]
2023-01-07 23:21:35.739 [info] > git for-each-ref --sort -committerdate --format %(refname) %(objectname) %(*objectname) [1ms]
2023-01-07 23:21:35.745 [info] > git status -z -uall [10ms]
2023-01-07 23:21:40.754 [info] > git config --get commit.template [3ms]
2023-01-07 23:21:40.755 [info] > git for-each-ref --format=%(refname)%00%(upstream:short)%00%(objectname)%00%(upstream:track)%00%(upstream:remotename)%00%(upstream:remoteref) refs/heads/master refs/remotes/master [1ms]
2023-01-07 23:21:40.762 [info] > git for-each-ref --sort -committerdate --format %(refname) %(objectname) %(*objectname) [1ms]
2023-01-07 23:21:40.768 [info] > git status -z -uall [10ms]
2023-01-07 23:21:45.776 [info] > git config --get commit.template [3ms]
2023-01-07 23:21:45.777 [info] > git for-each-ref --format=%(refname)%00%(upstream:short)%00%(objectname)%00%(upstream:track)%00%(upstream:remotename)%00%(upstream:remoteref) refs/heads/master refs/remotes/master [1ms]
2023-01-07 23:21:45.783 [info] > git for-each-ref --sort -committerdate --format %(refname) %(objectname) %(*objectname) [1ms]
2023-01-07 23:21:45.789 [info] > git status -z -uall [10ms]
2023-01-07 23:21:50.799 [info] > git config --get commit.template [4ms]
2023-01-07 23:21:50.799 [info] > git for-each-ref --format=%(refname)%00%(upstream:short)%00%(objectname)%00%(upstream:track)%00%(upstream:remotename)%00%(upstream:remoteref) refs/heads/master refs/remotes/master [1ms]
2023-01-07 23:21:50.806 [info] > git for-each-ref --sort -committerdate --format %(refname) %(objectname) %(*objectname) [1ms]
2023-01-07 23:21:50.812 [info] > git status -z -uall [9ms]
2023-01-07 23:25:17.455 [info] > git config --get commit.template [4ms]
2023-01-07 23:25:17.455 [info] > git for-each-ref --format=%(refname)%00%(upstream:short)%00%(objectname)%00%(upstream:track)%00%(upstream:remotename)%00%(upstream:remoteref) refs/heads/master refs/remotes/master [2ms]
2023-01-07 23:25:17.464 [info] > git for-each-ref --sort -committerdate --format %(refname) %(objectname) %(*objectname) [1ms]
2023-01-07 23:25:17.471 [info] > git status -z -uall [10ms]
2023-01-07 23:25:22.477 [info] > git config --get commit.template [1ms]
2023-01-07 23:25:22.481 [info] > git for-each-ref --format=%(refname)%00%(upstream:short)%00%(objectname)%00%(upstream:track)%00%(upstream:remotename)%00%(upstream:remoteref) refs/heads/master refs/remotes/master [1ms]
2023-01-07 23:25:22.488 [info] > git for-each-ref --sort -committerdate --format %(refname) %(objectname) %(*objectname) [0ms]
2023-01-07 23:25:22.494 [info] > git status -z -uall [10ms]
2023-01-07 23:25:27.502 [info] > git config --get commit.template [1ms]
2023-01-07 23:25:27.506 [info] > git for-each-ref --format=%(refname)%00%(upstream:short)%00%(objectname)%00%(upstream:track)%00%(upstream:remotename)%00%(upstream:remoteref) refs/heads/master refs/remotes/master [1ms]
2023-01-07 23:25:27.512 [info] > git for-each-ref --sort -committerdate --format %(refname) %(objectname) %(*objectname) [1ms]
2023-01-07 23:25:27.520 [info] > git status -z -uall [12ms]
2023-01-07 23:25:32.530 [info] > git config --get commit.template [3ms]
2023-01-07 23:25:32.531 [info] > git for-each-ref --format=%(refname)%00%(upstream:short)%00%(objectname)%00%(upstream:track)%00%(upstream:remotename)%00%(upstream:remoteref) refs/heads/master refs/remotes/master [0ms]
2023-01-07 23:25:32.536 [info] > git for-each-ref --sort -committerdate --format %(refname) %(objectname) %(*objectname) [1ms]
2023-01-07 23:25:32.544 [info] > git status -z -uall [10ms]
2023-01-07 23:25:37.555 [info] > git config --get commit.template [4ms]
2023-01-07 23:25:37.555 [info] > git for-each-ref --format=%(refname)%00%(upstream:short)%00%(objectname)%00%(upstream:track)%00%(upstream:remotename)%00%(upstream:remoteref) refs/heads/master refs/remotes/master [1ms]
2023-01-07 23:25:37.561 [info] > git for-each-ref --sort -committerdate --format %(refname) %(objectname) %(*objectname) [1ms]
2023-01-07 23:25:37.567 [info] > git status -z -uall [9ms]
2023-01-07 23:25:42.577 [info] > git config --get commit.template [4ms]
2023-01-07 23:25:42.578 [info] > git for-each-ref --format=%(refname)%00%(upstream:short)%00%(objectname)%00%(upstream:track)%00%(upstream:remotename)%00%(upstream:remoteref) refs/heads/master refs/remotes/master [1ms]
2023-01-07 23:25:42.584 [info] > git for-each-ref --sort -committerdate --format %(refname) %(objectname) %(*objectname) [1ms]
2023-01-07 23:25:42.590 [info] > git status -z -uall [10ms]
2023-01-07 23:25:47.597 [info] > git config --get commit.template [1ms]
2023-01-07 23:25:47.601 [info] > git for-each-ref --format=%(refname)%00%(upstream:short)%00%(objectname)%00%(upstream:track)%00%(upstream:remotename)%00%(upstream:remoteref) refs/heads/master refs/remotes/master [1ms]
2023-01-07 23:25:47.607 [info] > git for-each-ref --sort -committerdate --format %(refname) %(objectname) %(*objectname) [1ms]
2023-01-07 23:25:47.614 [info] > git status -z -uall [10ms]
2023-01-07 23:25:52.621 [info] > git config --get commit.template [1ms]
2023-01-07 23:25:52.625 [info] > git for-each-ref --format=%(refname)%00%(upstream:short)%00%(objectname)%00%(upstream:track)%00%(upstream:remotename)%00%(upstream:remoteref) refs/heads/master refs/remotes/master [1ms]
2023-01-07 23:25:52.630 [info] > git for-each-ref --sort -committerdate --format %(refname) %(objectname) %(*objectname) [1ms]
2023-01-07 23:25:52.636 [info] > git status -z -uall [9ms]
2023-01-07 23:25:57.647 [info] > git config --get commit.template [3ms]
2023-01-07 23:25:57.648 [info] > git for-each-ref --format=%(refname)%00%(upstream:short)%00%(objectname)%00%(upstream:track)%00%(upstream:remotename)%00%(upstream:remoteref) refs/heads/master refs/remotes/master [1ms]
2023-01-07 23:25:57.654 [info] > git for-each-ref --sort -committerdate --format %(refname) %(objectname) %(*objectname) [1ms]
2023-01-07 23:25:57.661 [info] > git status -z -uall [11ms]
2023-01-07 23:26:02.672 [info] > git config --get commit.template [5ms]
2023-01-07 23:26:02.672 [info] > git for-each-ref --format=%(refname)%00%(upstream:short)%00%(objectname)%00%(upstream:track)%00%(upstream:remotename)%00%(upstream:remoteref) refs/heads/master refs/remotes/master [1ms]
2023-01-07 23:26:02.679 [info] > git for-each-ref --sort -committerdate --format %(refname) %(objectname) %(*objectname) [1ms]
2023-01-07 23:26:02.686 [info] > git status -z -uall [10ms]
2023-01-07 23:26:07.695 [info] > git config --get commit.template [3ms]
2023-01-07 23:26:07.696 [info] > git for-each-ref --format=%(refname)%00%(upstream:short)%00%(objectname)%00%(upstream:track)%00%(upstream:remotename)%00%(upstream:remoteref) refs/heads/master refs/remotes/master [1ms]
2023-01-07 23:26:07.702 [info] > git for-each-ref --sort -committerdate --format %(refname) %(objectname) %(*objectname) [1ms]
2023-01-07 23:26:07.709 [info] > git status -z -uall [11ms]
2023-01-07 23:26:12.719 [info] > git config --get commit.template [4ms]
2023-01-07 23:26:12.719 [info] > git for-each-ref --format=%(refname)%00%(upstream:short)%00%(objectname)%00%(upstream:track)%00%(upstream:remotename)%00%(upstream:remoteref) refs/heads/master refs/remotes/master [0ms]
2023-01-07 23:26:12.725 [info] > git for-each-ref --sort -committerdate --format %(refname) %(objectname) %(*objectname) [1ms]
2023-01-07 23:26:12.732 [info] > git status -z -uall [10ms]
2023-01-07 23:26:17.742 [info] > git for-each-ref --format=%(refname)%00%(upstream:short)%00%(objectname)%00%(upstream:track)%00%(upstream:remotename)%00%(upstream:remoteref) refs/heads/master refs/remotes/master [1ms]
2023-01-07 23:26:17.742 [info] > git config --get commit.template [4ms]
2023-01-07 23:26:17.748 [info] > git for-each-ref --sort -committerdate --format %(refname) %(objectname) %(*objectname) [1ms]
2023-01-07 23:26:17.754 [info] > git status -z -uall [9ms]
2023-01-07 23:26:22.761 [info] > git config --get commit.template [0ms]
2023-01-07 23:26:22.765 [info] > git for-each-ref --format=%(refname)%00%(upstream:short)%00%(objectname)%00%(upstream:track)%00%(upstream:remotename)%00%(upstream:remoteref) refs/heads/master refs/remotes/master [1ms]
2023-01-07 23:26:22.771 [info] > git for-each-ref --sort -committerdate --format %(refname) %(objectname) %(*objectname) [0ms]
2023-01-07 23:26:22.777 [info] > git status -z -uall [10ms]
2023-01-07 23:28:39.451 [info] > git config --get commit.template [5ms]
2023-01-07 23:28:39.452 [info] > git for-each-ref --format=%(refname)%00%(upstream:short)%00%(objectname)%00%(upstream:track)%00%(upstream:remotename)%00%(upstream:remoteref) refs/heads/master refs/remotes/master [1ms]
2023-01-07 23:28:39.460 [info] > git for-each-ref --sort -committerdate --format %(refname) %(objectname) %(*objectname) [1ms]
2023-01-07 23:28:39.467 [info] > git status -z -uall [11ms]
2023-01-07 23:28:46.323 [info] > git config --get commit.template [5ms]
2023-01-07 23:28:46.323 [info] > git for-each-ref --format=%(refname)%00%(upstream:short)%00%(objectname)%00%(upstream:track)%00%(upstream:remotename)%00%(upstream:remoteref) refs/heads/master refs/remotes/master [1ms]
2023-01-07 23:28:46.343 [info] > git for-each-ref --sort -committerdate --format %(refname) %(objectname) %(*objectname) [1ms]
2023-01-07 23:28:46.344 [info] > git status -z -uall [18ms]
2023-01-07 23:28:51.356 [info] > git config --get commit.template [3ms]
2023-01-07 23:28:51.356 [info] > git for-each-ref --format=%(refname)%00%(upstream:short)%00%(objectname)%00%(upstream:track)%00%(upstream:remotename)%00%(upstream:remoteref) refs/heads/master refs/remotes/master [1ms]
2023-01-07 23:28:51.363 [info] > git for-each-ref --sort -committerdate --format %(refname) %(objectname) %(*objectname) [1ms]
2023-01-07 23:28:51.369 [info] > git status -z -uall [10ms]
2023-01-07 23:28:56.376 [info] > git config --get commit.template [1ms]
2023-01-07 23:28:56.380 [info] > git for-each-ref --format=%(refname)%00%(upstream:short)%00%(objectname)%00%(upstream:track)%00%(upstream:remotename)%00%(upstream:remoteref) refs/heads/master refs/remotes/master [1ms]
2023-01-07 23:28:56.388 [info] > git for-each-ref --sort -committerdate --format %(refname) %(objectname) %(*objectname) [0ms]
2023-01-07 23:28:56.392 [info] > git status -z -uall [10ms]
2023-01-07 23:29:01.402 [info] > git config --get commit.template [3ms]
2023-01-07 23:29:01.403 [info] > git for-each-ref --format=%(refname)%00%(upstream:short)%00%(objectname)%00%(upstream:track)%00%(upstream:remotename)%00%(upstream:remoteref) refs/heads/master refs/remotes/master [1ms]
2023-01-07 23:29:01.409 [info] > git for-each-ref --sort -committerdate --format %(refname) %(objectname) %(*objectname) [1ms]
2023-01-07 23:29:01.416 [info] > git status -z -uall [11ms]
2023-01-07 23:29:06.426 [info] > git config --get commit.template [4ms]
2023-01-07 23:29:06.427 [info] > git for-each-ref --format=%(refname)%00%(upstream:short)%00%(objectname)%00%(upstream:track)%00%(upstream:remotename)%00%(upstream:remoteref) refs/heads/master refs/remotes/master [2ms]
2023-01-07 23:29:06.434 [info] > git for-each-ref --sort -committerdate --format %(refname) %(objectname) %(*objectname) [1ms]
2023-01-07 23:29:06.441 [info] > git status -z -uall [11ms]
2023-01-07 23:29:11.454 [info] > git config --get commit.template [3ms]
2023-01-07 23:29:11.454 [info] > git for-each-ref --format=%(refname)%00%(upstream:short)%00%(objectname)%00%(upstream:track)%00%(upstream:remotename)%00%(upstream:remoteref) refs/heads/master refs/remotes/master [1ms]
2023-01-07 23:29:11.460 [info] > git for-each-ref --sort -committerdate --format %(refname) %(objectname) %(*objectname) [1ms]
2023-01-07 23:29:11.467 [info] > git status -z -uall [9ms]
2023-01-07 23:29:16.477 [info] > git config --get commit.template [3ms]
2023-01-07 23:29:16.477 [info] > git for-each-ref --format=%(refname)%00%(upstream:short)%00%(objectname)%00%(upstream:track)%00%(upstream:remotename)%00%(upstream:remoteref) refs/heads/master refs/remotes/master [1ms]
2023-01-07 23:29:16.484 [info] > git for-each-ref --sort -committerdate --format %(refname) %(objectname) %(*objectname) [1ms]
2023-01-07 23:29:16.490 [info] > git status -z -uall [10ms]
2023-01-07 23:29:21.500 [info] > git config --get commit.template [5ms]
2023-01-07 23:29:21.501 [info] > git for-each-ref --format=%(refname)%00%(upstream:short)%00%(objectname)%00%(upstream:track)%00%(upstream:remotename)%00%(upstream:remoteref) refs/heads/master refs/remotes/master [2ms]
2023-01-07 23:29:21.514 [info] > git for-each-ref --sort -committerdate --format %(refname) %(objectname) %(*objectname) [7ms]
2023-01-07 23:29:21.518 [info] > git status -z -uall [14ms]
2023-01-07 23:29:26.525 [info] > git config --get commit.template [1ms]
2023-01-07 23:29:26.529 [info] > git for-each-ref --format=%(refname)%00%(upstream:short)%00%(objectname)%00%(upstream:track)%00%(upstream:remotename)%00%(upstream:remoteref) refs/heads/master refs/remotes/master [1ms]
2023-01-07 23:29:26.536 [info] > git for-each-ref --sort -committerdate --format %(refname) %(objectname) %(*objectname) [0ms]
2023-01-07 23:29:26.542 [info] > git status -z -uall [10ms]
2023-01-07 23:29:53.730 [info] > git config --get commit.template [1ms]
2023-01-07 23:29:53.734 [info] > git for-each-ref --format=%(refname)%00%(upstream:short)%00%(objectname)%00%(upstream:track)%00%(upstream:remotename)%00%(upstream:remoteref) refs/heads/master refs/remotes/master [1ms]
2023-01-07 23:29:53.741 [info] > git for-each-ref --sort -committerdate --format %(refname) %(objectname) %(*objectname) [1ms]
2023-01-07 23:29:53.750 [info] > git status -z -uall [13ms]
2023-01-07 23:29:58.760 [info] > git config --get commit.template [3ms]
2023-01-07 23:29:58.760 [info] > git for-each-ref --format=%(refname)%00%(upstream:short)%00%(objectname)%00%(upstream:track)%00%(upstream:remotename)%00%(upstream:remoteref) refs/heads/master refs/remotes/master [1ms]
2023-01-07 23:29:58.766 [info] > git for-each-ref --sort -committerdate --format %(refname) %(objectname) %(*objectname) [0ms]
2023-01-07 23:29:58.773 [info] > git status -z -uall [10ms]
2023-01-07 23:30:03.782 [info] > git config --get commit.template [3ms]
2023-01-07 23:30:03.783 [info] > git for-each-ref --format=%(refname)%00%(upstream:short)%00%(objectname)%00%(upstream:track)%00%(upstream:remotename)%00%(upstream:remoteref) refs/heads/master refs/remotes/master [1ms]
2023-01-07 23:30:03.790 [info] > git for-each-ref --sort -committerdate --format %(refname) %(objectname) %(*objectname) [1ms]
2023-01-07 23:30:03.796 [info] > git status -z -uall [10ms]
2023-01-08 01:41:36.218 [info] > git config --get commit.template [13ms]
2023-01-08 01:41:36.220 [info] > git for-each-ref --format=%(refname)%00%(upstream:short)%00%(objectname)%00%(upstream:track)%00%(upstream:remotename)%00%(upstream:remoteref) refs/heads/master refs/remotes/master [5ms]
2023-01-08 01:41:36.257 [info] > git for-each-ref --sort -committerdate --format %(refname) %(objectname) %(*objectname) [2ms]
2023-01-08 01:41:36.296 [info] > git status -z -uall [61ms]
