2022-12-28 04:43:33.832 [info] Extension host with pid 1009 started
2022-12-28 04:43:33.889 [info] Lock '/home/ubuntu/.vscode-server/data/User/workspaceStorage/96e01e3a329586d7c93d4dd62db94dde/vscode.lock': Lock acquired.
2022-12-28 04:43:34.066 [info] ExtensionService#_doActivateExtension vscode.git-base, startup: true, activationEvent: '*', root cause: vscode.git
2022-12-28 04:43:34.178 [info] ExtensionService#_doActivateExtension vscode.git, startup: true, activationEvent: '*'
2022-12-28 04:43:34.178 [info] ExtensionService#_doActivateExtension vscode.github, startup: true, activationEvent: '*'
2022-12-28 04:43:34.363 [info] ExtensionService#_doActivateExtension vscode.debug-auto-launch, startup: false, activationEvent: 'onStartupFinished'
2022-12-28 04:43:34.363 [info] ExtensionService#_doActivateExtension vscode.emmet, startup: false, activationEvent: 'onStartupFinished'
2022-12-28 04:43:34.364 [info] ExtensionService#_doActivateExtension vscode.merge-conflict, startup: false, activationEvent: 'onStartupFinished'
2022-12-28 04:43:34.364 [info] Eager extensions activated
2022-12-28 04:43:34.604 [warning] [Decorations] CAPPING events from decorations provider vscode.git 2748
2022-12-28 04:43:34.716 [warning] [Decorations] CAPPING events from decorations provider vscode.git 2748
2022-12-28 04:43:37.242 [warning] [Decorations] CAPPING events from decorations provider vscode.git 2749
2022-12-28 04:43:42.297 [warning] [Decorations] CAPPING events from decorations provider vscode.git 2749
2022-12-28 04:43:47.351 [warning] [Decorations] CAPPING events from decorations provider vscode.git 2745
2022-12-28 04:43:52.406 [warning] [Decorations] CAPPING events from decorations provider vscode.git 2745
2022-12-28 04:43:57.473 [warning] [Decorations] CAPPING events from decorations provider vscode.git 2747
2022-12-28 04:44:02.533 [warning] [Decorations] CAPPING events from decorations provider vscode.git 2747
2022-12-28 04:44:07.595 [warning] [Decorations] CAPPING events from decorations provider vscode.git 2747
2022-12-28 04:44:12.645 [warning] [Decorations] CAPPING events from decorations provider vscode.git 2747
2022-12-28 04:44:17.704 [warning] [Decorations] CAPPING events from decorations provider vscode.git 2747
2022-12-28 04:44:22.757 [warning] [Decorations] CAPPING events from decorations provider vscode.git 2747
2022-12-28 04:44:27.813 [warning] [Decorations] CAPPING events from decorations provider vscode.git 2747
2022-12-28 04:44:32.872 [warning] [Decorations] CAPPING events from decorations provider vscode.git 2747
2022-12-28 04:44:37.928 [warning] [Decorations] CAPPING events from decorations provider vscode.git 2747
2022-12-28 04:44:38.445 [warning] [Decorations] CAPPING events from decorations provider vscode.git 2747
2022-12-28 04:44:42.986 [warning] [Decorations] CAPPING events from decorations provider vscode.git 2747
2022-12-28 04:44:48.047 [warning] [Decorations] CAPPING events from decorations provider vscode.git 2747
2022-12-28 04:44:53.101 [warning] [Decorations] CAPPING events from decorations provider vscode.git 2747
2022-12-28 04:44:58.160 [warning] [Decorations] CAPPING events from decorations provider vscode.git 2747
2022-12-28 04:45:03.224 [warning] [Decorations] CAPPING events from decorations provider vscode.git 2747
2022-12-28 04:45:03.568 [info] Extension host terminating: received terminate message from renderer
2022-12-28 04:45:03.569 [info] Lock '/home/ubuntu/.vscode-server/data/User/workspaceStorage/96e01e3a329586d7c93d4dd62db94dde/vscode.lock': Marking the lockfile as scheduled to be released in 6000 ms.
2022-12-28 04:45:03.577 [info] Extension host with pid 1009 exiting with code 0
