2022-12-28 04:34:28.237 [info] Extension host with pid 141 started
2022-12-28 04:34:28.334 [info] ExtensionService#_doActivateExtension vscode.git-base, startup: true, activationEvent: '*', root cause: vscode.git
2022-12-28 04:34:28.347 [info] Lock '/home/ubuntu/.vscode-server/data/User/workspaceStorage/ee9394f814358eeff31a78ad590bc1a6/vscode.lock': Lock acquired.
2022-12-28 04:34:28.677 [info] ExtensionService#_doActivateExtension vscode.git, startup: true, activationEvent: '*'
2022-12-28 04:34:28.677 [info] ExtensionService#_doActivateExtension vscode.github, startup: true, activationEvent: '*'
2022-12-28 04:34:28.842 [info] ExtensionService#_doActivateExtension vscode.debug-auto-launch, startup: false, activationEvent: 'onStartupFinished'
2022-12-28 04:34:28.842 [info] ExtensionService#_doActivateExtension vscode.emmet, startup: false, activationEvent: 'onStartupFinished'
2022-12-28 04:34:28.843 [info] ExtensionService#_doActivateExtension vscode.merge-conflict, startup: false, activationEvent: 'onStartupFinished'
2022-12-28 04:34:28.843 [info] Eager extensions activated
2022-12-28 04:37:49.648 [warning] [Decorations] CAPPING events from decorations provider vscode.git 2743
2022-12-28 04:37:50.028 [warning] [Decorations] CAPPING events from decorations provider vscode.git 2743
2022-12-28 04:37:52.567 [warning] [Decorations] CAPPING events from decorations provider vscode.git 2743
2022-12-28 04:37:57.628 [warning] [Decorations] CAPPING events from decorations provider vscode.git 2743
2022-12-28 04:38:02.687 [warning] [Decorations] CAPPING events from decorations provider vscode.git 2743
2022-12-28 04:38:07.756 [warning] [Decorations] CAPPING events from decorations provider vscode.git 2743
2022-12-28 04:38:12.818 [warning] [Decorations] CAPPING events from decorations provider vscode.git 2743
2022-12-28 04:38:17.881 [warning] [Decorations] CAPPING events from decorations provider vscode.git 2743
2022-12-28 04:38:22.942 [warning] [Decorations] CAPPING events from decorations provider vscode.git 2743
2022-12-28 04:38:27.997 [warning] [Decorations] CAPPING events from decorations provider vscode.git 2743
2022-12-28 04:38:33.052 [warning] [Decorations] CAPPING events from decorations provider vscode.git 2743
2022-12-28 04:38:38.109 [warning] [Decorations] CAPPING events from decorations provider vscode.git 2743
2022-12-28 04:38:43.174 [warning] [Decorations] CAPPING events from decorations provider vscode.git 2743
2022-12-28 04:38:48.235 [warning] [Decorations] CAPPING events from decorations provider vscode.git 2743
2022-12-28 04:38:53.292 [warning] [Decorations] CAPPING events from decorations provider vscode.git 2743
2022-12-28 04:38:58.354 [warning] [Decorations] CAPPING events from decorations provider vscode.git 2743
2022-12-28 04:39:03.412 [warning] [Decorations] CAPPING events from decorations provider vscode.git 2743
2022-12-28 04:39:08.464 [warning] [Decorations] CAPPING events from decorations provider vscode.git 2743
2022-12-28 04:39:13.526 [warning] [Decorations] CAPPING events from decorations provider vscode.git 2743
2022-12-28 04:39:18.589 [warning] [Decorations] CAPPING events from decorations provider vscode.git 2743
2022-12-28 04:39:23.641 [warning] [Decorations] CAPPING events from decorations provider vscode.git 2743
2022-12-28 04:39:28.703 [warning] [Decorations] CAPPING events from decorations provider vscode.git 2743
2022-12-28 04:39:33.757 [warning] [Decorations] CAPPING events from decorations provider vscode.git 2743
2022-12-28 04:39:38.816 [warning] [Decorations] CAPPING events from decorations provider vscode.git 2743
2022-12-28 04:39:43.869 [warning] [Decorations] CAPPING events from decorations provider vscode.git 2743
2022-12-28 04:39:52.270 [warning] [Decorations] CAPPING events from decorations provider vscode.git 2743
2022-12-28 04:39:55.918 [info] Extension host terminating: received terminate message from renderer
2022-12-28 04:39:55.919 [info] Lock '/home/ubuntu/.vscode-server/data/User/workspaceStorage/ee9394f814358eeff31a78ad590bc1a6/vscode.lock': Marking the lockfile as scheduled to be released in 6000 ms.
2022-12-28 04:39:55.928 [info] Extension host with pid 141 exiting with code 0
