2022-12-25 18:00:25.741 [info] Log level: Info
2022-12-25 18:00:25.741 [info] Validating found git in: "git"
2022-12-25 18:00:25.741 [info] Using git "2.25.1" from "git"
2022-12-25 18:00:25.741 [info] > git rev-parse --show-toplevel [55ms]
2022-12-25 18:00:25.741 [info] fatal: not a git repository (or any of the parent directories): .git
2022-12-25 18:00:25.741 [info] > git rev-parse --show-toplevel [1ms]
2022-12-25 18:00:25.741 [info] fatal: not a git repository (or any of the parent directories): .git
2022-12-25 18:00:25.741 [info] > git rev-parse --show-toplevel [1ms]
2022-12-25 18:00:25.741 [info] fatal: not a git repository (or any of the parent directories): .git
2022-12-25 18:00:25.741 [info] > git rev-parse --show-toplevel [0ms]
2022-12-25 18:00:25.741 [info] fatal: not a git repository (or any of the parent directories): .git
2022-12-25 18:00:25.741 [info] > git rev-parse --show-toplevel [1ms]
2022-12-25 18:00:25.742 [info] fatal: not a git repository (or any of the parent directories): .git
2022-12-25 18:00:25.952 [info] > git rev-parse --show-toplevel [31ms]
2022-12-25 18:00:25.952 [info] fatal: not a git repository (or any of the parent directories): .git
2022-12-25 18:00:25.957 [info] > git rev-parse --show-toplevel [0ms]
2022-12-25 18:00:25.957 [info] fatal: not a git repository (or any of the parent directories): .git
2022-12-25 18:00:25.965 [info] > git rev-parse --show-toplevel [3ms]
2022-12-25 18:00:25.965 [info] fatal: not a git repository (or any of the parent directories): .git
2022-12-25 18:00:25.971 [info] > git rev-parse --show-toplevel [1ms]
2022-12-25 18:00:25.971 [info] fatal: not a git repository (or any of the parent directories): .git
2022-12-25 22:39:32.950 [info] > git rev-parse --show-toplevel [84ms]
2022-12-25 22:39:32.952 [info] fatal: not a git repository (or any of the parent directories): .git
2022-12-25 22:40:33.495 [info] > git rev-parse --show-toplevel [1ms]
2022-12-25 22:40:33.495 [info] fatal: not a git repository (or any of the parent directories): .git
2022-12-25 22:55:17.868 [info] > git rev-parse --show-toplevel [1ms]
2022-12-25 22:55:17.868 [info] fatal: not a git repository (or any of the parent directories): .git
2022-12-25 22:57:30.562 [info] > git rev-parse --show-toplevel [1ms]
2022-12-25 22:57:30.562 [info] fatal: not a git repository (or any of the parent directories): .git
2022-12-25 23:11:00.475 [info] > git rev-parse --show-toplevel [1ms]
2022-12-25 23:11:00.475 [info] fatal: not a git repository (or any of the parent directories): .git
2022-12-25 23:16:11.940 [info] > git rev-parse --show-toplevel [1ms]
2022-12-25 23:16:11.940 [info] fatal: not a git repository (or any of the parent directories): .git
2022-12-25 23:16:56.469 [info] > git rev-parse --show-toplevel [1ms]
2022-12-25 23:16:56.469 [info] fatal: not a git repository (or any of the parent directories): .git
2022-12-25 23:16:58.218 [info] > git rev-parse --show-toplevel [1ms]
2022-12-25 23:16:58.218 [info] fatal: not a git repository (or any of the parent directories): .git
2022-12-25 23:17:10.885 [info] > git rev-parse --show-toplevel [2ms]
2022-12-25 23:17:10.885 [info] fatal: not a git repository (or any of the parent directories): .git
