2022-12-28 04:39:59.056 [info] Extension host with pid 567 started
2022-12-28 04:39:59.109 [info] ExtensionService#_doActivateExtension vscode.git-base, startup: true, activationEvent: '*', root cause: vscode.git
2022-12-28 04:39:59.119 [info] Lock '/home/ubuntu/.vscode-server/data/User/workspaceStorage/96e01e3a329586d7c93d4dd62db94dde/vscode.lock': Lock acquired.
2022-12-28 04:39:59.230 [info] ExtensionService#_doActivateExtension vscode.git, startup: true, activationEvent: '*'
2022-12-28 04:39:59.231 [info] ExtensionService#_doActivateExtension vscode.github, startup: true, activationEvent: '*'
2022-12-28 04:39:59.389 [info] ExtensionService#_doActivateExtension vscode.debug-auto-launch, startup: false, activationEvent: 'onStartupFinished'
2022-12-28 04:39:59.390 [info] ExtensionService#_doActivateExtension vscode.emmet, startup: false, activationEvent: 'onStartupFinished'
2022-12-28 04:39:59.390 [info] ExtensionService#_doActivateExtension vscode.merge-conflict, startup: false, activationEvent: 'onStartupFinished'
2022-12-28 04:39:59.391 [info] Eager extensions activated
2022-12-28 04:39:59.565 [warning] [Decorations] CAPPING events from decorations provider vscode.git 2745
2022-12-28 04:39:59.986 [warning] [Decorations] CAPPING events from decorations provider vscode.git 2745
2022-12-28 04:40:04.483 [warning] [Decorations] CAPPING events from decorations provider vscode.git 2745
2022-12-28 04:40:09.538 [warning] [Decorations] CAPPING events from decorations provider vscode.git 2745
2022-12-28 04:40:14.587 [warning] [Decorations] CAPPING events from decorations provider vscode.git 2745
2022-12-28 04:40:19.640 [warning] [Decorations] CAPPING events from decorations provider vscode.git 2745
2022-12-28 04:40:24.693 [warning] [Decorations] CAPPING events from decorations provider vscode.git 2745
2022-12-28 04:40:29.743 [warning] [Decorations] CAPPING events from decorations provider vscode.git 2745
2022-12-28 04:40:34.797 [warning] [Decorations] CAPPING events from decorations provider vscode.git 2745
2022-12-28 04:40:39.845 [warning] [Decorations] CAPPING events from decorations provider vscode.git 2745
2022-12-28 04:40:44.898 [warning] [Decorations] CAPPING events from decorations provider vscode.git 2745
2022-12-28 04:40:50.495 [warning] [Decorations] CAPPING events from decorations provider vscode.git 2745
2022-12-28 04:40:55.554 [warning] [Decorations] CAPPING events from decorations provider vscode.git 2745
2022-12-28 04:41:00.600 [warning] [Decorations] CAPPING events from decorations provider vscode.git 2745
2022-12-28 04:41:05.653 [warning] [Decorations] CAPPING events from decorations provider vscode.git 2745
2022-12-28 04:41:10.703 [warning] [Decorations] CAPPING events from decorations provider vscode.git 2745
2022-12-28 04:41:46.196 [warning] [Decorations] CAPPING events from decorations provider vscode.git 2745
2022-12-28 04:41:51.258 [warning] [Decorations] CAPPING events from decorations provider vscode.git 2745
2022-12-28 04:42:01.789 [warning] [Decorations] CAPPING events from decorations provider vscode.git 2745
2022-12-28 04:42:06.848 [warning] [Decorations] CAPPING events from decorations provider vscode.git 2745
2022-12-28 04:42:11.910 [warning] [Decorations] CAPPING events from decorations provider vscode.git 2745
2022-12-28 04:42:16.970 [warning] [Decorations] CAPPING events from decorations provider vscode.git 2745
2022-12-28 04:42:22.029 [warning] [Decorations] CAPPING events from decorations provider vscode.git 2745
2022-12-28 04:43:21.806 [warning] [Decorations] CAPPING events from decorations provider vscode.git 2745
2022-12-28 04:43:24.430 [info] Extension host terminating: received terminate message from renderer
2022-12-28 04:43:24.431 [info] Lock '/home/ubuntu/.vscode-server/data/User/workspaceStorage/96e01e3a329586d7c93d4dd62db94dde/vscode.lock': Marking the lockfile as scheduled to be released in 6000 ms.
2022-12-28 04:43:24.440 [info] Extension host with pid 567 exiting with code 0
