2023-01-15 18:00:42.146 [info] Log level: Info
2023-01-15 18:00:42.147 [info] Validating found git in: "git"
2023-01-15 18:00:42.147 [info] Using git "2.25.1" from "git"
2023-01-15 18:00:42.147 [info] > git rev-parse --show-toplevel [46ms]
2023-01-15 18:00:42.147 [info] fatal: detected dubious ownership in repository at '/home'
To add an exception for this directory, call:

	git config --global --add safe.directory /home
2023-01-15 18:00:42.147 [info] > git rev-parse --show-toplevel [2ms]
2023-01-15 18:00:42.147 [info] > git rev-parse --git-dir --git-common-dir [1ms]
2023-01-15 18:00:42.147 [info] Open repository: /home/ubuntu
2023-01-15 18:00:42.147 [info] > git config --get commit.template [3ms]
2023-01-15 18:00:42.147 [info] > git for-each-ref --format=%(refname)%00%(upstream:short)%00%(objectname)%00%(upstream:track)%00%(upstream:remotename)%00%(upstream:remoteref) refs/heads/master refs/remotes/master [2ms]
2023-01-15 18:00:42.147 [info] > git for-each-ref --sort -committerdate --format %(refname) %(objectname) %(*objectname) [2ms]
2023-01-15 18:00:42.147 [info] > git status -z -uall [33ms]
2023-01-15 18:00:42.147 [info] > git config --get commit.template [7ms]
2023-01-15 18:00:42.147 [info] > git for-each-ref --format=%(refname)%00%(upstream:short)%00%(objectname)%00%(upstream:track)%00%(upstream:remotename)%00%(upstream:remoteref) refs/heads/master refs/remotes/master [3ms]
2023-01-15 18:00:42.147 [info] > git for-each-ref --sort -committerdate --format %(refname) %(objectname) %(*objectname) [1ms]
2023-01-15 18:00:42.147 [info] > git rev-parse --show-toplevel [3ms]
2023-01-15 18:00:42.147 [info] fatal: detected dubious ownership in repository at '/home'
To add an exception for this directory, call:

	git config --global --add safe.directory /home
2023-01-15 18:00:42.147 [info] > git status -z -uall [31ms]
2023-01-15 18:00:42.147 [info] > git rev-parse --show-toplevel [5ms]
2023-01-15 18:00:42.147 [info] fatal: detected dubious ownership in repository at '/home'
To add an exception for this directory, call:

	git config --global --add safe.directory /home
2023-01-15 18:00:42.147 [info] > git rev-parse --show-toplevel [1ms]
2023-01-15 18:00:42.147 [info] fatal: detected dubious ownership in repository at '/home'
To add an exception for this directory, call:

	git config --global --add safe.directory /home
2023-01-15 18:00:42.672 [info] > git show --textconv :pintos/src/threads/thread.h [529ms]
2023-01-15 18:00:42.673 [info] > git ls-files --stage -- /home/ubuntu/pintos/src/threads/thread.h [526ms]
2023-01-15 18:00:42.690 [info] > git cat-file -s 8cc34973bc37b3ce490e4b42b9744293b61534c0 [7ms]
2023-01-15 18:00:42.692 [info] > git check-ignore -v -z --stdin [4ms]
2023-01-15 18:00:46.037 [info] > git config --get commit.template [0ms]
2023-01-15 18:00:46.041 [info] > git for-each-ref --format=%(refname)%00%(upstream:short)%00%(objectname)%00%(upstream:track)%00%(upstream:remotename)%00%(upstream:remoteref) refs/heads/master refs/remotes/master [1ms]
2023-01-15 18:00:46.049 [info] > git for-each-ref --sort -committerdate --format %(refname) %(objectname) %(*objectname) [2ms]
2023-01-15 18:00:46.065 [info] > git status -z -uall [20ms]
2023-01-15 18:00:51.108 [info] > git config --get commit.template [0ms]
2023-01-15 18:00:51.113 [info] > git for-each-ref --format=%(refname)%00%(upstream:short)%00%(objectname)%00%(upstream:track)%00%(upstream:remotename)%00%(upstream:remoteref) refs/heads/master refs/remotes/master [1ms]
2023-01-15 18:00:51.120 [info] > git for-each-ref --sort -committerdate --format %(refname) %(objectname) %(*objectname) [1ms]
2023-01-15 18:00:51.140 [info] > git status -z -uall [24ms]
2023-01-15 18:00:56.192 [info] > git config --get commit.template [1ms]
2023-01-15 18:00:56.197 [info] > git for-each-ref --format=%(refname)%00%(upstream:short)%00%(objectname)%00%(upstream:track)%00%(upstream:remotename)%00%(upstream:remoteref) refs/heads/master refs/remotes/master [1ms]
2023-01-15 18:00:56.206 [info] > git for-each-ref --sort -committerdate --format %(refname) %(objectname) %(*objectname) [1ms]
2023-01-15 18:00:56.222 [info] > git status -z -uall [20ms]
2023-01-15 18:01:01.261 [info] > git config --get commit.template [1ms]
2023-01-15 18:01:01.266 [info] > git for-each-ref --format=%(refname)%00%(upstream:short)%00%(objectname)%00%(upstream:track)%00%(upstream:remotename)%00%(upstream:remoteref) refs/heads/master refs/remotes/master [1ms]
2023-01-15 18:01:01.276 [info] > git for-each-ref --sort -committerdate --format %(refname) %(objectname) %(*objectname) [1ms]
2023-01-15 18:01:01.290 [info] > git status -z -uall [20ms]
2023-01-15 18:01:06.329 [info] > git config --get commit.template [1ms]
2023-01-15 18:01:06.334 [info] > git for-each-ref --format=%(refname)%00%(upstream:short)%00%(objectname)%00%(upstream:track)%00%(upstream:remotename)%00%(upstream:remoteref) refs/heads/master refs/remotes/master [1ms]
2023-01-15 18:01:06.344 [info] > git for-each-ref --sort -committerdate --format %(refname) %(objectname) %(*objectname) [1ms]
2023-01-15 18:01:06.361 [info] > git status -z -uall [22ms]
2023-01-15 18:01:11.398 [info] > git config --get commit.template [1ms]
2023-01-15 18:01:11.404 [info] > git for-each-ref --format=%(refname)%00%(upstream:short)%00%(objectname)%00%(upstream:track)%00%(upstream:remotename)%00%(upstream:remoteref) refs/heads/master refs/remotes/master [1ms]
2023-01-15 18:01:11.414 [info] > git for-each-ref --sort -committerdate --format %(refname) %(objectname) %(*objectname) [1ms]
2023-01-15 18:01:11.428 [info] > git status -z -uall [20ms]
2023-01-15 18:01:16.468 [info] > git config --get commit.template [1ms]
2023-01-15 18:01:16.474 [info] > git for-each-ref --format=%(refname)%00%(upstream:short)%00%(objectname)%00%(upstream:track)%00%(upstream:remotename)%00%(upstream:remoteref) refs/heads/master refs/remotes/master [1ms]
2023-01-15 18:01:16.485 [info] > git for-each-ref --sort -committerdate --format %(refname) %(objectname) %(*objectname) [1ms]
2023-01-15 18:01:16.500 [info] > git status -z -uall [21ms]
2023-01-15 18:01:21.549 [info] > git config --get commit.template [1ms]
2023-01-15 18:01:21.554 [info] > git for-each-ref --format=%(refname)%00%(upstream:short)%00%(objectname)%00%(upstream:track)%00%(upstream:remotename)%00%(upstream:remoteref) refs/heads/master refs/remotes/master [1ms]
2023-01-15 18:01:21.562 [info] > git for-each-ref --sort -committerdate --format %(refname) %(objectname) %(*objectname) [1ms]
2023-01-15 18:01:21.578 [info] > git status -z -uall [21ms]
2023-01-15 18:01:26.628 [info] > git config --get commit.template [0ms]
2023-01-15 18:01:26.632 [info] > git for-each-ref --format=%(refname)%00%(upstream:short)%00%(objectname)%00%(upstream:track)%00%(upstream:remotename)%00%(upstream:remoteref) refs/heads/master refs/remotes/master [1ms]
2023-01-15 18:01:26.641 [info] > git for-each-ref --sort -committerdate --format %(refname) %(objectname) %(*objectname) [1ms]
2023-01-15 18:01:26.656 [info] > git status -z -uall [20ms]
2023-01-15 18:01:31.708 [info] > git config --get commit.template [1ms]
2023-01-15 18:01:31.713 [info] > git for-each-ref --format=%(refname)%00%(upstream:short)%00%(objectname)%00%(upstream:track)%00%(upstream:remotename)%00%(upstream:remoteref) refs/heads/master refs/remotes/master [1ms]
2023-01-15 18:01:31.720 [info] > git for-each-ref --sort -committerdate --format %(refname) %(objectname) %(*objectname) [1ms]
2023-01-15 18:01:31.736 [info] > git status -z -uall [20ms]
2023-01-15 18:01:36.787 [info] > git config --get commit.template [1ms]
2023-01-15 18:01:36.792 [info] > git for-each-ref --format=%(refname)%00%(upstream:short)%00%(objectname)%00%(upstream:track)%00%(upstream:remotename)%00%(upstream:remoteref) refs/heads/master refs/remotes/master [1ms]
2023-01-15 18:01:36.800 [info] > git for-each-ref --sort -committerdate --format %(refname) %(objectname) %(*objectname) [1ms]
2023-01-15 18:01:36.815 [info] > git status -z -uall [20ms]
2023-01-15 18:01:41.854 [info] > git config --get commit.template [0ms]
2023-01-15 18:01:41.858 [info] > git for-each-ref --format=%(refname)%00%(upstream:short)%00%(objectname)%00%(upstream:track)%00%(upstream:remotename)%00%(upstream:remoteref) refs/heads/master refs/remotes/master [1ms]
2023-01-15 18:01:41.867 [info] > git for-each-ref --sort -committerdate --format %(refname) %(objectname) %(*objectname) [1ms]
2023-01-15 18:01:41.882 [info] > git status -z -uall [20ms]
2023-01-15 18:01:46.921 [info] > git config --get commit.template [1ms]
2023-01-15 18:01:46.926 [info] > git for-each-ref --format=%(refname)%00%(upstream:short)%00%(objectname)%00%(upstream:track)%00%(upstream:remotename)%00%(upstream:remoteref) refs/heads/master refs/remotes/master [1ms]
2023-01-15 18:01:46.934 [info] > git for-each-ref --sort -committerdate --format %(refname) %(objectname) %(*objectname) [1ms]
2023-01-15 18:01:46.950 [info] > git status -z -uall [20ms]
2023-01-15 18:01:51.990 [info] > git config --get commit.template [1ms]
2023-01-15 18:01:51.994 [info] > git for-each-ref --format=%(refname)%00%(upstream:short)%00%(objectname)%00%(upstream:track)%00%(upstream:remotename)%00%(upstream:remoteref) refs/heads/master refs/remotes/master [1ms]
2023-01-15 18:01:52.003 [info] > git for-each-ref --sort -committerdate --format %(refname) %(objectname) %(*objectname) [0ms]
2023-01-15 18:01:52.017 [info] > git status -z -uall [19ms]
2023-01-15 18:01:57.055 [info] > git config --get commit.template [1ms]
2023-01-15 18:01:57.060 [info] > git for-each-ref --format=%(refname)%00%(upstream:short)%00%(objectname)%00%(upstream:track)%00%(upstream:remotename)%00%(upstream:remoteref) refs/heads/master refs/remotes/master [1ms]
2023-01-15 18:01:57.068 [info] > git for-each-ref --sort -committerdate --format %(refname) %(objectname) %(*objectname) [1ms]
2023-01-15 18:01:57.083 [info] > git status -z -uall [19ms]
2023-01-15 18:02:02.123 [info] > git config --get commit.template [0ms]
2023-01-15 18:02:02.128 [info] > git for-each-ref --format=%(refname)%00%(upstream:short)%00%(objectname)%00%(upstream:track)%00%(upstream:remotename)%00%(upstream:remoteref) refs/heads/master refs/remotes/master [0ms]
2023-01-15 18:02:02.137 [info] > git for-each-ref --sort -committerdate --format %(refname) %(objectname) %(*objectname) [1ms]
2023-01-15 18:02:02.153 [info] > git status -z -uall [20ms]
2023-01-15 18:02:07.191 [info] > git config --get commit.template [1ms]
2023-01-15 18:02:07.197 [info] > git for-each-ref --format=%(refname)%00%(upstream:short)%00%(objectname)%00%(upstream:track)%00%(upstream:remotename)%00%(upstream:remoteref) refs/heads/master refs/remotes/master [0ms]
2023-01-15 18:02:07.206 [info] > git for-each-ref --sort -committerdate --format %(refname) %(objectname) %(*objectname) [1ms]
2023-01-15 18:02:07.220 [info] > git status -z -uall [19ms]
2023-01-15 18:02:12.260 [info] > git config --get commit.template [0ms]
2023-01-15 18:02:12.266 [info] > git for-each-ref --format=%(refname)%00%(upstream:short)%00%(objectname)%00%(upstream:track)%00%(upstream:remotename)%00%(upstream:remoteref) refs/heads/master refs/remotes/master [1ms]
2023-01-15 18:02:12.275 [info] > git for-each-ref --sort -committerdate --format %(refname) %(objectname) %(*objectname) [0ms]
2023-01-15 18:02:12.292 [info] > git status -z -uall [22ms]
2023-01-15 18:02:17.331 [info] > git config --get commit.template [0ms]
2023-01-15 18:02:17.336 [info] > git for-each-ref --format=%(refname)%00%(upstream:short)%00%(objectname)%00%(upstream:track)%00%(upstream:remotename)%00%(upstream:remoteref) refs/heads/master refs/remotes/master [0ms]
2023-01-15 18:02:17.347 [info] > git for-each-ref --sort -committerdate --format %(refname) %(objectname) %(*objectname) [1ms]
2023-01-15 18:02:17.361 [info] > git status -z -uall [20ms]
2023-01-15 18:02:22.402 [info] > git config --get commit.template [1ms]
2023-01-15 18:02:22.408 [info] > git for-each-ref --format=%(refname)%00%(upstream:short)%00%(objectname)%00%(upstream:track)%00%(upstream:remotename)%00%(upstream:remoteref) refs/heads/master refs/remotes/master [1ms]
2023-01-15 18:02:22.419 [info] > git for-each-ref --sort -committerdate --format %(refname) %(objectname) %(*objectname) [1ms]
2023-01-15 18:02:22.434 [info] > git status -z -uall [21ms]
2023-01-15 18:02:27.482 [info] > git config --get commit.template [1ms]
2023-01-15 18:02:27.486 [info] > git for-each-ref --format=%(refname)%00%(upstream:short)%00%(objectname)%00%(upstream:track)%00%(upstream:remotename)%00%(upstream:remoteref) refs/heads/master refs/remotes/master [1ms]
2023-01-15 18:02:27.494 [info] > git for-each-ref --sort -committerdate --format %(refname) %(objectname) %(*objectname) [1ms]
2023-01-15 18:02:27.509 [info] > git status -z -uall [19ms]
2023-01-15 18:02:32.547 [info] > git config --get commit.template [1ms]
2023-01-15 18:02:32.552 [info] > git for-each-ref --format=%(refname)%00%(upstream:short)%00%(objectname)%00%(upstream:track)%00%(upstream:remotename)%00%(upstream:remoteref) refs/heads/master refs/remotes/master [0ms]
2023-01-15 18:02:32.559 [info] > git for-each-ref --sort -committerdate --format %(refname) %(objectname) %(*objectname) [1ms]
2023-01-15 18:02:32.575 [info] > git status -z -uall [20ms]
2023-01-15 18:02:37.615 [info] > git config --get commit.template [1ms]
2023-01-15 18:02:37.620 [info] > git for-each-ref --format=%(refname)%00%(upstream:short)%00%(objectname)%00%(upstream:track)%00%(upstream:remotename)%00%(upstream:remoteref) refs/heads/master refs/remotes/master [1ms]
2023-01-15 18:02:37.630 [info] > git for-each-ref --sort -committerdate --format %(refname) %(objectname) %(*objectname) [1ms]
2023-01-15 18:02:37.645 [info] > git status -z -uall [21ms]
2023-01-15 18:02:42.687 [info] > git config --get commit.template [1ms]
2023-01-15 18:02:42.692 [info] > git for-each-ref --format=%(refname)%00%(upstream:short)%00%(objectname)%00%(upstream:track)%00%(upstream:remotename)%00%(upstream:remoteref) refs/heads/master refs/remotes/master [1ms]
2023-01-15 18:02:42.700 [info] > git for-each-ref --sort -committerdate --format %(refname) %(objectname) %(*objectname) [1ms]
2023-01-15 18:02:42.718 [info] > git status -z -uall [22ms]
2023-01-15 18:02:47.755 [info] > git config --get commit.template [1ms]
2023-01-15 18:02:47.760 [info] > git for-each-ref --format=%(refname)%00%(upstream:short)%00%(objectname)%00%(upstream:track)%00%(upstream:remotename)%00%(upstream:remoteref) refs/heads/master refs/remotes/master [1ms]
2023-01-15 18:02:47.770 [info] > git for-each-ref --sort -committerdate --format %(refname) %(objectname) %(*objectname) [1ms]
2023-01-15 18:02:47.784 [info] > git status -z -uall [20ms]
2023-01-15 18:02:52.823 [info] > git config --get commit.template [0ms]
2023-01-15 18:02:52.830 [info] > git for-each-ref --format=%(refname)%00%(upstream:short)%00%(objectname)%00%(upstream:track)%00%(upstream:remotename)%00%(upstream:remoteref) refs/heads/master refs/remotes/master [1ms]
2023-01-15 18:02:52.840 [info] > git for-each-ref --sort -committerdate --format %(refname) %(objectname) %(*objectname) [1ms]
2023-01-15 18:02:52.854 [info] > git status -z -uall [20ms]
2023-01-15 18:02:57.892 [info] > git config --get commit.template [1ms]
2023-01-15 18:02:57.898 [info] > git for-each-ref --format=%(refname)%00%(upstream:short)%00%(objectname)%00%(upstream:track)%00%(upstream:remotename)%00%(upstream:remoteref) refs/heads/master refs/remotes/master [1ms]
2023-01-15 18:02:57.908 [info] > git for-each-ref --sort -committerdate --format %(refname) %(objectname) %(*objectname) [1ms]
2023-01-15 18:02:57.922 [info] > git status -z -uall [20ms]
2023-01-15 18:03:02.962 [info] > git config --get commit.template [2ms]
2023-01-15 18:03:02.968 [info] > git for-each-ref --format=%(refname)%00%(upstream:short)%00%(objectname)%00%(upstream:track)%00%(upstream:remotename)%00%(upstream:remoteref) refs/heads/master refs/remotes/master [0ms]
2023-01-15 18:03:02.980 [info] > git for-each-ref --sort -committerdate --format %(refname) %(objectname) %(*objectname) [1ms]
2023-01-15 18:03:02.995 [info] > git status -z -uall [21ms]
2023-01-15 18:03:08.041 [info] > git config --get commit.template [0ms]
2023-01-15 18:03:08.046 [info] > git for-each-ref --format=%(refname)%00%(upstream:short)%00%(objectname)%00%(upstream:track)%00%(upstream:remotename)%00%(upstream:remoteref) refs/heads/master refs/remotes/master [1ms]
2023-01-15 18:03:08.054 [info] > git for-each-ref --sort -committerdate --format %(refname) %(objectname) %(*objectname) [1ms]
2023-01-15 18:03:08.069 [info] > git status -z -uall [20ms]
2023-01-15 18:03:13.110 [info] > git config --get commit.template [4ms]
2023-01-15 18:03:13.111 [info] > git for-each-ref --format=%(refname)%00%(upstream:short)%00%(objectname)%00%(upstream:track)%00%(upstream:remotename)%00%(upstream:remoteref) refs/heads/master refs/remotes/master [1ms]
2023-01-15 18:03:13.118 [info] > git for-each-ref --sort -committerdate --format %(refname) %(objectname) %(*objectname) [1ms]
2023-01-15 18:03:13.133 [info] > git status -z -uall [19ms]
2023-01-15 18:03:18.173 [info] > git config --get commit.template [1ms]
2023-01-15 18:03:18.178 [info] > git for-each-ref --format=%(refname)%00%(upstream:short)%00%(objectname)%00%(upstream:track)%00%(upstream:remotename)%00%(upstream:remoteref) refs/heads/master refs/remotes/master [1ms]
2023-01-15 18:03:18.186 [info] > git for-each-ref --sort -committerdate --format %(refname) %(objectname) %(*objectname) [1ms]
2023-01-15 18:03:18.201 [info] > git status -z -uall [19ms]
2023-01-15 18:03:23.239 [info] > git config --get commit.template [1ms]
2023-01-15 18:03:23.244 [info] > git for-each-ref --format=%(refname)%00%(upstream:short)%00%(objectname)%00%(upstream:track)%00%(upstream:remotename)%00%(upstream:remoteref) refs/heads/master refs/remotes/master [1ms]
2023-01-15 18:03:23.252 [info] > git for-each-ref --sort -committerdate --format %(refname) %(objectname) %(*objectname) [1ms]
2023-01-15 18:03:23.268 [info] > git status -z -uall [20ms]
2023-01-15 18:03:28.308 [info] > git config --get commit.template [1ms]
2023-01-15 18:03:28.314 [info] > git for-each-ref --format=%(refname)%00%(upstream:short)%00%(objectname)%00%(upstream:track)%00%(upstream:remotename)%00%(upstream:remoteref) refs/heads/master refs/remotes/master [0ms]
2023-01-15 18:03:28.322 [info] > git for-each-ref --sort -committerdate --format %(refname) %(objectname) %(*objectname) [1ms]
2023-01-15 18:03:28.339 [info] > git status -z -uall [22ms]
2023-01-15 18:03:33.375 [info] > git config --get commit.template [0ms]
2023-01-15 18:03:33.381 [info] > git for-each-ref --format=%(refname)%00%(upstream:short)%00%(objectname)%00%(upstream:track)%00%(upstream:remotename)%00%(upstream:remoteref) refs/heads/master refs/remotes/master [1ms]
2023-01-15 18:03:33.390 [info] > git for-each-ref --sort -committerdate --format %(refname) %(objectname) %(*objectname) [1ms]
2023-01-15 18:03:33.404 [info] > git status -z -uall [19ms]
2023-01-15 18:03:38.444 [info] > git config --get commit.template [1ms]
2023-01-15 18:03:38.450 [info] > git for-each-ref --format=%(refname)%00%(upstream:short)%00%(objectname)%00%(upstream:track)%00%(upstream:remotename)%00%(upstream:remoteref) refs/heads/master refs/remotes/master [0ms]
2023-01-15 18:03:38.459 [info] > git for-each-ref --sort -committerdate --format %(refname) %(objectname) %(*objectname) [1ms]
2023-01-15 18:03:38.473 [info] > git status -z -uall [19ms]
2023-01-15 18:03:43.510 [info] > git config --get commit.template [1ms]
2023-01-15 18:03:43.516 [info] > git for-each-ref --format=%(refname)%00%(upstream:short)%00%(objectname)%00%(upstream:track)%00%(upstream:remotename)%00%(upstream:remoteref) refs/heads/master refs/remotes/master [1ms]
2023-01-15 18:03:43.526 [info] > git for-each-ref --sort -committerdate --format %(refname) %(objectname) %(*objectname) [1ms]
2023-01-15 18:03:43.540 [info] > git status -z -uall [19ms]
2023-01-15 18:03:48.578 [info] > git config --get commit.template [1ms]
2023-01-15 18:03:48.585 [info] > git for-each-ref --format=%(refname)%00%(upstream:short)%00%(objectname)%00%(upstream:track)%00%(upstream:remotename)%00%(upstream:remoteref) refs/heads/master refs/remotes/master [0ms]
2023-01-15 18:03:48.595 [info] > git for-each-ref --sort -committerdate --format %(refname) %(objectname) %(*objectname) [1ms]
2023-01-15 18:03:48.610 [info] > git status -z -uall [21ms]
2023-01-15 18:03:53.659 [info] > git config --get commit.template [1ms]
2023-01-15 18:03:53.663 [info] > git for-each-ref --format=%(refname)%00%(upstream:short)%00%(objectname)%00%(upstream:track)%00%(upstream:remotename)%00%(upstream:remoteref) refs/heads/master refs/remotes/master [1ms]
2023-01-15 18:03:53.670 [info] > git for-each-ref --sort -committerdate --format %(refname) %(objectname) %(*objectname) [1ms]
2023-01-15 18:03:53.686 [info] > git status -z -uall [20ms]
2023-01-15 18:03:58.724 [info] > git config --get commit.template [1ms]
2023-01-15 18:03:58.729 [info] > git for-each-ref --format=%(refname)%00%(upstream:short)%00%(objectname)%00%(upstream:track)%00%(upstream:remotename)%00%(upstream:remoteref) refs/heads/master refs/remotes/master [1ms]
2023-01-15 18:03:58.736 [info] > git for-each-ref --sort -committerdate --format %(refname) %(objectname) %(*objectname) [0ms]
2023-01-15 18:03:58.753 [info] > git status -z -uall [21ms]
2023-01-15 18:04:03.791 [info] > git config --get commit.template [1ms]
2023-01-15 18:04:03.796 [info] > git for-each-ref --format=%(refname)%00%(upstream:short)%00%(objectname)%00%(upstream:track)%00%(upstream:remotename)%00%(upstream:remoteref) refs/heads/master refs/remotes/master [1ms]
2023-01-15 18:04:03.804 [info] > git for-each-ref --sort -committerdate --format %(refname) %(objectname) %(*objectname) [1ms]
2023-01-15 18:04:03.819 [info] > git status -z -uall [19ms]
2023-01-15 18:04:08.860 [info] > git config --get commit.template [1ms]
2023-01-15 18:04:08.864 [info] > git for-each-ref --format=%(refname)%00%(upstream:short)%00%(objectname)%00%(upstream:track)%00%(upstream:remotename)%00%(upstream:remoteref) refs/heads/master refs/remotes/master [1ms]
2023-01-15 18:04:08.873 [info] > git for-each-ref --sort -committerdate --format %(refname) %(objectname) %(*objectname) [1ms]
2023-01-15 18:04:08.888 [info] > git status -z -uall [19ms]
2023-01-15 18:04:13.928 [info] > git config --get commit.template [1ms]
2023-01-15 18:04:13.933 [info] > git for-each-ref --format=%(refname)%00%(upstream:short)%00%(objectname)%00%(upstream:track)%00%(upstream:remotename)%00%(upstream:remoteref) refs/heads/master refs/remotes/master [1ms]
2023-01-15 18:04:13.944 [info] > git for-each-ref --sort -committerdate --format %(refname) %(objectname) %(*objectname) [2ms]
2023-01-15 18:04:13.961 [info] > git status -z -uall [24ms]
2023-01-15 18:04:19.005 [info] > git config --get commit.template [1ms]
2023-01-15 18:04:19.010 [info] > git for-each-ref --format=%(refname)%00%(upstream:short)%00%(objectname)%00%(upstream:track)%00%(upstream:remotename)%00%(upstream:remoteref) refs/heads/master refs/remotes/master [0ms]
2023-01-15 18:04:19.019 [info] > git for-each-ref --sort -committerdate --format %(refname) %(objectname) %(*objectname) [1ms]
2023-01-15 18:04:19.035 [info] > git status -z -uall [21ms]
2023-01-15 18:04:24.073 [info] > git config --get commit.template [0ms]
2023-01-15 18:04:24.078 [info] > git for-each-ref --format=%(refname)%00%(upstream:short)%00%(objectname)%00%(upstream:track)%00%(upstream:remotename)%00%(upstream:remoteref) refs/heads/master refs/remotes/master [0ms]
2023-01-15 18:04:24.087 [info] > git for-each-ref --sort -committerdate --format %(refname) %(objectname) %(*objectname) [1ms]
2023-01-15 18:04:24.102 [info] > git status -z -uall [19ms]
2023-01-15 18:04:29.146 [info] > git config --get commit.template [6ms]
2023-01-15 18:04:29.146 [info] > git for-each-ref --format=%(refname)%00%(upstream:short)%00%(objectname)%00%(upstream:track)%00%(upstream:remotename)%00%(upstream:remoteref) refs/heads/master refs/remotes/master [1ms]
2023-01-15 18:04:29.156 [info] > git for-each-ref --sort -committerdate --format %(refname) %(objectname) %(*objectname) [1ms]
2023-01-15 18:04:29.171 [info] > git status -z -uall [20ms]
2023-01-15 18:04:34.700 [info] > git config --get commit.template [1ms]
2023-01-15 18:04:34.706 [info] > git for-each-ref --format=%(refname)%00%(upstream:short)%00%(objectname)%00%(upstream:track)%00%(upstream:remotename)%00%(upstream:remoteref) refs/heads/master refs/remotes/master [1ms]
2023-01-15 18:04:34.716 [info] > git for-each-ref --sort -committerdate --format %(refname) %(objectname) %(*objectname) [1ms]
2023-01-15 18:04:34.730 [info] > git status -z -uall [20ms]
2023-01-15 18:04:39.770 [info] > git config --get commit.template [0ms]
2023-01-15 18:04:39.775 [info] > git for-each-ref --format=%(refname)%00%(upstream:short)%00%(objectname)%00%(upstream:track)%00%(upstream:remotename)%00%(upstream:remoteref) refs/heads/master refs/remotes/master [0ms]
2023-01-15 18:04:39.786 [info] > git for-each-ref --sort -committerdate --format %(refname) %(objectname) %(*objectname) [1ms]
2023-01-15 18:04:39.801 [info] > git status -z -uall [20ms]
2023-01-15 18:04:44.878 [info] > git config --get commit.template [22ms]
2023-01-15 18:04:44.878 [info] > git for-each-ref --format=%(refname)%00%(upstream:short)%00%(objectname)%00%(upstream:track)%00%(upstream:remotename)%00%(upstream:remoteref) refs/heads/master refs/remotes/master [1ms]
2023-01-15 18:04:44.905 [info] > git for-each-ref --sort -committerdate --format %(refname) %(objectname) %(*objectname) [1ms]
2023-01-15 18:04:44.921 [info] > git status -z -uall [28ms]
2023-01-15 18:04:49.966 [info] > git config --get commit.template [1ms]
2023-01-15 18:04:49.973 [info] > git for-each-ref --format=%(refname)%00%(upstream:short)%00%(objectname)%00%(upstream:track)%00%(upstream:remotename)%00%(upstream:remoteref) refs/heads/master refs/remotes/master [1ms]
2023-01-15 18:04:49.981 [info] > git for-each-ref --sort -committerdate --format %(refname) %(objectname) %(*objectname) [1ms]
2023-01-15 18:04:49.996 [info] > git status -z -uall [20ms]
2023-01-15 18:04:55.037 [info] > git config --get commit.template [4ms]
2023-01-15 18:04:55.037 [info] > git for-each-ref --format=%(refname)%00%(upstream:short)%00%(objectname)%00%(upstream:track)%00%(upstream:remotename)%00%(upstream:remoteref) refs/heads/master refs/remotes/master [0ms]
2023-01-15 18:04:55.045 [info] > git for-each-ref --sort -committerdate --format %(refname) %(objectname) %(*objectname) [1ms]
2023-01-15 18:04:55.061 [info] > git status -z -uall [20ms]
2023-01-15 18:05:00.098 [info] > git config --get commit.template [1ms]
2023-01-15 18:05:00.104 [info] > git for-each-ref --format=%(refname)%00%(upstream:short)%00%(objectname)%00%(upstream:track)%00%(upstream:remotename)%00%(upstream:remoteref) refs/heads/master refs/remotes/master [0ms]
2023-01-15 18:05:00.113 [info] > git for-each-ref --sort -committerdate --format %(refname) %(objectname) %(*objectname) [1ms]
2023-01-15 18:05:00.128 [info] > git status -z -uall [21ms]
2023-01-15 18:05:05.167 [info] > git config --get commit.template [1ms]
2023-01-15 18:05:05.172 [info] > git for-each-ref --format=%(refname)%00%(upstream:short)%00%(objectname)%00%(upstream:track)%00%(upstream:remotename)%00%(upstream:remoteref) refs/heads/master refs/remotes/master [0ms]
2023-01-15 18:05:05.179 [info] > git for-each-ref --sort -committerdate --format %(refname) %(objectname) %(*objectname) [1ms]
2023-01-15 18:05:05.194 [info] > git status -z -uall [19ms]
2023-01-15 18:05:10.232 [info] > git config --get commit.template [1ms]
2023-01-15 18:05:10.237 [info] > git for-each-ref --format=%(refname)%00%(upstream:short)%00%(objectname)%00%(upstream:track)%00%(upstream:remotename)%00%(upstream:remoteref) refs/heads/master refs/remotes/master [0ms]
2023-01-15 18:05:10.245 [info] > git for-each-ref --sort -committerdate --format %(refname) %(objectname) %(*objectname) [1ms]
2023-01-15 18:05:10.261 [info] > git status -z -uall [20ms]
2023-01-15 18:05:15.301 [info] > git config --get commit.template [1ms]
2023-01-15 18:05:15.306 [info] > git for-each-ref --format=%(refname)%00%(upstream:short)%00%(objectname)%00%(upstream:track)%00%(upstream:remotename)%00%(upstream:remoteref) refs/heads/master refs/remotes/master [1ms]
2023-01-15 18:05:15.315 [info] > git for-each-ref --sort -committerdate --format %(refname) %(objectname) %(*objectname) [1ms]
2023-01-15 18:05:15.334 [info] > git status -z -uall [24ms]
2023-01-15 18:05:20.377 [info] > git config --get commit.template [5ms]
2023-01-15 18:05:20.377 [info] > git for-each-ref --format=%(refname)%00%(upstream:short)%00%(objectname)%00%(upstream:track)%00%(upstream:remotename)%00%(upstream:remoteref) refs/heads/master refs/remotes/master [0ms]
2023-01-15 18:05:20.388 [info] > git for-each-ref --sort -committerdate --format %(refname) %(objectname) %(*objectname) [1ms]
2023-01-15 18:05:20.401 [info] > git status -z -uall [20ms]
2023-01-15 18:05:25.446 [info] > git config --get commit.template [6ms]
2023-01-15 18:05:25.447 [info] > git for-each-ref --format=%(refname)%00%(upstream:short)%00%(objectname)%00%(upstream:track)%00%(upstream:remotename)%00%(upstream:remoteref) refs/heads/master refs/remotes/master [2ms]
2023-01-15 18:05:25.458 [info] > git for-each-ref --sort -committerdate --format %(refname) %(objectname) %(*objectname) [0ms]
2023-01-15 18:05:25.471 [info] > git status -z -uall [20ms]
2023-01-15 18:05:30.509 [info] > git config --get commit.template [1ms]
2023-01-15 18:05:30.515 [info] > git for-each-ref --format=%(refname)%00%(upstream:short)%00%(objectname)%00%(upstream:track)%00%(upstream:remotename)%00%(upstream:remoteref) refs/heads/master refs/remotes/master [1ms]
2023-01-15 18:05:30.525 [info] > git for-each-ref --sort -committerdate --format %(refname) %(objectname) %(*objectname) [1ms]
2023-01-15 18:05:30.541 [info] > git status -z -uall [22ms]
2023-01-15 18:05:35.580 [info] > git config --get commit.template [1ms]
2023-01-15 18:05:35.586 [info] > git for-each-ref --format=%(refname)%00%(upstream:short)%00%(objectname)%00%(upstream:track)%00%(upstream:remotename)%00%(upstream:remoteref) refs/heads/master refs/remotes/master [0ms]
2023-01-15 18:05:35.601 [info] > git for-each-ref --sort -committerdate --format %(refname) %(objectname) %(*objectname) [2ms]
2023-01-15 18:05:35.619 [info] > git status -z -uall [27ms]
2023-01-15 18:05:40.656 [info] > git config --get commit.template [0ms]
2023-01-15 18:05:40.662 [info] > git for-each-ref --format=%(refname)%00%(upstream:short)%00%(objectname)%00%(upstream:track)%00%(upstream:remotename)%00%(upstream:remoteref) refs/heads/master refs/remotes/master [1ms]
2023-01-15 18:05:40.671 [info] > git for-each-ref --sort -committerdate --format %(refname) %(objectname) %(*objectname) [0ms]
2023-01-15 18:05:40.686 [info] > git status -z -uall [20ms]
2023-01-15 18:05:45.729 [info] > git config --get commit.template [1ms]
2023-01-15 18:05:45.734 [info] > git for-each-ref --format=%(refname)%00%(upstream:short)%00%(objectname)%00%(upstream:track)%00%(upstream:remotename)%00%(upstream:remoteref) refs/heads/master refs/remotes/master [1ms]
2023-01-15 18:05:45.741 [info] > git for-each-ref --sort -committerdate --format %(refname) %(objectname) %(*objectname) [1ms]
2023-01-15 18:05:45.757 [info] > git status -z -uall [20ms]
2023-01-15 18:05:50.795 [info] > git config --get commit.template [1ms]
2023-01-15 18:05:50.800 [info] > git for-each-ref --format=%(refname)%00%(upstream:short)%00%(objectname)%00%(upstream:track)%00%(upstream:remotename)%00%(upstream:remoteref) refs/heads/master refs/remotes/master [0ms]
2023-01-15 18:05:50.809 [info] > git for-each-ref --sort -committerdate --format %(refname) %(objectname) %(*objectname) [1ms]
2023-01-15 18:05:50.824 [info] > git status -z -uall [20ms]
2023-01-15 18:05:55.872 [info] > git config --get commit.template [6ms]
2023-01-15 18:05:55.872 [info] > git for-each-ref --format=%(refname)%00%(upstream:short)%00%(objectname)%00%(upstream:track)%00%(upstream:remotename)%00%(upstream:remoteref) refs/heads/master refs/remotes/master [1ms]
2023-01-15 18:05:55.883 [info] > git for-each-ref --sort -committerdate --format %(refname) %(objectname) %(*objectname) [1ms]
2023-01-15 18:05:55.902 [info] > git status -z -uall [24ms]
2023-01-15 18:06:00.941 [info] > git config --get commit.template [1ms]
2023-01-15 18:06:00.947 [info] > git for-each-ref --format=%(refname)%00%(upstream:short)%00%(objectname)%00%(upstream:track)%00%(upstream:remotename)%00%(upstream:remoteref) refs/heads/master refs/remotes/master [0ms]
2023-01-15 18:06:00.956 [info] > git for-each-ref --sort -committerdate --format %(refname) %(objectname) %(*objectname) [1ms]
2023-01-15 18:06:00.971 [info] > git status -z -uall [20ms]
2023-01-15 18:06:06.011 [info] > git config --get commit.template [1ms]
2023-01-15 18:06:06.017 [info] > git for-each-ref --format=%(refname)%00%(upstream:short)%00%(objectname)%00%(upstream:track)%00%(upstream:remotename)%00%(upstream:remoteref) refs/heads/master refs/remotes/master [0ms]
2023-01-15 18:06:06.027 [info] > git for-each-ref --sort -committerdate --format %(refname) %(objectname) %(*objectname) [1ms]
2023-01-15 18:06:06.042 [info] > git status -z -uall [20ms]
2023-01-15 18:06:11.080 [info] > git config --get commit.template [1ms]
2023-01-15 18:06:11.086 [info] > git for-each-ref --format=%(refname)%00%(upstream:short)%00%(objectname)%00%(upstream:track)%00%(upstream:remotename)%00%(upstream:remoteref) refs/heads/master refs/remotes/master [0ms]
2023-01-15 18:06:11.098 [info] > git for-each-ref --sort -committerdate --format %(refname) %(objectname) %(*objectname) [1ms]
2023-01-15 18:06:11.112 [info] > git status -z -uall [20ms]
2023-01-15 18:06:16.151 [info] > git config --get commit.template [0ms]
2023-01-15 18:06:16.158 [info] > git for-each-ref --format=%(refname)%00%(upstream:short)%00%(objectname)%00%(upstream:track)%00%(upstream:remotename)%00%(upstream:remoteref) refs/heads/master refs/remotes/master [1ms]
2023-01-15 18:06:16.176 [info] > git for-each-ref --sort -committerdate --format %(refname) %(objectname) %(*objectname) [1ms]
2023-01-15 18:06:16.185 [info] > git status -z -uall [21ms]
2023-01-15 18:06:21.235 [info] > git config --get commit.template [1ms]
2023-01-15 18:06:21.239 [info] > git for-each-ref --format=%(refname)%00%(upstream:short)%00%(objectname)%00%(upstream:track)%00%(upstream:remotename)%00%(upstream:remoteref) refs/heads/master refs/remotes/master [0ms]
2023-01-15 18:06:21.247 [info] > git for-each-ref --sort -committerdate --format %(refname) %(objectname) %(*objectname) [1ms]
2023-01-15 18:06:21.263 [info] > git status -z -uall [20ms]
2023-01-15 18:06:26.301 [info] > git config --get commit.template [1ms]
2023-01-15 18:06:26.306 [info] > git for-each-ref --format=%(refname)%00%(upstream:short)%00%(objectname)%00%(upstream:track)%00%(upstream:remotename)%00%(upstream:remoteref) refs/heads/master refs/remotes/master [1ms]
2023-01-15 18:06:26.314 [info] > git for-each-ref --sort -committerdate --format %(refname) %(objectname) %(*objectname) [1ms]
2023-01-15 18:06:26.332 [info] > git status -z -uall [22ms]
2023-01-15 18:06:31.371 [info] > git config --get commit.template [1ms]
2023-01-15 18:06:31.376 [info] > git for-each-ref --format=%(refname)%00%(upstream:short)%00%(objectname)%00%(upstream:track)%00%(upstream:remotename)%00%(upstream:remoteref) refs/heads/master refs/remotes/master [1ms]
2023-01-15 18:06:31.384 [info] > git for-each-ref --sort -committerdate --format %(refname) %(objectname) %(*objectname) [1ms]
2023-01-15 18:06:31.399 [info] > git status -z -uall [20ms]
2023-01-15 18:06:36.442 [info] > git config --get commit.template [4ms]
2023-01-15 18:06:36.443 [info] > git for-each-ref --format=%(refname)%00%(upstream:short)%00%(objectname)%00%(upstream:track)%00%(upstream:remotename)%00%(upstream:remoteref) refs/heads/master refs/remotes/master [1ms]
2023-01-15 18:06:36.451 [info] > git for-each-ref --sort -committerdate --format %(refname) %(objectname) %(*objectname) [1ms]
2023-01-15 18:06:36.468 [info] > git status -z -uall [22ms]
2023-01-15 18:06:41.509 [info] > git config --get commit.template [5ms]
2023-01-15 18:06:41.509 [info] > git for-each-ref --format=%(refname)%00%(upstream:short)%00%(objectname)%00%(upstream:track)%00%(upstream:remotename)%00%(upstream:remoteref) refs/heads/master refs/remotes/master [1ms]
2023-01-15 18:06:41.518 [info] > git for-each-ref --sort -committerdate --format %(refname) %(objectname) %(*objectname) [1ms]
2023-01-15 18:06:41.533 [info] > git status -z -uall [20ms]
2023-01-15 18:06:46.572 [info] > git config --get commit.template [1ms]
2023-01-15 18:06:46.578 [info] > git for-each-ref --format=%(refname)%00%(upstream:short)%00%(objectname)%00%(upstream:track)%00%(upstream:remotename)%00%(upstream:remoteref) refs/heads/master refs/remotes/master [1ms]
2023-01-15 18:06:46.587 [info] > git for-each-ref --sort -committerdate --format %(refname) %(objectname) %(*objectname) [1ms]
2023-01-15 18:06:46.602 [info] > git status -z -uall [20ms]
2023-01-15 18:06:51.645 [info] > git config --get commit.template [5ms]
2023-01-15 18:06:51.646 [info] > git for-each-ref --format=%(refname)%00%(upstream:short)%00%(objectname)%00%(upstream:track)%00%(upstream:remotename)%00%(upstream:remoteref) refs/heads/master refs/remotes/master [1ms]
2023-01-15 18:06:51.656 [info] > git for-each-ref --sort -committerdate --format %(refname) %(objectname) %(*objectname) [1ms]
2023-01-15 18:06:51.671 [info] > git status -z -uall [21ms]
2023-01-15 18:06:56.721 [info] > git config --get commit.template [0ms]
2023-01-15 18:06:56.725 [info] > git for-each-ref --format=%(refname)%00%(upstream:short)%00%(objectname)%00%(upstream:track)%00%(upstream:remotename)%00%(upstream:remoteref) refs/heads/master refs/remotes/master [1ms]
2023-01-15 18:06:56.732 [info] > git for-each-ref --sort -committerdate --format %(refname) %(objectname) %(*objectname) [1ms]
2023-01-15 18:06:56.747 [info] > git status -z -uall [19ms]
2023-01-15 18:07:01.792 [info] > git config --get commit.template [6ms]
2023-01-15 18:07:01.792 [info] > git for-each-ref --format=%(refname)%00%(upstream:short)%00%(objectname)%00%(upstream:track)%00%(upstream:remotename)%00%(upstream:remoteref) refs/heads/master refs/remotes/master [1ms]
2023-01-15 18:07:01.802 [info] > git for-each-ref --sort -committerdate --format %(refname) %(objectname) %(*objectname) [1ms]
2023-01-15 18:07:01.816 [info] > git status -z -uall [20ms]
2023-01-15 18:07:06.858 [info] > git config --get commit.template [1ms]
2023-01-15 18:07:06.864 [info] > git for-each-ref --format=%(refname)%00%(upstream:short)%00%(objectname)%00%(upstream:track)%00%(upstream:remotename)%00%(upstream:remoteref) refs/heads/master refs/remotes/master [0ms]
2023-01-15 18:07:06.872 [info] > git for-each-ref --sort -committerdate --format %(refname) %(objectname) %(*objectname) [1ms]
2023-01-15 18:07:06.887 [info] > git status -z -uall [20ms]
2023-01-15 18:07:11.923 [info] > git config --get commit.template [1ms]
2023-01-15 18:07:11.929 [info] > git for-each-ref --format=%(refname)%00%(upstream:short)%00%(objectname)%00%(upstream:track)%00%(upstream:remotename)%00%(upstream:remoteref) refs/heads/master refs/remotes/master [1ms]
2023-01-15 18:07:11.937 [info] > git for-each-ref --sort -committerdate --format %(refname) %(objectname) %(*objectname) [0ms]
2023-01-15 18:07:11.952 [info] > git status -z -uall [19ms]
2023-01-15 18:07:16.991 [info] > git config --get commit.template [0ms]
2023-01-15 18:07:16.996 [info] > git for-each-ref --format=%(refname)%00%(upstream:short)%00%(objectname)%00%(upstream:track)%00%(upstream:remotename)%00%(upstream:remoteref) refs/heads/master refs/remotes/master [1ms]
2023-01-15 18:07:17.005 [info] > git for-each-ref --sort -committerdate --format %(refname) %(objectname) %(*objectname) [1ms]
2023-01-15 18:07:17.020 [info] > git status -z -uall [20ms]
2023-01-15 18:07:22.056 [info] > git config --get commit.template [0ms]
2023-01-15 18:07:22.062 [info] > git for-each-ref --format=%(refname)%00%(upstream:short)%00%(objectname)%00%(upstream:track)%00%(upstream:remotename)%00%(upstream:remoteref) refs/heads/master refs/remotes/master [1ms]
2023-01-15 18:07:22.071 [info] > git for-each-ref --sort -committerdate --format %(refname) %(objectname) %(*objectname) [1ms]
2023-01-15 18:07:22.085 [info] > git status -z -uall [19ms]
2023-01-15 18:07:27.124 [info] > git config --get commit.template [1ms]
2023-01-15 18:07:27.130 [info] > git for-each-ref --format=%(refname)%00%(upstream:short)%00%(objectname)%00%(upstream:track)%00%(upstream:remotename)%00%(upstream:remoteref) refs/heads/master refs/remotes/master [1ms]
2023-01-15 18:07:27.140 [info] > git for-each-ref --sort -committerdate --format %(refname) %(objectname) %(*objectname) [1ms]
2023-01-15 18:07:27.155 [info] > git status -z -uall [20ms]
2023-01-15 18:07:32.192 [info] > git config --get commit.template [0ms]
2023-01-15 18:07:32.199 [info] > git for-each-ref --format=%(refname)%00%(upstream:short)%00%(objectname)%00%(upstream:track)%00%(upstream:remotename)%00%(upstream:remoteref) refs/heads/master refs/remotes/master [1ms]
2023-01-15 18:07:32.210 [info] > git for-each-ref --sort -committerdate --format %(refname) %(objectname) %(*objectname) [1ms]
2023-01-15 18:07:32.225 [info] > git status -z -uall [21ms]
2023-01-15 18:07:37.278 [info] > git config --get commit.template [3ms]
2023-01-15 18:07:37.278 [info] > git for-each-ref --format=%(refname)%00%(upstream:short)%00%(objectname)%00%(upstream:track)%00%(upstream:remotename)%00%(upstream:remoteref) refs/heads/master refs/remotes/master [1ms]
2023-01-15 18:07:37.286 [info] > git for-each-ref --sort -committerdate --format %(refname) %(objectname) %(*objectname) [1ms]
2023-01-15 18:07:37.300 [info] > git status -z -uall [19ms]
2023-01-15 18:07:42.339 [info] > git config --get commit.template [0ms]
2023-01-15 18:07:42.343 [info] > git for-each-ref --format=%(refname)%00%(upstream:short)%00%(objectname)%00%(upstream:track)%00%(upstream:remotename)%00%(upstream:remoteref) refs/heads/master refs/remotes/master [1ms]
2023-01-15 18:07:42.351 [info] > git for-each-ref --sort -committerdate --format %(refname) %(objectname) %(*objectname) [1ms]
2023-01-15 18:07:42.366 [info] > git status -z -uall [19ms]
2023-01-15 18:07:47.405 [info] > git config --get commit.template [1ms]
2023-01-15 18:07:47.410 [info] > git for-each-ref --format=%(refname)%00%(upstream:short)%00%(objectname)%00%(upstream:track)%00%(upstream:remotename)%00%(upstream:remoteref) refs/heads/master refs/remotes/master [1ms]
2023-01-15 18:07:47.418 [info] > git for-each-ref --sort -committerdate --format %(refname) %(objectname) %(*objectname) [1ms]
2023-01-15 18:07:47.434 [info] > git status -z -uall [20ms]
2023-01-15 18:07:52.473 [info] > git config --get commit.template [1ms]
2023-01-15 18:07:52.478 [info] > git for-each-ref --format=%(refname)%00%(upstream:short)%00%(objectname)%00%(upstream:track)%00%(upstream:remotename)%00%(upstream:remoteref) refs/heads/master refs/remotes/master [0ms]
2023-01-15 18:07:52.487 [info] > git for-each-ref --sort -committerdate --format %(refname) %(objectname) %(*objectname) [1ms]
2023-01-15 18:07:52.504 [info] > git status -z -uall [22ms]
2023-01-15 18:07:57.540 [info] > git config --get commit.template [0ms]
2023-01-15 18:07:57.546 [info] > git for-each-ref --format=%(refname)%00%(upstream:short)%00%(objectname)%00%(upstream:track)%00%(upstream:remotename)%00%(upstream:remoteref) refs/heads/master refs/remotes/master [1ms]
2023-01-15 18:07:57.555 [info] > git for-each-ref --sort -committerdate --format %(refname) %(objectname) %(*objectname) [1ms]
2023-01-15 18:07:57.570 [info] > git status -z -uall [20ms]
2023-01-15 18:08:02.614 [info] > git config --get commit.template [5ms]
2023-01-15 18:08:02.615 [info] > git for-each-ref --format=%(refname)%00%(upstream:short)%00%(objectname)%00%(upstream:track)%00%(upstream:remotename)%00%(upstream:remoteref) refs/heads/master refs/remotes/master [1ms]
2023-01-15 18:08:02.624 [info] > git for-each-ref --sort -committerdate --format %(refname) %(objectname) %(*objectname) [0ms]
2023-01-15 18:08:02.639 [info] > git status -z -uall [20ms]
2023-01-15 18:08:07.678 [info] > git config --get commit.template [1ms]
2023-01-15 18:08:07.684 [info] > git for-each-ref --format=%(refname)%00%(upstream:short)%00%(objectname)%00%(upstream:track)%00%(upstream:remotename)%00%(upstream:remoteref) refs/heads/master refs/remotes/master [1ms]
2023-01-15 18:08:07.694 [info] > git for-each-ref --sort -committerdate --format %(refname) %(objectname) %(*objectname) [0ms]
2023-01-15 18:08:07.708 [info] > git status -z -uall [19ms]
2023-01-15 18:08:12.748 [info] > git config --get commit.template [1ms]
2023-01-15 18:08:12.754 [info] > git for-each-ref --format=%(refname)%00%(upstream:short)%00%(objectname)%00%(upstream:track)%00%(upstream:remotename)%00%(upstream:remoteref) refs/heads/master refs/remotes/master [1ms]
2023-01-15 18:08:12.767 [info] > git for-each-ref --sort -committerdate --format %(refname) %(objectname) %(*objectname) [2ms]
2023-01-15 18:08:12.787 [info] > git status -z -uall [28ms]
2023-01-15 18:08:17.825 [info] > git config --get commit.template [1ms]
2023-01-15 18:08:17.830 [info] > git for-each-ref --format=%(refname)%00%(upstream:short)%00%(objectname)%00%(upstream:track)%00%(upstream:remotename)%00%(upstream:remoteref) refs/heads/master refs/remotes/master [1ms]
2023-01-15 18:08:17.838 [info] > git for-each-ref --sort -committerdate --format %(refname) %(objectname) %(*objectname) [1ms]
2023-01-15 18:08:17.853 [info] > git status -z -uall [20ms]
2023-01-15 18:08:22.892 [info] > git config --get commit.template [1ms]
2023-01-15 18:08:22.897 [info] > git for-each-ref --format=%(refname)%00%(upstream:short)%00%(objectname)%00%(upstream:track)%00%(upstream:remotename)%00%(upstream:remoteref) refs/heads/master refs/remotes/master [0ms]
2023-01-15 18:08:22.905 [info] > git for-each-ref --sort -committerdate --format %(refname) %(objectname) %(*objectname) [2ms]
2023-01-15 18:08:22.920 [info] > git status -z -uall [20ms]
2023-01-15 18:08:27.958 [info] > git config --get commit.template [1ms]
2023-01-15 18:08:27.963 [info] > git for-each-ref --format=%(refname)%00%(upstream:short)%00%(objectname)%00%(upstream:track)%00%(upstream:remotename)%00%(upstream:remoteref) refs/heads/master refs/remotes/master [1ms]
2023-01-15 18:08:27.972 [info] > git for-each-ref --sort -committerdate --format %(refname) %(objectname) %(*objectname) [1ms]
2023-01-15 18:08:27.988 [info] > git status -z -uall [20ms]
2023-01-15 18:08:33.025 [info] > git config --get commit.template [1ms]
2023-01-15 18:08:33.030 [info] > git for-each-ref --format=%(refname)%00%(upstream:short)%00%(objectname)%00%(upstream:track)%00%(upstream:remotename)%00%(upstream:remoteref) refs/heads/master refs/remotes/master [1ms]
2023-01-15 18:08:33.039 [info] > git for-each-ref --sort -committerdate --format %(refname) %(objectname) %(*objectname) [0ms]
2023-01-15 18:08:33.053 [info] > git status -z -uall [19ms]
2023-01-15 18:08:38.092 [info] > git config --get commit.template [0ms]
2023-01-15 18:08:38.099 [info] > git for-each-ref --format=%(refname)%00%(upstream:short)%00%(objectname)%00%(upstream:track)%00%(upstream:remotename)%00%(upstream:remoteref) refs/heads/master refs/remotes/master [1ms]
2023-01-15 18:08:38.113 [info] > git for-each-ref --sort -committerdate --format %(refname) %(objectname) %(*objectname) [1ms]
2023-01-15 18:08:38.128 [info] > git status -z -uall [20ms]
2023-01-15 18:08:43.167 [info] > git config --get commit.template [1ms]
2023-01-15 18:08:43.173 [info] > git for-each-ref --format=%(refname)%00%(upstream:short)%00%(objectname)%00%(upstream:track)%00%(upstream:remotename)%00%(upstream:remoteref) refs/heads/master refs/remotes/master [1ms]
2023-01-15 18:08:43.183 [info] > git for-each-ref --sort -committerdate --format %(refname) %(objectname) %(*objectname) [1ms]
2023-01-15 18:08:43.199 [info] > git status -z -uall [21ms]
2023-01-15 18:08:48.246 [info] > git config --get commit.template [6ms]
2023-01-15 18:08:48.246 [info] > git for-each-ref --format=%(refname)%00%(upstream:short)%00%(objectname)%00%(upstream:track)%00%(upstream:remotename)%00%(upstream:remoteref) refs/heads/master refs/remotes/master [1ms]
2023-01-15 18:08:48.258 [info] > git for-each-ref --sort -committerdate --format %(refname) %(objectname) %(*objectname) [1ms]
2023-01-15 18:08:48.273 [info] > git status -z -uall [21ms]
2023-01-15 18:08:53.316 [info] > git config --get commit.template [1ms]
2023-01-15 18:08:53.322 [info] > git for-each-ref --format=%(refname)%00%(upstream:short)%00%(objectname)%00%(upstream:track)%00%(upstream:remotename)%00%(upstream:remoteref) refs/heads/master refs/remotes/master [1ms]
2023-01-15 18:08:53.334 [info] > git for-each-ref --sort -committerdate --format %(refname) %(objectname) %(*objectname) [1ms]
2023-01-15 18:08:53.349 [info] > git status -z -uall [20ms]
2023-01-15 18:08:58.388 [info] > git config --get commit.template [1ms]
2023-01-15 18:08:58.392 [info] > git for-each-ref --format=%(refname)%00%(upstream:short)%00%(objectname)%00%(upstream:track)%00%(upstream:remotename)%00%(upstream:remoteref) refs/heads/master refs/remotes/master [1ms]
2023-01-15 18:08:58.399 [info] > git for-each-ref --sort -committerdate --format %(refname) %(objectname) %(*objectname) [1ms]
2023-01-15 18:08:58.415 [info] > git status -z -uall [20ms]
2023-01-15 18:09:03.453 [info] > git config --get commit.template [0ms]
2023-01-15 18:09:03.459 [info] > git for-each-ref --format=%(refname)%00%(upstream:short)%00%(objectname)%00%(upstream:track)%00%(upstream:remotename)%00%(upstream:remoteref) refs/heads/master refs/remotes/master [1ms]
2023-01-15 18:09:03.467 [info] > git for-each-ref --sort -committerdate --format %(refname) %(objectname) %(*objectname) [1ms]
2023-01-15 18:09:03.483 [info] > git status -z -uall [21ms]
2023-01-15 18:09:08.523 [info] > git config --get commit.template [1ms]
2023-01-15 18:09:08.528 [info] > git for-each-ref --format=%(refname)%00%(upstream:short)%00%(objectname)%00%(upstream:track)%00%(upstream:remotename)%00%(upstream:remoteref) refs/heads/master refs/remotes/master [1ms]
2023-01-15 18:09:08.536 [info] > git for-each-ref --sort -committerdate --format %(refname) %(objectname) %(*objectname) [1ms]
2023-01-15 18:09:08.552 [info] > git status -z -uall [20ms]
2023-01-15 18:09:13.590 [info] > git config --get commit.template [1ms]
2023-01-15 18:09:13.596 [info] > git for-each-ref --format=%(refname)%00%(upstream:short)%00%(objectname)%00%(upstream:track)%00%(upstream:remotename)%00%(upstream:remoteref) refs/heads/master refs/remotes/master [1ms]
2023-01-15 18:09:13.605 [info] > git for-each-ref --sort -committerdate --format %(refname) %(objectname) %(*objectname) [0ms]
2023-01-15 18:09:13.620 [info] > git status -z -uall [20ms]
2023-01-15 18:09:18.659 [info] > git config --get commit.template [1ms]
2023-01-15 18:09:18.664 [info] > git for-each-ref --format=%(refname)%00%(upstream:short)%00%(objectname)%00%(upstream:track)%00%(upstream:remotename)%00%(upstream:remoteref) refs/heads/master refs/remotes/master [1ms]
2023-01-15 18:09:18.675 [info] > git for-each-ref --sort -committerdate --format %(refname) %(objectname) %(*objectname) [1ms]
2023-01-15 18:09:18.690 [info] > git status -z -uall [21ms]
2023-01-15 18:09:23.729 [info] > git config --get commit.template [1ms]
2023-01-15 18:09:23.739 [info] > git for-each-ref --format=%(refname)%00%(upstream:short)%00%(objectname)%00%(upstream:track)%00%(upstream:remotename)%00%(upstream:remoteref) refs/heads/master refs/remotes/master [2ms]
2023-01-15 18:09:23.754 [info] > git for-each-ref --sort -committerdate --format %(refname) %(objectname) %(*objectname) [1ms]
2023-01-15 18:09:23.789 [info] > git status -z -uall [42ms]
2023-01-15 18:09:28.869 [info] > git config --get commit.template [0ms]
2023-01-15 18:09:28.875 [info] > git for-each-ref --format=%(refname)%00%(upstream:short)%00%(objectname)%00%(upstream:track)%00%(upstream:remotename)%00%(upstream:remoteref) refs/heads/master refs/remotes/master [1ms]
2023-01-15 18:09:28.887 [info] > git for-each-ref --sort -committerdate --format %(refname) %(objectname) %(*objectname) [1ms]
2023-01-15 18:09:28.901 [info] > git status -z -uall [20ms]
2023-01-15 18:09:33.949 [info] > git config --get commit.template [7ms]
2023-01-15 18:09:33.949 [info] > git for-each-ref --format=%(refname)%00%(upstream:short)%00%(objectname)%00%(upstream:track)%00%(upstream:remotename)%00%(upstream:remoteref) refs/heads/master refs/remotes/master [0ms]
2023-01-15 18:09:33.961 [info] > git for-each-ref --sort -committerdate --format %(refname) %(objectname) %(*objectname) [1ms]
2023-01-15 18:09:33.977 [info] > git status -z -uall [22ms]
2023-01-15 18:09:39.029 [info] > git config --get commit.template [1ms]
2023-01-15 18:09:39.034 [info] > git for-each-ref --format=%(refname)%00%(upstream:short)%00%(objectname)%00%(upstream:track)%00%(upstream:remotename)%00%(upstream:remoteref) refs/heads/master refs/remotes/master [1ms]
2023-01-15 18:09:39.043 [info] > git for-each-ref --sort -committerdate --format %(refname) %(objectname) %(*objectname) [1ms]
2023-01-15 18:09:39.060 [info] > git status -z -uall [21ms]
2023-01-15 18:09:44.104 [info] > git config --get commit.template [4ms]
2023-01-15 18:09:44.104 [info] > git for-each-ref --format=%(refname)%00%(upstream:short)%00%(objectname)%00%(upstream:track)%00%(upstream:remotename)%00%(upstream:remoteref) refs/heads/master refs/remotes/master [1ms]
2023-01-15 18:09:44.113 [info] > git for-each-ref --sort -committerdate --format %(refname) %(objectname) %(*objectname) [0ms]
2023-01-15 18:09:44.130 [info] > git status -z -uall [21ms]
2023-01-15 18:09:49.170 [info] > git config --get commit.template [1ms]
2023-01-15 18:09:49.175 [info] > git for-each-ref --format=%(refname)%00%(upstream:short)%00%(objectname)%00%(upstream:track)%00%(upstream:remotename)%00%(upstream:remoteref) refs/heads/master refs/remotes/master [1ms]
2023-01-15 18:09:49.183 [info] > git for-each-ref --sort -committerdate --format %(refname) %(objectname) %(*objectname) [1ms]
2023-01-15 18:09:49.198 [info] > git status -z -uall [20ms]
2023-01-15 18:09:54.237 [info] > git config --get commit.template [1ms]
2023-01-15 18:09:54.242 [info] > git for-each-ref --format=%(refname)%00%(upstream:short)%00%(objectname)%00%(upstream:track)%00%(upstream:remotename)%00%(upstream:remoteref) refs/heads/master refs/remotes/master [0ms]
2023-01-15 18:09:54.252 [info] > git for-each-ref --sort -committerdate --format %(refname) %(objectname) %(*objectname) [1ms]
2023-01-15 18:09:54.270 [info] > git status -z -uall [23ms]
2023-01-15 18:09:59.310 [info] > git config --get commit.template [0ms]
2023-01-15 18:09:59.316 [info] > git for-each-ref --format=%(refname)%00%(upstream:short)%00%(objectname)%00%(upstream:track)%00%(upstream:remotename)%00%(upstream:remoteref) refs/heads/master refs/remotes/master [1ms]
2023-01-15 18:09:59.327 [info] > git for-each-ref --sort -committerdate --format %(refname) %(objectname) %(*objectname) [0ms]
2023-01-15 18:09:59.341 [info] > git status -z -uall [20ms]
2023-01-15 18:10:04.382 [info] > git config --get commit.template [1ms]
2023-01-15 18:10:04.389 [info] > git for-each-ref --format=%(refname)%00%(upstream:short)%00%(objectname)%00%(upstream:track)%00%(upstream:remotename)%00%(upstream:remoteref) refs/heads/master refs/remotes/master [0ms]
2023-01-15 18:10:04.398 [info] > git for-each-ref --sort -committerdate --format %(refname) %(objectname) %(*objectname) [1ms]
2023-01-15 18:10:04.415 [info] > git status -z -uall [22ms]
2023-01-15 18:10:09.454 [info] > git config --get commit.template [1ms]
2023-01-15 18:10:09.460 [info] > git for-each-ref --format=%(refname)%00%(upstream:short)%00%(objectname)%00%(upstream:track)%00%(upstream:remotename)%00%(upstream:remoteref) refs/heads/master refs/remotes/master [1ms]
2023-01-15 18:10:09.471 [info] > git for-each-ref --sort -committerdate --format %(refname) %(objectname) %(*objectname) [1ms]
2023-01-15 18:10:09.486 [info] > git status -z -uall [21ms]
2023-01-15 18:10:14.534 [info] > git config --get commit.template [6ms]
2023-01-15 18:10:14.534 [info] > git for-each-ref --format=%(refname)%00%(upstream:short)%00%(objectname)%00%(upstream:track)%00%(upstream:remotename)%00%(upstream:remoteref) refs/heads/master refs/remotes/master [1ms]
2023-01-15 18:10:14.545 [info] > git for-each-ref --sort -committerdate --format %(refname) %(objectname) %(*objectname) [1ms]
2023-01-15 18:10:14.560 [info] > git status -z -uall [21ms]
2023-01-15 18:10:19.607 [info] > git config --get commit.template [0ms]
2023-01-15 18:10:19.611 [info] > git for-each-ref --format=%(refname)%00%(upstream:short)%00%(objectname)%00%(upstream:track)%00%(upstream:remotename)%00%(upstream:remoteref) refs/heads/master refs/remotes/master [1ms]
2023-01-15 18:10:19.619 [info] > git for-each-ref --sort -committerdate --format %(refname) %(objectname) %(*objectname) [1ms]
2023-01-15 18:10:19.634 [info] > git status -z -uall [20ms]
2023-01-15 18:10:24.673 [info] > git config --get commit.template [1ms]
2023-01-15 18:10:24.677 [info] > git for-each-ref --format=%(refname)%00%(upstream:short)%00%(objectname)%00%(upstream:track)%00%(upstream:remotename)%00%(upstream:remoteref) refs/heads/master refs/remotes/master [0ms]
2023-01-15 18:10:24.685 [info] > git for-each-ref --sort -committerdate --format %(refname) %(objectname) %(*objectname) [1ms]
2023-01-15 18:10:24.701 [info] > git status -z -uall [20ms]
2023-01-15 18:10:29.740 [info] > git config --get commit.template [1ms]
2023-01-15 18:10:29.746 [info] > git for-each-ref --format=%(refname)%00%(upstream:short)%00%(objectname)%00%(upstream:track)%00%(upstream:remotename)%00%(upstream:remoteref) refs/heads/master refs/remotes/master [0ms]
2023-01-15 18:10:29.755 [info] > git for-each-ref --sort -committerdate --format %(refname) %(objectname) %(*objectname) [1ms]
2023-01-15 18:10:29.770 [info] > git status -z -uall [20ms]
2023-01-15 18:10:34.819 [info] > git config --get commit.template [5ms]
2023-01-15 18:10:34.820 [info] > git for-each-ref --format=%(refname)%00%(upstream:short)%00%(objectname)%00%(upstream:track)%00%(upstream:remotename)%00%(upstream:remoteref) refs/heads/master refs/remotes/master [1ms]
2023-01-15 18:10:34.832 [info] > git for-each-ref --sort -committerdate --format %(refname) %(objectname) %(*objectname) [1ms]
2023-01-15 18:10:34.850 [info] > git status -z -uall [25ms]
2023-01-15 18:10:39.887 [info] > git config --get commit.template [1ms]
2023-01-15 18:10:39.892 [info] > git for-each-ref --format=%(refname)%00%(upstream:short)%00%(objectname)%00%(upstream:track)%00%(upstream:remotename)%00%(upstream:remoteref) refs/heads/master refs/remotes/master [1ms]
2023-01-15 18:10:39.902 [info] > git for-each-ref --sort -committerdate --format %(refname) %(objectname) %(*objectname) [1ms]
2023-01-15 18:10:39.916 [info] > git status -z -uall [20ms]
2023-01-15 18:10:44.956 [info] > git config --get commit.template [1ms]
2023-01-15 18:10:44.962 [info] > git for-each-ref --format=%(refname)%00%(upstream:short)%00%(objectname)%00%(upstream:track)%00%(upstream:remotename)%00%(upstream:remoteref) refs/heads/master refs/remotes/master [1ms]
2023-01-15 18:10:44.973 [info] > git for-each-ref --sort -committerdate --format %(refname) %(objectname) %(*objectname) [1ms]
2023-01-15 18:10:44.988 [info] > git status -z -uall [20ms]
2023-01-15 18:10:50.026 [info] > git config --get commit.template [1ms]
2023-01-15 18:10:50.032 [info] > git for-each-ref --format=%(refname)%00%(upstream:short)%00%(objectname)%00%(upstream:track)%00%(upstream:remotename)%00%(upstream:remoteref) refs/heads/master refs/remotes/master [1ms]
2023-01-15 18:10:50.044 [info] > git for-each-ref --sort -committerdate --format %(refname) %(objectname) %(*objectname) [0ms]
2023-01-15 18:10:50.060 [info] > git status -z -uall [22ms]
2023-01-15 18:10:55.100 [info] > git config --get commit.template [0ms]
2023-01-15 18:10:55.106 [info] > git for-each-ref --format=%(refname)%00%(upstream:short)%00%(objectname)%00%(upstream:track)%00%(upstream:remotename)%00%(upstream:remoteref) refs/heads/master refs/remotes/master [1ms]
2023-01-15 18:10:55.117 [info] > git for-each-ref --sort -committerdate --format %(refname) %(objectname) %(*objectname) [1ms]
2023-01-15 18:10:55.133 [info] > git status -z -uall [22ms]
2023-01-15 18:11:00.180 [info] > git config --get commit.template [0ms]
2023-01-15 18:11:00.185 [info] > git for-each-ref --format=%(refname)%00%(upstream:short)%00%(objectname)%00%(upstream:track)%00%(upstream:remotename)%00%(upstream:remoteref) refs/heads/master refs/remotes/master [0ms]
2023-01-15 18:11:00.192 [info] > git for-each-ref --sort -committerdate --format %(refname) %(objectname) %(*objectname) [1ms]
2023-01-15 18:11:00.207 [info] > git status -z -uall [19ms]
2023-01-15 18:11:05.246 [info] > git config --get commit.template [1ms]
2023-01-15 18:11:05.251 [info] > git for-each-ref --format=%(refname)%00%(upstream:short)%00%(objectname)%00%(upstream:track)%00%(upstream:remotename)%00%(upstream:remoteref) refs/heads/master refs/remotes/master [0ms]
2023-01-15 18:11:05.259 [info] > git for-each-ref --sort -committerdate --format %(refname) %(objectname) %(*objectname) [1ms]
2023-01-15 18:11:05.275 [info] > git status -z -uall [20ms]
2023-01-15 18:11:10.314 [info] > git config --get commit.template [0ms]
2023-01-15 18:11:10.320 [info] > git for-each-ref --format=%(refname)%00%(upstream:short)%00%(objectname)%00%(upstream:track)%00%(upstream:remotename)%00%(upstream:remoteref) refs/heads/master refs/remotes/master [1ms]
2023-01-15 18:11:10.329 [info] > git for-each-ref --sort -committerdate --format %(refname) %(objectname) %(*objectname) [1ms]
2023-01-15 18:11:10.345 [info] > git status -z -uall [21ms]
2023-01-15 18:11:15.385 [info] > git config --get commit.template [0ms]
2023-01-15 18:11:15.390 [info] > git for-each-ref --format=%(refname)%00%(upstream:short)%00%(objectname)%00%(upstream:track)%00%(upstream:remotename)%00%(upstream:remoteref) refs/heads/master refs/remotes/master [1ms]
2023-01-15 18:11:15.401 [info] > git for-each-ref --sort -committerdate --format %(refname) %(objectname) %(*objectname) [1ms]
2023-01-15 18:11:15.415 [info] > git status -z -uall [21ms]
2023-01-15 18:11:20.460 [info] > git config --get commit.template [5ms]
2023-01-15 18:11:20.460 [info] > git for-each-ref --format=%(refname)%00%(upstream:short)%00%(objectname)%00%(upstream:track)%00%(upstream:remotename)%00%(upstream:remoteref) refs/heads/master refs/remotes/master [1ms]
2023-01-15 18:11:20.470 [info] > git for-each-ref --sort -committerdate --format %(refname) %(objectname) %(*objectname) [1ms]
2023-01-15 18:11:20.484 [info] > git status -z -uall [19ms]
2023-01-15 18:11:25.526 [info] > git config --get commit.template [0ms]
2023-01-15 18:11:25.532 [info] > git for-each-ref --format=%(refname)%00%(upstream:short)%00%(objectname)%00%(upstream:track)%00%(upstream:remotename)%00%(upstream:remoteref) refs/heads/master refs/remotes/master [1ms]
2023-01-15 18:11:25.543 [info] > git for-each-ref --sort -committerdate --format %(refname) %(objectname) %(*objectname) [1ms]
2023-01-15 18:11:25.559 [info] > git status -z -uall [22ms]
2023-01-15 18:11:30.596 [info] > git config --get commit.template [0ms]
2023-01-15 18:11:30.602 [info] > git for-each-ref --format=%(refname)%00%(upstream:short)%00%(objectname)%00%(upstream:track)%00%(upstream:remotename)%00%(upstream:remoteref) refs/heads/master refs/remotes/master [0ms]
2023-01-15 18:11:30.613 [info] > git for-each-ref --sort -committerdate --format %(refname) %(objectname) %(*objectname) [1ms]
2023-01-15 18:11:30.627 [info] > git status -z -uall [20ms]
2023-01-15 18:11:35.668 [info] > git config --get commit.template [1ms]
2023-01-15 18:11:35.675 [info] > git for-each-ref --format=%(refname)%00%(upstream:short)%00%(objectname)%00%(upstream:track)%00%(upstream:remotename)%00%(upstream:remoteref) refs/heads/master refs/remotes/master [1ms]
2023-01-15 18:11:35.687 [info] > git for-each-ref --sort -committerdate --format %(refname) %(objectname) %(*objectname) [1ms]
2023-01-15 18:11:35.703 [info] > git status -z -uall [23ms]
2023-01-15 18:11:40.753 [info] > git config --get commit.template [1ms]
2023-01-15 18:11:40.758 [info] > git for-each-ref --format=%(refname)%00%(upstream:short)%00%(objectname)%00%(upstream:track)%00%(upstream:remotename)%00%(upstream:remoteref) refs/heads/master refs/remotes/master [1ms]
2023-01-15 18:11:40.768 [info] > git for-each-ref --sort -committerdate --format %(refname) %(objectname) %(*objectname) [1ms]
2023-01-15 18:11:40.782 [info] > git status -z -uall [20ms]
2023-01-15 18:11:45.819 [info] > git config --get commit.template [1ms]
2023-01-15 18:11:45.824 [info] > git for-each-ref --format=%(refname)%00%(upstream:short)%00%(objectname)%00%(upstream:track)%00%(upstream:remotename)%00%(upstream:remoteref) refs/heads/master refs/remotes/master [1ms]
2023-01-15 18:11:45.833 [info] > git for-each-ref --sort -committerdate --format %(refname) %(objectname) %(*objectname) [2ms]
2023-01-15 18:11:45.855 [info] > git status -z -uall [27ms]
2023-01-15 18:11:50.902 [info] > git config --get commit.template [4ms]
2023-01-15 18:11:50.903 [info] > git for-each-ref --format=%(refname)%00%(upstream:short)%00%(objectname)%00%(upstream:track)%00%(upstream:remotename)%00%(upstream:remoteref) refs/heads/master refs/remotes/master [1ms]
2023-01-15 18:11:50.911 [info] > git for-each-ref --sort -committerdate --format %(refname) %(objectname) %(*objectname) [0ms]
2023-01-15 18:11:50.925 [info] > git status -z -uall [19ms]
2023-01-15 18:11:55.973 [info] > git config --get commit.template [0ms]
2023-01-15 18:11:55.978 [info] > git for-each-ref --format=%(refname)%00%(upstream:short)%00%(objectname)%00%(upstream:track)%00%(upstream:remotename)%00%(upstream:remoteref) refs/heads/master refs/remotes/master [1ms]
2023-01-15 18:11:55.986 [info] > git for-each-ref --sort -committerdate --format %(refname) %(objectname) %(*objectname) [1ms]
2023-01-15 18:11:56.007 [info] > git status -z -uall [25ms]
2023-01-15 18:12:01.056 [info] > git config --get commit.template [1ms]
2023-01-15 18:12:01.061 [info] > git for-each-ref --format=%(refname)%00%(upstream:short)%00%(objectname)%00%(upstream:track)%00%(upstream:remotename)%00%(upstream:remoteref) refs/heads/master refs/remotes/master [1ms]
2023-01-15 18:12:01.070 [info] > git for-each-ref --sort -committerdate --format %(refname) %(objectname) %(*objectname) [1ms]
2023-01-15 18:12:01.085 [info] > git status -z -uall [20ms]
2023-01-15 18:12:06.124 [info] > git config --get commit.template [1ms]
2023-01-15 18:12:06.129 [info] > git for-each-ref --format=%(refname)%00%(upstream:short)%00%(objectname)%00%(upstream:track)%00%(upstream:remotename)%00%(upstream:remoteref) refs/heads/master refs/remotes/master [1ms]
2023-01-15 18:12:06.139 [info] > git for-each-ref --sort -committerdate --format %(refname) %(objectname) %(*objectname) [1ms]
2023-01-15 18:12:06.153 [info] > git status -z -uall [20ms]
2023-01-15 18:12:11.190 [info] > git config --get commit.template [1ms]
2023-01-15 18:12:11.195 [info] > git for-each-ref --format=%(refname)%00%(upstream:short)%00%(objectname)%00%(upstream:track)%00%(upstream:remotename)%00%(upstream:remoteref) refs/heads/master refs/remotes/master [1ms]
2023-01-15 18:12:11.205 [info] > git for-each-ref --sort -committerdate --format %(refname) %(objectname) %(*objectname) [0ms]
2023-01-15 18:12:11.219 [info] > git status -z -uall [20ms]
2023-01-15 18:12:16.258 [info] > git config --get commit.template [1ms]
2023-01-15 18:12:16.265 [info] > git for-each-ref --format=%(refname)%00%(upstream:short)%00%(objectname)%00%(upstream:track)%00%(upstream:remotename)%00%(upstream:remoteref) refs/heads/master refs/remotes/master [1ms]
2023-01-15 18:12:16.276 [info] > git for-each-ref --sort -committerdate --format %(refname) %(objectname) %(*objectname) [1ms]
2023-01-15 18:12:16.290 [info] > git status -z -uall [20ms]
2023-01-15 18:12:21.329 [info] > git config --get commit.template [0ms]
2023-01-15 18:12:21.335 [info] > git for-each-ref --format=%(refname)%00%(upstream:short)%00%(objectname)%00%(upstream:track)%00%(upstream:remotename)%00%(upstream:remoteref) refs/heads/master refs/remotes/master [1ms]
2023-01-15 18:12:21.347 [info] > git for-each-ref --sort -committerdate --format %(refname) %(objectname) %(*objectname) [1ms]
2023-01-15 18:12:21.363 [info] > git status -z -uall [23ms]
2023-01-15 18:12:26.410 [info] > git config --get commit.template [1ms]
2023-01-15 18:12:26.414 [info] > git for-each-ref --format=%(refname)%00%(upstream:short)%00%(objectname)%00%(upstream:track)%00%(upstream:remotename)%00%(upstream:remoteref) refs/heads/master refs/remotes/master [0ms]
2023-01-15 18:12:26.422 [info] > git for-each-ref --sort -committerdate --format %(refname) %(objectname) %(*objectname) [1ms]
2023-01-15 18:12:26.437 [info] > git status -z -uall [19ms]
2023-01-15 18:12:31.475 [info] > git config --get commit.template [1ms]
2023-01-15 18:12:31.480 [info] > git for-each-ref --format=%(refname)%00%(upstream:short)%00%(objectname)%00%(upstream:track)%00%(upstream:remotename)%00%(upstream:remoteref) refs/heads/master refs/remotes/master [0ms]
2023-01-15 18:12:31.488 [info] > git for-each-ref --sort -committerdate --format %(refname) %(objectname) %(*objectname) [1ms]
2023-01-15 18:12:31.503 [info] > git status -z -uall [20ms]
2023-01-15 18:12:36.542 [info] > git config --get commit.template [2ms]
2023-01-15 18:12:36.547 [info] > git for-each-ref --format=%(refname)%00%(upstream:short)%00%(objectname)%00%(upstream:track)%00%(upstream:remotename)%00%(upstream:remoteref) refs/heads/master refs/remotes/master [1ms]
2023-01-15 18:12:36.556 [info] > git for-each-ref --sort -committerdate --format %(refname) %(objectname) %(*objectname) [1ms]
2023-01-15 18:12:36.571 [info] > git status -z -uall [20ms]
2023-01-15 18:12:41.611 [info] > git config --get commit.template [0ms]
2023-01-15 18:12:41.616 [info] > git for-each-ref --format=%(refname)%00%(upstream:short)%00%(objectname)%00%(upstream:track)%00%(upstream:remotename)%00%(upstream:remoteref) refs/heads/master refs/remotes/master [1ms]
2023-01-15 18:12:41.625 [info] > git for-each-ref --sort -committerdate --format %(refname) %(objectname) %(*objectname) [1ms]
2023-01-15 18:12:41.642 [info] > git status -z -uall [22ms]
2023-01-15 18:12:46.683 [info] > git config --get commit.template [5ms]
2023-01-15 18:12:46.683 [info] > git for-each-ref --format=%(refname)%00%(upstream:short)%00%(objectname)%00%(upstream:track)%00%(upstream:remotename)%00%(upstream:remoteref) refs/heads/master refs/remotes/master [1ms]
2023-01-15 18:12:46.692 [info] > git for-each-ref --sort -committerdate --format %(refname) %(objectname) %(*objectname) [1ms]
2023-01-15 18:12:46.707 [info] > git status -z -uall [20ms]
2023-01-15 18:12:51.746 [info] > git config --get commit.template [0ms]
2023-01-15 18:12:51.751 [info] > git for-each-ref --format=%(refname)%00%(upstream:short)%00%(objectname)%00%(upstream:track)%00%(upstream:remotename)%00%(upstream:remoteref) refs/heads/master refs/remotes/master [1ms]
2023-01-15 18:12:51.761 [info] > git for-each-ref --sort -committerdate --format %(refname) %(objectname) %(*objectname) [1ms]
2023-01-15 18:12:51.776 [info] > git status -z -uall [20ms]
2023-01-15 18:12:56.813 [info] > git config --get commit.template [1ms]
2023-01-15 18:12:56.819 [info] > git for-each-ref --format=%(refname)%00%(upstream:short)%00%(objectname)%00%(upstream:track)%00%(upstream:remotename)%00%(upstream:remoteref) refs/heads/master refs/remotes/master [1ms]
2023-01-15 18:12:56.830 [info] > git for-each-ref --sort -committerdate --format %(refname) %(objectname) %(*objectname) [1ms]
2023-01-15 18:12:56.844 [info] > git status -z -uall [20ms]
2023-01-15 18:13:01.884 [info] > git config --get commit.template [1ms]
2023-01-15 18:13:01.890 [info] > git for-each-ref --format=%(refname)%00%(upstream:short)%00%(objectname)%00%(upstream:track)%00%(upstream:remotename)%00%(upstream:remoteref) refs/heads/master refs/remotes/master [1ms]
2023-01-15 18:13:01.901 [info] > git for-each-ref --sort -committerdate --format %(refname) %(objectname) %(*objectname) [1ms]
2023-01-15 18:13:01.916 [info] > git status -z -uall [21ms]
2023-01-15 18:13:06.964 [info] > git config --get commit.template [1ms]
2023-01-15 18:13:06.969 [info] > git for-each-ref --format=%(refname)%00%(upstream:short)%00%(objectname)%00%(upstream:track)%00%(upstream:remotename)%00%(upstream:remoteref) refs/heads/master refs/remotes/master [1ms]
2023-01-15 18:13:06.981 [info] > git for-each-ref --sort -committerdate --format %(refname) %(objectname) %(*objectname) [1ms]
2023-01-15 18:13:06.997 [info] > git status -z -uall [23ms]
2023-01-15 18:13:12.035 [info] > git config --get commit.template [1ms]
2023-01-15 18:13:12.040 [info] > git for-each-ref --format=%(refname)%00%(upstream:short)%00%(objectname)%00%(upstream:track)%00%(upstream:remotename)%00%(upstream:remoteref) refs/heads/master refs/remotes/master [1ms]
2023-01-15 18:13:12.048 [info] > git for-each-ref --sort -committerdate --format %(refname) %(objectname) %(*objectname) [0ms]
2023-01-15 18:13:12.063 [info] > git status -z -uall [20ms]
2023-01-15 18:13:17.102 [info] > git config --get commit.template [0ms]
2023-01-15 18:13:17.107 [info] > git for-each-ref --format=%(refname)%00%(upstream:short)%00%(objectname)%00%(upstream:track)%00%(upstream:remotename)%00%(upstream:remoteref) refs/heads/master refs/remotes/master [0ms]
2023-01-15 18:13:17.114 [info] > git for-each-ref --sort -committerdate --format %(refname) %(objectname) %(*objectname) [1ms]
2023-01-15 18:13:17.130 [info] > git status -z -uall [19ms]
2023-01-15 18:13:22.169 [info] > git config --get commit.template [0ms]
2023-01-15 18:13:22.174 [info] > git for-each-ref --format=%(refname)%00%(upstream:short)%00%(objectname)%00%(upstream:track)%00%(upstream:remotename)%00%(upstream:remoteref) refs/heads/master refs/remotes/master [1ms]
2023-01-15 18:13:22.183 [info] > git for-each-ref --sort -committerdate --format %(refname) %(objectname) %(*objectname) [0ms]
2023-01-15 18:13:22.199 [info] > git status -z -uall [21ms]
2023-01-15 18:13:28.728 [info] > git config --get commit.template [1ms]
2023-01-15 18:13:28.733 [info] > git for-each-ref --format=%(refname)%00%(upstream:short)%00%(objectname)%00%(upstream:track)%00%(upstream:remotename)%00%(upstream:remoteref) refs/heads/master refs/remotes/master [1ms]
2023-01-15 18:13:28.742 [info] > git for-each-ref --sort -committerdate --format %(refname) %(objectname) %(*objectname) [0ms]
2023-01-15 18:13:28.758 [info] > git status -z -uall [20ms]
2023-01-15 18:13:33.797 [info] > git config --get commit.template [1ms]
2023-01-15 18:13:33.802 [info] > git for-each-ref --format=%(refname)%00%(upstream:short)%00%(objectname)%00%(upstream:track)%00%(upstream:remotename)%00%(upstream:remoteref) refs/heads/master refs/remotes/master [1ms]
2023-01-15 18:13:33.813 [info] > git for-each-ref --sort -committerdate --format %(refname) %(objectname) %(*objectname) [0ms]
2023-01-15 18:13:33.827 [info] > git status -z -uall [20ms]
2023-01-15 18:13:38.866 [info] > git config --get commit.template [0ms]
2023-01-15 18:13:38.872 [info] > git for-each-ref --format=%(refname)%00%(upstream:short)%00%(objectname)%00%(upstream:track)%00%(upstream:remotename)%00%(upstream:remoteref) refs/heads/master refs/remotes/master [1ms]
2023-01-15 18:13:38.884 [info] > git for-each-ref --sort -committerdate --format %(refname) %(objectname) %(*objectname) [0ms]
2023-01-15 18:13:38.897 [info] > git status -z -uall [20ms]
2023-01-15 18:13:43.942 [info] > git config --get commit.template [5ms]
2023-01-15 18:13:43.943 [info] > git for-each-ref --format=%(refname)%00%(upstream:short)%00%(objectname)%00%(upstream:track)%00%(upstream:remotename)%00%(upstream:remoteref) refs/heads/master refs/remotes/master [1ms]
2023-01-15 18:13:43.954 [info] > git for-each-ref --sort -committerdate --format %(refname) %(objectname) %(*objectname) [1ms]
2023-01-15 18:13:43.969 [info] > git status -z -uall [21ms]
2023-01-15 18:13:49.014 [info] > git config --get commit.template [6ms]
2023-01-15 18:13:49.015 [info] > git for-each-ref --format=%(refname)%00%(upstream:short)%00%(objectname)%00%(upstream:track)%00%(upstream:remotename)%00%(upstream:remoteref) refs/heads/master refs/remotes/master [1ms]
2023-01-15 18:13:49.027 [info] > git for-each-ref --sort -committerdate --format %(refname) %(objectname) %(*objectname) [1ms]
2023-01-15 18:13:49.043 [info] > git status -z -uall [22ms]
2023-01-15 18:13:54.095 [info] > git config --get commit.template [2ms]
2023-01-15 18:13:54.101 [info] > git for-each-ref --format=%(refname)%00%(upstream:short)%00%(objectname)%00%(upstream:track)%00%(upstream:remotename)%00%(upstream:remoteref) refs/heads/master refs/remotes/master [1ms]
2023-01-15 18:13:54.113 [info] > git for-each-ref --sort -committerdate --format %(refname) %(objectname) %(*objectname) [1ms]
2023-01-15 18:13:54.129 [info] > git status -z -uall [24ms]
2023-01-15 18:13:59.171 [info] > git config --get commit.template [5ms]
2023-01-15 18:13:59.172 [info] > git for-each-ref --format=%(refname)%00%(upstream:short)%00%(objectname)%00%(upstream:track)%00%(upstream:remotename)%00%(upstream:remoteref) refs/heads/master refs/remotes/master [1ms]
2023-01-15 18:13:59.180 [info] > git for-each-ref --sort -committerdate --format %(refname) %(objectname) %(*objectname) [1ms]
2023-01-15 18:13:59.196 [info] > git status -z -uall [21ms]
2023-01-15 18:14:04.241 [info] > git config --get commit.template [6ms]
2023-01-15 18:14:04.241 [info] > git for-each-ref --format=%(refname)%00%(upstream:short)%00%(objectname)%00%(upstream:track)%00%(upstream:remotename)%00%(upstream:remoteref) refs/heads/master refs/remotes/master [1ms]
2023-01-15 18:14:04.251 [info] > git for-each-ref --sort -committerdate --format %(refname) %(objectname) %(*objectname) [1ms]
2023-01-15 18:14:04.267 [info] > git status -z -uall [21ms]
2023-01-15 18:14:09.307 [info] > git config --get commit.template [0ms]
2023-01-15 18:14:09.312 [info] > git for-each-ref --format=%(refname)%00%(upstream:short)%00%(objectname)%00%(upstream:track)%00%(upstream:remotename)%00%(upstream:remoteref) refs/heads/master refs/remotes/master [0ms]
2023-01-15 18:14:09.322 [info] > git for-each-ref --sort -committerdate --format %(refname) %(objectname) %(*objectname) [1ms]
2023-01-15 18:14:09.337 [info] > git status -z -uall [21ms]
2023-01-15 18:14:14.380 [info] > git config --get commit.template [5ms]
2023-01-15 18:14:14.380 [info] > git for-each-ref --format=%(refname)%00%(upstream:short)%00%(objectname)%00%(upstream:track)%00%(upstream:remotename)%00%(upstream:remoteref) refs/heads/master refs/remotes/master [1ms]
2023-01-15 18:14:14.389 [info] > git for-each-ref --sort -committerdate --format %(refname) %(objectname) %(*objectname) [1ms]
2023-01-15 18:14:14.406 [info] > git status -z -uall [22ms]
2023-01-15 18:14:19.443 [info] > git config --get commit.template [1ms]
2023-01-15 18:14:19.450 [info] > git for-each-ref --format=%(refname)%00%(upstream:short)%00%(objectname)%00%(upstream:track)%00%(upstream:remotename)%00%(upstream:remoteref) refs/heads/master refs/remotes/master [1ms]
2023-01-15 18:14:19.462 [info] > git for-each-ref --sort -committerdate --format %(refname) %(objectname) %(*objectname) [1ms]
2023-01-15 18:14:19.479 [info] > git status -z -uall [24ms]
2023-01-15 18:14:24.529 [info] > git config --get commit.template [6ms]
2023-01-15 18:14:24.529 [info] > git for-each-ref --format=%(refname)%00%(upstream:short)%00%(objectname)%00%(upstream:track)%00%(upstream:remotename)%00%(upstream:remoteref) refs/heads/master refs/remotes/master [1ms]
2023-01-15 18:14:24.541 [info] > git for-each-ref --sort -committerdate --format %(refname) %(objectname) %(*objectname) [1ms]
2023-01-15 18:14:24.557 [info] > git status -z -uall [21ms]
2023-01-15 18:14:29.596 [info] > git config --get commit.template [0ms]
2023-01-15 18:14:29.603 [info] > git for-each-ref --format=%(refname)%00%(upstream:short)%00%(objectname)%00%(upstream:track)%00%(upstream:remotename)%00%(upstream:remoteref) refs/heads/master refs/remotes/master [0ms]
2023-01-15 18:14:29.616 [info] > git for-each-ref --sort -committerdate --format %(refname) %(objectname) %(*objectname) [3ms]
2023-01-15 18:14:29.628 [info] > git status -z -uall [20ms]
2023-01-15 18:14:34.669 [info] > git config --get commit.template [0ms]
2023-01-15 18:14:34.675 [info] > git for-each-ref --format=%(refname)%00%(upstream:short)%00%(objectname)%00%(upstream:track)%00%(upstream:remotename)%00%(upstream:remoteref) refs/heads/master refs/remotes/master [1ms]
2023-01-15 18:14:34.687 [info] > git for-each-ref --sort -committerdate --format %(refname) %(objectname) %(*objectname) [1ms]
2023-01-15 18:14:34.703 [info] > git status -z -uall [23ms]
2023-01-15 18:14:39.755 [info] > git config --get commit.template [5ms]
2023-01-15 18:14:39.756 [info] > git for-each-ref --format=%(refname)%00%(upstream:short)%00%(objectname)%00%(upstream:track)%00%(upstream:remotename)%00%(upstream:remoteref) refs/heads/master refs/remotes/master [1ms]
2023-01-15 18:14:39.765 [info] > git for-each-ref --sort -committerdate --format %(refname) %(objectname) %(*objectname) [1ms]
2023-01-15 18:14:39.780 [info] > git status -z -uall [20ms]
2023-01-15 18:14:44.826 [info] > git config --get commit.template [5ms]
2023-01-15 18:14:44.826 [info] > git for-each-ref --format=%(refname)%00%(upstream:short)%00%(objectname)%00%(upstream:track)%00%(upstream:remotename)%00%(upstream:remoteref) refs/heads/master refs/remotes/master [1ms]
2023-01-15 18:14:44.835 [info] > git for-each-ref --sort -committerdate --format %(refname) %(objectname) %(*objectname) [1ms]
2023-01-15 18:14:44.851 [info] > git status -z -uall [21ms]
2023-01-15 18:14:49.893 [info] > git config --get commit.template [5ms]
2023-01-15 18:14:49.894 [info] > git for-each-ref --format=%(refname)%00%(upstream:short)%00%(objectname)%00%(upstream:track)%00%(upstream:remotename)%00%(upstream:remoteref) refs/heads/master refs/remotes/master [1ms]
2023-01-15 18:14:49.902 [info] > git for-each-ref --sort -committerdate --format %(refname) %(objectname) %(*objectname) [1ms]
2023-01-15 18:14:49.917 [info] > git status -z -uall [20ms]
2023-01-15 18:14:54.958 [info] > git config --get commit.template [1ms]
2023-01-15 18:14:54.963 [info] > git for-each-ref --format=%(refname)%00%(upstream:short)%00%(objectname)%00%(upstream:track)%00%(upstream:remotename)%00%(upstream:remoteref) refs/heads/master refs/remotes/master [1ms]
2023-01-15 18:14:54.972 [info] > git for-each-ref --sort -committerdate --format %(refname) %(objectname) %(*objectname) [1ms]
2023-01-15 18:14:54.987 [info] > git status -z -uall [20ms]
2023-01-15 18:15:00.025 [info] > git config --get commit.template [1ms]
2023-01-15 18:15:00.032 [info] > git for-each-ref --format=%(refname)%00%(upstream:short)%00%(objectname)%00%(upstream:track)%00%(upstream:remotename)%00%(upstream:remoteref) refs/heads/master refs/remotes/master [1ms]
2023-01-15 18:15:00.043 [info] > git for-each-ref --sort -committerdate --format %(refname) %(objectname) %(*objectname) [1ms]
2023-01-15 18:15:00.057 [info] > git status -z -uall [20ms]
2023-01-15 18:15:05.588 [info] > git config --get commit.template [1ms]
2023-01-15 18:15:05.594 [info] > git for-each-ref --format=%(refname)%00%(upstream:short)%00%(objectname)%00%(upstream:track)%00%(upstream:remotename)%00%(upstream:remoteref) refs/heads/master refs/remotes/master [1ms]
2023-01-15 18:15:05.604 [info] > git for-each-ref --sort -committerdate --format %(refname) %(objectname) %(*objectname) [1ms]
2023-01-15 18:15:05.620 [info] > git status -z -uall [21ms]
2023-01-15 18:15:10.664 [info] > git config --get commit.template [6ms]
2023-01-15 18:15:10.664 [info] > git for-each-ref --format=%(refname)%00%(upstream:short)%00%(objectname)%00%(upstream:track)%00%(upstream:remotename)%00%(upstream:remoteref) refs/heads/master refs/remotes/master [1ms]
2023-01-15 18:15:10.676 [info] > git for-each-ref --sort -committerdate --format %(refname) %(objectname) %(*objectname) [1ms]
2023-01-15 18:15:10.692 [info] > git status -z -uall [22ms]
2023-01-15 18:15:15.744 [info] > git config --get commit.template [1ms]
2023-01-15 18:15:15.750 [info] > git for-each-ref --format=%(refname)%00%(upstream:short)%00%(objectname)%00%(upstream:track)%00%(upstream:remotename)%00%(upstream:remoteref) refs/heads/master refs/remotes/master [0ms]
2023-01-15 18:15:15.758 [info] > git for-each-ref --sort -committerdate --format %(refname) %(objectname) %(*objectname) [1ms]
2023-01-15 18:15:15.774 [info] > git status -z -uall [21ms]
2023-01-15 18:15:20.811 [info] > git config --get commit.template [0ms]
2023-01-15 18:15:20.815 [info] > git for-each-ref --format=%(refname)%00%(upstream:short)%00%(objectname)%00%(upstream:track)%00%(upstream:remotename)%00%(upstream:remoteref) refs/heads/master refs/remotes/master [1ms]
2023-01-15 18:15:20.822 [info] > git for-each-ref --sort -committerdate --format %(refname) %(objectname) %(*objectname) [1ms]
2023-01-15 18:15:20.838 [info] > git status -z -uall [20ms]
2023-01-15 18:15:25.881 [info] > git config --get commit.template [4ms]
2023-01-15 18:15:25.881 [info] > git for-each-ref --format=%(refname)%00%(upstream:short)%00%(objectname)%00%(upstream:track)%00%(upstream:remotename)%00%(upstream:remoteref) refs/heads/master refs/remotes/master [1ms]
2023-01-15 18:15:25.888 [info] > git for-each-ref --sort -committerdate --format %(refname) %(objectname) %(*objectname) [1ms]
2023-01-15 18:15:25.904 [info] > git status -z -uall [20ms]
2023-01-15 18:15:30.947 [info] > git config --get commit.template [4ms]
2023-01-15 18:15:30.947 [info] > git for-each-ref --format=%(refname)%00%(upstream:short)%00%(objectname)%00%(upstream:track)%00%(upstream:remotename)%00%(upstream:remoteref) refs/heads/master refs/remotes/master [0ms]
2023-01-15 18:15:30.956 [info] > git for-each-ref --sort -committerdate --format %(refname) %(objectname) %(*objectname) [0ms]
2023-01-15 18:15:30.970 [info] > git status -z -uall [19ms]
2023-01-15 18:15:36.014 [info] > git config --get commit.template [5ms]
2023-01-15 18:15:36.014 [info] > git for-each-ref --format=%(refname)%00%(upstream:short)%00%(objectname)%00%(upstream:track)%00%(upstream:remotename)%00%(upstream:remoteref) refs/heads/master refs/remotes/master [1ms]
2023-01-15 18:15:36.023 [info] > git for-each-ref --sort -committerdate --format %(refname) %(objectname) %(*objectname) [1ms]
2023-01-15 18:15:36.040 [info] > git status -z -uall [22ms]
2023-01-15 18:15:41.084 [info] > git config --get commit.template [7ms]
2023-01-15 18:15:41.084 [info] > git for-each-ref --format=%(refname)%00%(upstream:short)%00%(objectname)%00%(upstream:track)%00%(upstream:remotename)%00%(upstream:remoteref) refs/heads/master refs/remotes/master [1ms]
2023-01-15 18:15:41.097 [info] > git for-each-ref --sort -committerdate --format %(refname) %(objectname) %(*objectname) [1ms]
2023-01-15 18:15:41.121 [info] > git status -z -uall [31ms]
2023-01-15 18:15:58.624 [info] > git config --get commit.template [0ms]
2023-01-15 18:15:58.631 [info] > git for-each-ref --format=%(refname)%00%(upstream:short)%00%(objectname)%00%(upstream:track)%00%(upstream:remotename)%00%(upstream:remoteref) refs/heads/master refs/remotes/master [1ms]
2023-01-15 18:15:58.644 [info] > git for-each-ref --sort -committerdate --format %(refname) %(objectname) %(*objectname) [1ms]
2023-01-15 18:15:58.659 [info] > git status -z -uall [21ms]
