2023-01-15 18:36:21.944 [info] Extension host with pid 92 started
2023-01-15 18:36:22.011 [info] Lock '/home/ubuntu/.vscode-server/data/User/workspaceStorage/96e01e3a329586d7c93d4dd62db94dde/vscode.lock': Lock acquired.
2023-01-15 18:36:22.226 [info] ExtensionService#_doActivateExtension vscode.git-base, startup: true, activationEvent: '*', root cause: vscode.git
2023-01-15 18:36:22.434 [info] ExtensionService#_doActivateExtension vscode.git, startup: true, activationEvent: '*'
2023-01-15 18:36:22.435 [info] ExtensionService#_doActivateExtension vscode.github, startup: true, activationEvent: '*'
2023-01-15 18:36:22.640 [info] ExtensionService#_doActivateExtension vscode.debug-auto-launch, startup: false, activationEvent: 'onStartupFinished'
2023-01-15 18:36:22.640 [info] ExtensionService#_doActivateExtension vscode.emmet, startup: false, activationEvent: 'onStartupFinished'
2023-01-15 18:36:22.641 [info] ExtensionService#_doActivateExtension vscode.merge-conflict, startup: false, activationEvent: 'onStartupFinished'
2023-01-15 18:36:22.642 [info] Eager extensions activated
2023-01-15 18:36:22.915 [warning] [Decorations] CAPPING events from decorations provider vscode.git 3676
2023-01-15 18:36:23.751 [warning] [Decorations] CAPPING events from decorations provider vscode.git 3677
2023-01-15 18:36:26.762 [warning] [Decorations] CAPPING events from decorations provider vscode.git 3677
2023-01-15 18:36:31.846 [warning] [Decorations] CAPPING events from decorations provider vscode.git 3683
2023-01-15 18:36:36.918 [warning] [Decorations] CAPPING events from decorations provider vscode.git 3683
2023-01-15 18:36:41.987 [warning] [Decorations] CAPPING events from decorations provider vscode.git 3683
2023-01-15 18:36:47.055 [warning] [Decorations] CAPPING events from decorations provider vscode.git 3683
2023-01-15 18:36:52.127 [warning] [Decorations] CAPPING events from decorations provider vscode.git 3683
2023-01-15 18:36:57.212 [warning] [Decorations] CAPPING events from decorations provider vscode.git 3683
2023-01-15 18:37:02.285 [warning] [Decorations] CAPPING events from decorations provider vscode.git 3683
2023-01-15 18:37:07.352 [warning] [Decorations] CAPPING events from decorations provider vscode.git 3683
2023-01-15 18:37:12.425 [warning] [Decorations] CAPPING events from decorations provider vscode.git 3683
2023-01-15 18:37:17.494 [warning] [Decorations] CAPPING events from decorations provider vscode.git 3683
2023-01-15 18:37:22.568 [warning] [Decorations] CAPPING events from decorations provider vscode.git 3683
2023-01-15 18:37:27.637 [warning] [Decorations] CAPPING events from decorations provider vscode.git 3683
2023-01-15 18:37:32.707 [warning] [Decorations] CAPPING events from decorations provider vscode.git 3683
2023-01-15 18:37:37.776 [warning] [Decorations] CAPPING events from decorations provider vscode.git 3683
2023-01-15 18:37:42.859 [warning] [Decorations] CAPPING events from decorations provider vscode.git 3683
2023-01-15 18:37:47.926 [warning] [Decorations] CAPPING events from decorations provider vscode.git 3683
2023-01-15 18:37:52.992 [warning] [Decorations] CAPPING events from decorations provider vscode.git 3683
2023-01-15 18:37:58.059 [warning] [Decorations] CAPPING events from decorations provider vscode.git 3683
2023-01-15 18:38:03.127 [warning] [Decorations] CAPPING events from decorations provider vscode.git 3683
2023-01-15 18:38:08.191 [warning] [Decorations] CAPPING events from decorations provider vscode.git 3683
2023-01-15 18:38:13.258 [warning] [Decorations] CAPPING events from decorations provider vscode.git 3683
2023-01-15 18:38:18.327 [warning] [Decorations] CAPPING events from decorations provider vscode.git 3683
2023-01-15 18:38:23.397 [warning] [Decorations] CAPPING events from decorations provider vscode.git 3683
2023-01-15 18:38:28.477 [warning] [Decorations] CAPPING events from decorations provider vscode.git 3683
2023-01-15 18:38:33.552 [warning] [Decorations] CAPPING events from decorations provider vscode.git 3683
2023-01-15 18:38:38.618 [warning] [Decorations] CAPPING events from decorations provider vscode.git 3683
2023-01-15 18:38:43.686 [warning] [Decorations] CAPPING events from decorations provider vscode.git 3683
2023-01-15 18:38:48.755 [warning] [Decorations] CAPPING events from decorations provider vscode.git 3683
2023-01-15 18:38:53.820 [warning] [Decorations] CAPPING events from decorations provider vscode.git 3683
2023-01-15 18:38:58.889 [warning] [Decorations] CAPPING events from decorations provider vscode.git 3683
2023-01-15 18:39:03.955 [warning] [Decorations] CAPPING events from decorations provider vscode.git 3683
2023-01-15 18:39:09.024 [warning] [Decorations] CAPPING events from decorations provider vscode.git 3683
2023-01-15 18:39:14.107 [warning] [Decorations] CAPPING events from decorations provider vscode.git 3683
2023-01-15 18:39:19.173 [warning] [Decorations] CAPPING events from decorations provider vscode.git 3683
2023-01-15 18:39:24.239 [warning] [Decorations] CAPPING events from decorations provider vscode.git 3683
2023-01-15 18:39:29.308 [warning] [Decorations] CAPPING events from decorations provider vscode.git 3683
2023-01-15 18:39:34.374 [warning] [Decorations] CAPPING events from decorations provider vscode.git 3683
2023-01-15 18:39:39.453 [warning] [Decorations] CAPPING events from decorations provider vscode.git 3683
2023-01-15 18:39:44.527 [warning] [Decorations] CAPPING events from decorations provider vscode.git 3683
2023-01-15 18:39:49.592 [warning] [Decorations] CAPPING events from decorations provider vscode.git 3683
2023-01-15 18:39:54.658 [warning] [Decorations] CAPPING events from decorations provider vscode.git 3683
2023-01-15 18:39:59.726 [warning] [Decorations] CAPPING events from decorations provider vscode.git 3683
2023-01-15 18:40:04.795 [warning] [Decorations] CAPPING events from decorations provider vscode.git 3683
2023-01-15 18:40:09.863 [warning] [Decorations] CAPPING events from decorations provider vscode.git 3683
2023-01-15 18:40:14.929 [warning] [Decorations] CAPPING events from decorations provider vscode.git 3683
2023-01-15 18:40:19.998 [warning] [Decorations] CAPPING events from decorations provider vscode.git 3683
2023-01-15 18:40:25.082 [warning] [Decorations] CAPPING events from decorations provider vscode.git 3683
2023-01-15 18:40:30.147 [warning] [Decorations] CAPPING events from decorations provider vscode.git 3683
2023-01-15 18:40:35.216 [warning] [Decorations] CAPPING events from decorations provider vscode.git 3683
2023-01-15 18:40:40.280 [warning] [Decorations] CAPPING events from decorations provider vscode.git 3683
2023-01-15 18:40:45.346 [warning] [Decorations] CAPPING events from decorations provider vscode.git 3683
2023-01-15 18:40:50.414 [warning] [Decorations] CAPPING events from decorations provider vscode.git 3683
2023-01-15 18:40:55.482 [warning] [Decorations] CAPPING events from decorations provider vscode.git 3683
2023-01-15 18:41:00.549 [warning] [Decorations] CAPPING events from decorations provider vscode.git 3683
2023-01-15 18:41:05.616 [warning] [Decorations] CAPPING events from decorations provider vscode.git 3683
2023-01-15 18:41:10.683 [warning] [Decorations] CAPPING events from decorations provider vscode.git 3683
2023-01-15 18:41:15.749 [warning] [Decorations] CAPPING events from decorations provider vscode.git 3683
2023-01-15 18:41:20.821 [warning] [Decorations] CAPPING events from decorations provider vscode.git 3683
2023-01-15 18:41:25.890 [warning] [Decorations] CAPPING events from decorations provider vscode.git 3683
2023-01-15 18:41:30.958 [warning] [Decorations] CAPPING events from decorations provider vscode.git 3683
2023-01-15 18:41:36.028 [warning] [Decorations] CAPPING events from decorations provider vscode.git 3683
2023-01-15 18:41:41.100 [warning] [Decorations] CAPPING events from decorations provider vscode.git 3683
2023-01-15 18:41:46.181 [warning] [Decorations] CAPPING events from decorations provider vscode.git 3683
2023-01-15 18:41:51.247 [warning] [Decorations] CAPPING events from decorations provider vscode.git 3683
2023-01-15 18:41:56.315 [warning] [Decorations] CAPPING events from decorations provider vscode.git 3683
2023-01-15 18:42:01.384 [warning] [Decorations] CAPPING events from decorations provider vscode.git 3683
2023-01-15 18:42:06.452 [warning] [Decorations] CAPPING events from decorations provider vscode.git 3683
2023-01-15 18:42:11.533 [warning] [Decorations] CAPPING events from decorations provider vscode.git 3683
2023-01-15 18:42:16.604 [warning] [Decorations] CAPPING events from decorations provider vscode.git 3683
2023-01-15 18:42:21.671 [warning] [Decorations] CAPPING events from decorations provider vscode.git 3683
2023-01-15 18:42:26.739 [warning] [Decorations] CAPPING events from decorations provider vscode.git 3683
2023-01-15 18:42:31.806 [warning] [Decorations] CAPPING events from decorations provider vscode.git 3683
2023-01-15 18:42:36.873 [warning] [Decorations] CAPPING events from decorations provider vscode.git 3683
2023-01-15 18:42:41.939 [warning] [Decorations] CAPPING events from decorations provider vscode.git 3683
2023-01-15 18:42:47.053 [warning] [Decorations] CAPPING events from decorations provider vscode.git 3683
2023-01-15 18:42:52.126 [warning] [Decorations] CAPPING events from decorations provider vscode.git 3683
2023-01-15 18:42:57.211 [warning] [Decorations] CAPPING events from decorations provider vscode.git 3683
2023-01-15 18:43:02.277 [warning] [Decorations] CAPPING events from decorations provider vscode.git 3683
2023-01-15 18:43:07.346 [warning] [Decorations] CAPPING events from decorations provider vscode.git 3683
2023-01-15 18:43:12.410 [warning] [Decorations] CAPPING events from decorations provider vscode.git 3683
2023-01-15 18:43:17.477 [warning] [Decorations] CAPPING events from decorations provider vscode.git 3683
2023-01-15 18:43:22.549 [warning] [Decorations] CAPPING events from decorations provider vscode.git 3683
2023-01-15 18:43:27.617 [warning] [Decorations] CAPPING events from decorations provider vscode.git 3683
2023-01-15 18:43:32.686 [warning] [Decorations] CAPPING events from decorations provider vscode.git 3683
2023-01-15 18:43:37.771 [warning] [Decorations] CAPPING events from decorations provider vscode.git 3683
2023-01-15 18:43:42.835 [warning] [Decorations] CAPPING events from decorations provider vscode.git 3683
2023-01-15 18:43:47.904 [warning] [Decorations] CAPPING events from decorations provider vscode.git 3683
2023-01-15 18:43:52.973 [warning] [Decorations] CAPPING events from decorations provider vscode.git 3683
2023-01-15 18:43:58.041 [warning] [Decorations] CAPPING events from decorations provider vscode.git 3683
2023-01-15 18:44:03.108 [warning] [Decorations] CAPPING events from decorations provider vscode.git 3683
2023-01-15 18:44:08.174 [warning] [Decorations] CAPPING events from decorations provider vscode.git 3683
2023-01-15 18:44:13.243 [warning] [Decorations] CAPPING events from decorations provider vscode.git 3683
2023-01-15 18:44:18.325 [warning] [Decorations] CAPPING events from decorations provider vscode.git 3683
2023-01-15 18:44:23.390 [warning] [Decorations] CAPPING events from decorations provider vscode.git 3683
2023-01-15 18:44:28.459 [warning] [Decorations] CAPPING events from decorations provider vscode.git 3683
2023-01-15 18:44:33.528 [warning] [Decorations] CAPPING events from decorations provider vscode.git 3683
2023-01-15 18:44:38.596 [warning] [Decorations] CAPPING events from decorations provider vscode.git 3683
2023-01-15 18:44:43.664 [warning] [Decorations] CAPPING events from decorations provider vscode.git 3683
2023-01-15 18:44:48.730 [warning] [Decorations] CAPPING events from decorations provider vscode.git 3683
2023-01-15 18:44:53.802 [warning] [Decorations] CAPPING events from decorations provider vscode.git 3683
2023-01-15 18:44:58.866 [warning] [Decorations] CAPPING events from decorations provider vscode.git 3683
2023-01-15 18:45:03.932 [warning] [Decorations] CAPPING events from decorations provider vscode.git 3683
2023-01-15 18:45:08.998 [warning] [Decorations] CAPPING events from decorations provider vscode.git 3683
2023-01-15 18:45:14.065 [warning] [Decorations] CAPPING events from decorations provider vscode.git 3683
2023-01-15 18:45:19.133 [warning] [Decorations] CAPPING events from decorations provider vscode.git 3683
2023-01-15 18:45:24.199 [warning] [Decorations] CAPPING events from decorations provider vscode.git 3683
2023-01-15 18:45:29.274 [warning] [Decorations] CAPPING events from decorations provider vscode.git 3683
2023-01-15 18:45:34.357 [warning] [Decorations] CAPPING events from decorations provider vscode.git 3683
2023-01-15 18:45:39.422 [warning] [Decorations] CAPPING events from decorations provider vscode.git 3683
2023-01-15 18:45:44.490 [warning] [Decorations] CAPPING events from decorations provider vscode.git 3683
2023-01-15 18:45:49.556 [warning] [Decorations] CAPPING events from decorations provider vscode.git 3683
2023-01-15 18:45:54.623 [warning] [Decorations] CAPPING events from decorations provider vscode.git 3683
2023-01-15 18:45:59.691 [warning] [Decorations] CAPPING events from decorations provider vscode.git 3683
2023-01-15 18:46:04.761 [warning] [Decorations] CAPPING events from decorations provider vscode.git 3683
2023-01-15 18:46:09.831 [warning] [Decorations] CAPPING events from decorations provider vscode.git 3683
2023-01-15 18:46:14.909 [warning] [Decorations] CAPPING events from decorations provider vscode.git 3683
2023-01-15 18:46:19.979 [warning] [Decorations] CAPPING events from decorations provider vscode.git 3683
2023-01-15 18:46:25.047 [warning] [Decorations] CAPPING events from decorations provider vscode.git 3683
2023-01-15 18:46:30.115 [warning] [Decorations] CAPPING events from decorations provider vscode.git 3683
2023-01-15 18:46:35.183 [warning] [Decorations] CAPPING events from decorations provider vscode.git 3683
2023-01-15 18:46:40.250 [warning] [Decorations] CAPPING events from decorations provider vscode.git 3683
2023-01-15 18:46:45.319 [warning] [Decorations] CAPPING events from decorations provider vscode.git 3683
2023-01-15 18:46:50.384 [warning] [Decorations] CAPPING events from decorations provider vscode.git 3683
2023-01-15 18:46:55.454 [warning] [Decorations] CAPPING events from decorations provider vscode.git 3683
2023-01-15 18:47:00.541 [warning] [Decorations] CAPPING events from decorations provider vscode.git 3683
2023-01-15 18:47:05.607 [warning] [Decorations] CAPPING events from decorations provider vscode.git 3683
2023-01-15 18:47:10.674 [warning] [Decorations] CAPPING events from decorations provider vscode.git 3683
2023-01-15 18:47:15.740 [warning] [Decorations] CAPPING events from decorations provider vscode.git 3683
2023-01-15 18:47:20.807 [warning] [Decorations] CAPPING events from decorations provider vscode.git 3683
2023-01-15 18:47:25.874 [warning] [Decorations] CAPPING events from decorations provider vscode.git 3683
2023-01-15 18:47:30.941 [warning] [Decorations] CAPPING events from decorations provider vscode.git 3683
2023-01-15 18:47:36.009 [warning] [Decorations] CAPPING events from decorations provider vscode.git 3683
2023-01-15 18:47:41.092 [warning] [Decorations] CAPPING events from decorations provider vscode.git 3683
2023-01-15 18:47:46.156 [warning] [Decorations] CAPPING events from decorations provider vscode.git 3683
2023-01-15 18:47:51.224 [warning] [Decorations] CAPPING events from decorations provider vscode.git 3683
2023-01-15 18:47:56.291 [warning] [Decorations] CAPPING events from decorations provider vscode.git 3683
2023-01-15 18:48:01.360 [warning] [Decorations] CAPPING events from decorations provider vscode.git 3683
2023-01-15 18:48:06.429 [warning] [Decorations] CAPPING events from decorations provider vscode.git 3683
2023-01-15 18:48:11.494 [warning] [Decorations] CAPPING events from decorations provider vscode.git 3683
2023-01-15 18:48:16.564 [warning] [Decorations] CAPPING events from decorations provider vscode.git 3683
2023-01-15 18:48:21.647 [warning] [Decorations] CAPPING events from decorations provider vscode.git 3683
2023-01-15 18:48:26.716 [warning] [Decorations] CAPPING events from decorations provider vscode.git 3683
2023-01-15 18:48:31.781 [warning] [Decorations] CAPPING events from decorations provider vscode.git 3683
2023-01-15 18:48:36.848 [warning] [Decorations] CAPPING events from decorations provider vscode.git 3683
2023-01-15 18:48:41.911 [warning] [Decorations] CAPPING events from decorations provider vscode.git 3683
2023-01-15 18:48:46.976 [warning] [Decorations] CAPPING events from decorations provider vscode.git 3683
2023-01-15 18:48:52.048 [warning] [Decorations] CAPPING events from decorations provider vscode.git 3683
2023-01-15 18:48:57.114 [warning] [Decorations] CAPPING events from decorations provider vscode.git 3683
2023-01-15 18:49:02.184 [warning] [Decorations] CAPPING events from decorations provider vscode.git 3683
2023-01-15 18:49:07.252 [warning] [Decorations] CAPPING events from decorations provider vscode.git 3683
2023-01-15 18:49:12.317 [warning] [Decorations] CAPPING events from decorations provider vscode.git 3683
2023-01-15 18:49:17.387 [warning] [Decorations] CAPPING events from decorations provider vscode.git 3683
2023-01-15 18:49:29.763 [warning] [Decorations] CAPPING events from decorations provider vscode.git 3683
2023-01-15 18:50:05.517 [warning] [Decorations] CAPPING events from decorations provider vscode.git 3683
2023-01-15 18:50:11.898 [warning] [Decorations] CAPPING events from decorations provider vscode.git 3683
2023-01-15 18:50:18.542 [warning] [Decorations] CAPPING events from decorations provider vscode.git 3683
2023-01-15 18:50:23.640 [warning] [Decorations] CAPPING events from decorations provider vscode.git 3683
2023-01-15 19:42:38.916 [warning] [Decorations] CAPPING events from decorations provider vscode.git 3683
2023-01-15 20:49:50.742 [warning] [Decorations] CAPPING events from decorations provider vscode.git 3683
2023-01-15 20:49:55.827 [warning] [Decorations] CAPPING events from decorations provider vscode.git 3683
2023-01-15 20:50:00.915 [warning] [Decorations] CAPPING events from decorations provider vscode.git 3683
2023-01-15 20:50:05.981 [warning] [Decorations] CAPPING events from decorations provider vscode.git 3683
2023-01-15 20:50:11.047 [warning] [Decorations] CAPPING events from decorations provider vscode.git 3683
2023-01-15 22:01:41.192 [warning] [Decorations] CAPPING events from decorations provider vscode.git 3683
2023-01-15 22:01:46.276 [warning] [Decorations] CAPPING events from decorations provider vscode.git 3683
2023-01-15 22:01:51.345 [warning] [Decorations] CAPPING events from decorations provider vscode.git 3683
2023-01-15 22:01:56.427 [warning] [Decorations] CAPPING events from decorations provider vscode.git 3683
2023-01-15 22:02:01.535 [warning] [Decorations] CAPPING events from decorations provider vscode.git 3683
2023-01-15 22:02:06.605 [warning] [Decorations] CAPPING events from decorations provider vscode.git 3683
2023-01-15 22:02:11.674 [warning] [Decorations] CAPPING events from decorations provider vscode.git 3683
2023-01-15 22:02:16.745 [warning] [Decorations] CAPPING events from decorations provider vscode.git 3683
2023-01-15 22:02:21.815 [warning] [Decorations] CAPPING events from decorations provider vscode.git 3683
2023-01-15 22:02:26.884 [warning] [Decorations] CAPPING events from decorations provider vscode.git 3683
2023-01-15 22:02:31.955 [warning] [Decorations] CAPPING events from decorations provider vscode.git 3683
2023-01-15 22:02:37.026 [warning] [Decorations] CAPPING events from decorations provider vscode.git 3683
2023-01-15 22:02:42.098 [warning] [Decorations] CAPPING events from decorations provider vscode.git 3683
2023-01-15 22:02:47.174 [warning] [Decorations] CAPPING events from decorations provider vscode.git 3683
2023-01-15 22:02:52.245 [warning] [Decorations] CAPPING events from decorations provider vscode.git 3683
2023-01-15 22:02:57.330 [warning] [Decorations] CAPPING events from decorations provider vscode.git 3683
2023-01-15 22:03:02.418 [warning] [Decorations] CAPPING events from decorations provider vscode.git 3683
2023-01-15 22:03:11.503 [warning] [Decorations] CAPPING events from decorations provider vscode.git 3683
2023-01-15 22:03:21.562 [warning] [Decorations] CAPPING events from decorations provider vscode.git 3683
2023-01-15 22:03:26.636 [warning] [Decorations] CAPPING events from decorations provider vscode.git 3683
2023-01-15 22:03:31.708 [warning] [Decorations] CAPPING events from decorations provider vscode.git 3683
2023-01-15 22:04:50.770 [warning] [Decorations] CAPPING events from decorations provider vscode.git 3683
2023-01-15 22:04:55.843 [warning] [Decorations] CAPPING events from decorations provider vscode.git 3683
2023-01-15 22:05:00.911 [warning] [Decorations] CAPPING events from decorations provider vscode.git 3683
2023-01-15 22:05:05.982 [warning] [Decorations] CAPPING events from decorations provider vscode.git 3683
2023-01-15 22:05:11.065 [warning] [Decorations] CAPPING events from decorations provider vscode.git 3683
2023-01-15 22:05:16.147 [warning] [Decorations] CAPPING events from decorations provider vscode.git 3683
2023-01-15 22:05:21.227 [warning] [Decorations] CAPPING events from decorations provider vscode.git 3683
2023-01-15 22:05:51.686 [warning] [Decorations] CAPPING events from decorations provider vscode.git 3683
2023-01-15 22:05:56.765 [warning] [Decorations] CAPPING events from decorations provider vscode.git 3683
2023-01-15 22:06:01.831 [warning] [Decorations] CAPPING events from decorations provider vscode.git 3683
2023-01-15 22:06:06.902 [warning] [Decorations] CAPPING events from decorations provider vscode.git 3683
2023-01-15 22:06:11.976 [warning] [Decorations] CAPPING events from decorations provider vscode.git 3683
2023-01-15 22:06:17.049 [warning] [Decorations] CAPPING events from decorations provider vscode.git 3683
2023-01-15 22:06:22.121 [warning] [Decorations] CAPPING events from decorations provider vscode.git 3683
2023-01-15 22:06:27.194 [warning] [Decorations] CAPPING events from decorations provider vscode.git 3683
2023-01-15 22:06:32.264 [warning] [Decorations] CAPPING events from decorations provider vscode.git 3683
2023-01-15 22:06:37.337 [warning] [Decorations] CAPPING events from decorations provider vscode.git 3683
2023-01-15 22:06:42.415 [warning] [Decorations] CAPPING events from decorations provider vscode.git 3683
2023-01-15 22:06:47.482 [warning] [Decorations] CAPPING events from decorations provider vscode.git 3683
2023-01-15 22:06:52.554 [warning] [Decorations] CAPPING events from decorations provider vscode.git 3683
2023-01-15 22:17:14.705 [warning] [Decorations] CAPPING events from decorations provider vscode.git 3683
2023-01-15 22:17:19.779 [warning] [Decorations] CAPPING events from decorations provider vscode.git 3686
2023-01-15 22:17:24.848 [warning] [Decorations] CAPPING events from decorations provider vscode.git 3686
2023-01-15 22:17:29.928 [warning] [Decorations] CAPPING events from decorations provider vscode.git 3686
2023-01-15 22:17:34.995 [warning] [Decorations] CAPPING events from decorations provider vscode.git 3686
2023-01-15 22:17:40.068 [warning] [Decorations] CAPPING events from decorations provider vscode.git 3686
2023-01-15 22:17:45.140 [warning] [Decorations] CAPPING events from decorations provider vscode.git 3686
2023-01-15 22:17:50.209 [warning] [Decorations] CAPPING events from decorations provider vscode.git 3686
2023-01-15 22:17:55.279 [warning] [Decorations] CAPPING events from decorations provider vscode.git 3686
2023-01-15 22:18:00.351 [warning] [Decorations] CAPPING events from decorations provider vscode.git 3686
2023-01-15 22:18:05.420 [warning] [Decorations] CAPPING events from decorations provider vscode.git 3686
2023-01-15 22:18:10.494 [warning] [Decorations] CAPPING events from decorations provider vscode.git 3686
2023-01-15 22:18:15.565 [warning] [Decorations] CAPPING events from decorations provider vscode.git 3686
2023-01-15 22:18:20.634 [warning] [Decorations] CAPPING events from decorations provider vscode.git 3686
2023-01-15 22:18:25.709 [warning] [Decorations] CAPPING events from decorations provider vscode.git 3686
2023-01-15 22:18:30.781 [warning] [Decorations] CAPPING events from decorations provider vscode.git 3686
2023-01-15 22:18:35.858 [warning] [Decorations] CAPPING events from decorations provider vscode.git 3686
2023-01-15 22:18:40.941 [warning] [Decorations] CAPPING events from decorations provider vscode.git 3686
2023-01-15 22:18:46.018 [warning] [Decorations] CAPPING events from decorations provider vscode.git 3686
2023-01-15 22:18:51.088 [warning] [Decorations] CAPPING events from decorations provider vscode.git 3686
2023-01-15 22:18:56.164 [warning] [Decorations] CAPPING events from decorations provider vscode.git 3686
2023-01-15 22:19:01.233 [warning] [Decorations] CAPPING events from decorations provider vscode.git 3686
2023-01-15 22:19:06.305 [warning] [Decorations] CAPPING events from decorations provider vscode.git 3686
2023-01-15 22:19:11.380 [warning] [Decorations] CAPPING events from decorations provider vscode.git 3686
2023-01-15 22:19:16.451 [warning] [Decorations] CAPPING events from decorations provider vscode.git 3686
2023-01-15 22:19:21.540 [warning] [Decorations] CAPPING events from decorations provider vscode.git 3686
2023-01-15 22:19:26.629 [warning] [Decorations] CAPPING events from decorations provider vscode.git 3686
2023-01-15 22:21:51.224 [warning] [Decorations] CAPPING events from decorations provider vscode.git 3686
2023-01-15 22:21:56.305 [warning] [Decorations] CAPPING events from decorations provider vscode.git 3686
2023-01-15 22:22:01.375 [warning] [Decorations] CAPPING events from decorations provider vscode.git 3686
2023-01-15 22:22:06.443 [warning] [Decorations] CAPPING events from decorations provider vscode.git 3686
2023-01-15 22:22:11.516 [warning] [Decorations] CAPPING events from decorations provider vscode.git 3686
2023-01-15 22:22:16.583 [warning] [Decorations] CAPPING events from decorations provider vscode.git 3686
2023-01-15 22:22:21.654 [warning] [Decorations] CAPPING events from decorations provider vscode.git 3686
2023-01-15 22:22:26.726 [warning] [Decorations] CAPPING events from decorations provider vscode.git 3686
2023-01-15 22:22:31.807 [warning] [Decorations] CAPPING events from decorations provider vscode.git 3686
2023-01-15 22:22:36.902 [warning] [Decorations] CAPPING events from decorations provider vscode.git 3686
2023-01-15 22:22:58.114 [warning] [Decorations] CAPPING events from decorations provider vscode.git 3686
2023-01-15 22:23:25.511 [warning] [Decorations] CAPPING events from decorations provider vscode.git 3686
2023-01-15 22:24:20.758 [warning] [Decorations] CAPPING events from decorations provider vscode.git 3686
2023-01-15 22:24:25.837 [warning] [Decorations] CAPPING events from decorations provider vscode.git 3686
2023-01-15 22:24:30.920 [warning] [Decorations] CAPPING events from decorations provider vscode.git 3686
2023-01-15 22:24:36.006 [warning] [Decorations] CAPPING events from decorations provider vscode.git 3686
2023-01-15 22:24:41.081 [warning] [Decorations] CAPPING events from decorations provider vscode.git 3686
2023-01-15 22:24:46.154 [warning] [Decorations] CAPPING events from decorations provider vscode.git 3686
2023-01-15 22:24:51.231 [warning] [Decorations] CAPPING events from decorations provider vscode.git 3686
2023-01-15 22:24:56.302 [warning] [Decorations] CAPPING events from decorations provider vscode.git 3686
2023-01-15 22:25:01.376 [warning] [Decorations] CAPPING events from decorations provider vscode.git 3686
2023-01-15 22:25:06.444 [warning] [Decorations] CAPPING events from decorations provider vscode.git 3686
2023-01-15 22:25:11.515 [warning] [Decorations] CAPPING events from decorations provider vscode.git 3686
2023-01-15 22:25:16.594 [warning] [Decorations] CAPPING events from decorations provider vscode.git 3686
2023-01-15 22:25:21.681 [warning] [Decorations] CAPPING events from decorations provider vscode.git 3686
2023-01-15 22:25:26.764 [warning] [Decorations] CAPPING events from decorations provider vscode.git 3686
2023-01-15 22:25:31.850 [warning] [Decorations] CAPPING events from decorations provider vscode.git 3686
2023-01-15 22:25:36.919 [warning] [Decorations] CAPPING events from decorations provider vscode.git 3686
2023-01-15 22:25:41.987 [warning] [Decorations] CAPPING events from decorations provider vscode.git 3686
2023-01-15 22:25:47.060 [warning] [Decorations] CAPPING events from decorations provider vscode.git 3686
2023-01-15 22:25:52.130 [warning] [Decorations] CAPPING events from decorations provider vscode.git 3686
2023-01-15 22:25:57.199 [warning] [Decorations] CAPPING events from decorations provider vscode.git 3686
2023-01-15 22:26:02.272 [warning] [Decorations] CAPPING events from decorations provider vscode.git 3686
2023-01-15 22:26:07.346 [warning] [Decorations] CAPPING events from decorations provider vscode.git 3686
2023-01-15 22:27:23.550 [warning] [Decorations] CAPPING events from decorations provider vscode.git 3686
2023-01-15 22:27:28.618 [warning] [Decorations] CAPPING events from decorations provider vscode.git 3686
2023-01-15 22:27:33.706 [warning] [Decorations] CAPPING events from decorations provider vscode.git 3686
2023-01-15 22:27:50.087 [warning] [Decorations] CAPPING events from decorations provider vscode.git 3686
2023-01-15 22:27:55.164 [warning] [Decorations] CAPPING events from decorations provider vscode.git 3686
2023-01-15 22:30:06.553 [warning] [Decorations] CAPPING events from decorations provider vscode.git 3686
2023-01-15 22:30:11.624 [warning] [Decorations] CAPPING events from decorations provider vscode.git 3686
2023-01-15 22:30:32.213 [warning] [Decorations] CAPPING events from decorations provider vscode.git 3686
2023-01-15 22:30:37.281 [warning] [Decorations] CAPPING events from decorations provider vscode.git 3686
2023-01-15 22:30:42.356 [warning] [Decorations] CAPPING events from decorations provider vscode.git 3686
2023-01-15 22:30:47.430 [warning] [Decorations] CAPPING events from decorations provider vscode.git 3686
2023-01-15 22:31:15.039 [warning] [Decorations] CAPPING events from decorations provider vscode.git 3686
2023-01-15 22:31:20.109 [warning] [Decorations] CAPPING events from decorations provider vscode.git 3686
2023-01-15 22:31:25.179 [warning] [Decorations] CAPPING events from decorations provider vscode.git 3686
2023-01-15 22:31:30.248 [warning] [Decorations] CAPPING events from decorations provider vscode.git 3686
2023-01-15 22:31:35.324 [warning] [Decorations] CAPPING events from decorations provider vscode.git 3688
2023-01-15 22:31:40.392 [warning] [Decorations] CAPPING events from decorations provider vscode.git 3688
2023-01-15 22:31:45.470 [warning] [Decorations] CAPPING events from decorations provider vscode.git 3688
2023-01-15 22:31:50.543 [warning] [Decorations] CAPPING events from decorations provider vscode.git 3688
2023-01-15 22:31:55.622 [warning] [Decorations] CAPPING events from decorations provider vscode.git 3688
2023-01-15 22:32:00.707 [warning] [Decorations] CAPPING events from decorations provider vscode.git 3688
2023-01-15 22:32:05.788 [warning] [Decorations] CAPPING events from decorations provider vscode.git 3688
2023-01-15 22:32:10.873 [warning] [Decorations] CAPPING events from decorations provider vscode.git 3688
2023-01-15 22:32:15.943 [warning] [Decorations] CAPPING events from decorations provider vscode.git 3688
2023-01-15 22:32:21.011 [warning] [Decorations] CAPPING events from decorations provider vscode.git 3688
2023-01-15 22:32:26.080 [warning] [Decorations] CAPPING events from decorations provider vscode.git 3688
2023-01-15 22:32:31.149 [warning] [Decorations] CAPPING events from decorations provider vscode.git 3688
2023-01-15 22:32:36.227 [warning] [Decorations] CAPPING events from decorations provider vscode.git 3688
2023-01-15 22:32:41.303 [warning] [Decorations] CAPPING events from decorations provider vscode.git 3688
2023-01-15 22:32:46.377 [warning] [Decorations] CAPPING events from decorations provider vscode.git 3688
2023-01-15 22:32:51.461 [warning] [Decorations] CAPPING events from decorations provider vscode.git 3688
2023-01-15 22:32:56.529 [warning] [Decorations] CAPPING events from decorations provider vscode.git 3688
2023-01-15 22:33:01.599 [warning] [Decorations] CAPPING events from decorations provider vscode.git 3688
2023-01-15 22:33:06.671 [warning] [Decorations] CAPPING events from decorations provider vscode.git 3688
2023-01-15 22:33:11.738 [warning] [Decorations] CAPPING events from decorations provider vscode.git 3688
2023-01-15 22:33:16.810 [warning] [Decorations] CAPPING events from decorations provider vscode.git 3688
2023-01-15 22:33:21.878 [warning] [Decorations] CAPPING events from decorations provider vscode.git 3688
2023-01-15 22:33:26.950 [warning] [Decorations] CAPPING events from decorations provider vscode.git 3688
2023-01-15 22:33:32.023 [warning] [Decorations] CAPPING events from decorations provider vscode.git 3688
2023-01-15 22:33:37.096 [warning] [Decorations] CAPPING events from decorations provider vscode.git 3688
2023-01-15 22:33:42.169 [warning] [Decorations] CAPPING events from decorations provider vscode.git 3688
2023-01-15 22:33:47.243 [warning] [Decorations] CAPPING events from decorations provider vscode.git 3688
2023-01-15 22:33:52.321 [warning] [Decorations] CAPPING events from decorations provider vscode.git 3688
2023-01-15 22:51:53.235 [warning] [Decorations] CAPPING events from decorations provider vscode.git 3688
2023-01-15 22:51:58.316 [warning] [Decorations] CAPPING events from decorations provider vscode.git 3688
2023-01-15 22:52:03.382 [warning] [Decorations] CAPPING events from decorations provider vscode.git 3688
2023-01-15 22:52:20.390 [warning] [Decorations] CAPPING events from decorations provider vscode.git 3688
2023-01-15 22:52:25.466 [warning] [Decorations] CAPPING events from decorations provider vscode.git 3690
2023-01-15 22:52:30.536 [warning] [Decorations] CAPPING events from decorations provider vscode.git 3690
2023-01-15 22:52:35.608 [warning] [Decorations] CAPPING events from decorations provider vscode.git 3690
2023-01-15 22:52:40.678 [warning] [Decorations] CAPPING events from decorations provider vscode.git 3690
2023-01-15 22:52:45.755 [warning] [Decorations] CAPPING events from decorations provider vscode.git 3690
2023-01-15 22:54:12.101 [warning] [Decorations] CAPPING events from decorations provider vscode.git 3690
2023-01-15 22:54:17.169 [warning] [Decorations] CAPPING events from decorations provider vscode.git 3690
2023-01-15 22:54:22.237 [warning] [Decorations] CAPPING events from decorations provider vscode.git 3690
2023-01-15 22:54:27.316 [warning] [Decorations] CAPPING events from decorations provider vscode.git 3690
2023-01-15 22:54:32.397 [warning] [Decorations] CAPPING events from decorations provider vscode.git 3690
2023-01-15 22:54:37.475 [warning] [Decorations] CAPPING events from decorations provider vscode.git 3690
2023-01-15 22:54:42.556 [warning] [Decorations] CAPPING events from decorations provider vscode.git 3691
2023-01-15 22:54:47.629 [warning] [Decorations] CAPPING events from decorations provider vscode.git 3691
2023-01-15 22:54:52.699 [warning] [Decorations] CAPPING events from decorations provider vscode.git 3691
2023-01-15 23:26:02.049 [warning] [Decorations] CAPPING events from decorations provider vscode.git 3691
2023-01-15 23:26:07.127 [warning] [Decorations] CAPPING events from decorations provider vscode.git 3691
2023-01-15 23:26:12.215 [warning] [Decorations] CAPPING events from decorations provider vscode.git 3691
2023-01-15 23:26:17.299 [warning] [Decorations] CAPPING events from decorations provider vscode.git 3691
2023-01-15 23:26:22.373 [warning] [Decorations] CAPPING events from decorations provider vscode.git 3691
2023-01-15 23:26:27.441 [warning] [Decorations] CAPPING events from decorations provider vscode.git 3691
2023-01-15 23:26:32.513 [warning] [Decorations] CAPPING events from decorations provider vscode.git 3691
2023-01-15 23:26:37.581 [warning] [Decorations] CAPPING events from decorations provider vscode.git 3691
2023-01-15 23:27:04.540 [warning] [Decorations] CAPPING events from decorations provider vscode.git 3691
2023-01-15 23:27:09.617 [warning] [Decorations] CAPPING events from decorations provider vscode.git 3691
2023-01-15 23:27:14.685 [warning] [Decorations] CAPPING events from decorations provider vscode.git 3691
2023-01-15 23:27:19.759 [warning] [Decorations] CAPPING events from decorations provider vscode.git 3691
2023-01-15 23:27:24.847 [warning] [Decorations] CAPPING events from decorations provider vscode.git 3691
2023-01-15 23:27:29.925 [warning] [Decorations] CAPPING events from decorations provider vscode.git 3691
2023-01-15 23:28:52.666 [warning] [Decorations] CAPPING events from decorations provider vscode.git 3691
2023-01-15 23:28:57.743 [warning] [Decorations] CAPPING events from decorations provider vscode.git 3691
2023-01-15 23:29:02.811 [warning] [Decorations] CAPPING events from decorations provider vscode.git 3691
2023-01-15 23:29:07.891 [warning] [Decorations] CAPPING events from decorations provider vscode.git 3691
2023-01-15 23:29:12.970 [warning] [Decorations] CAPPING events from decorations provider vscode.git 3691
2023-01-15 23:29:18.038 [warning] [Decorations] CAPPING events from decorations provider vscode.git 3691
2023-01-15 23:29:23.118 [warning] [Decorations] CAPPING events from decorations provider vscode.git 3691
2023-01-15 23:29:28.187 [warning] [Decorations] CAPPING events from decorations provider vscode.git 3691
2023-01-15 23:29:33.259 [warning] [Decorations] CAPPING events from decorations provider vscode.git 3691
2023-01-15 23:29:38.340 [warning] [Decorations] CAPPING events from decorations provider vscode.git 3691
2023-01-15 23:29:43.418 [warning] [Decorations] CAPPING events from decorations provider vscode.git 3691
2023-01-15 23:29:48.498 [warning] [Decorations] CAPPING events from decorations provider vscode.git 3691
2023-01-15 23:29:53.564 [warning] [Decorations] CAPPING events from decorations provider vscode.git 3691
2023-01-15 23:29:58.634 [warning] [Decorations] CAPPING events from decorations provider vscode.git 3691
2023-01-15 23:30:03.702 [warning] [Decorations] CAPPING events from decorations provider vscode.git 3691
2023-01-15 23:30:37.911 [warning] [Decorations] CAPPING events from decorations provider vscode.git 3691
2023-01-15 23:30:42.984 [warning] [Decorations] CAPPING events from decorations provider vscode.git 3691
2023-01-15 23:30:48.055 [warning] [Decorations] CAPPING events from decorations provider vscode.git 3691
2023-01-15 23:30:53.122 [warning] [Decorations] CAPPING events from decorations provider vscode.git 3691
2023-01-15 23:30:58.192 [warning] [Decorations] CAPPING events from decorations provider vscode.git 3691
2023-01-15 23:31:03.265 [warning] [Decorations] CAPPING events from decorations provider vscode.git 3691
2023-01-15 23:31:08.341 [warning] [Decorations] CAPPING events from decorations provider vscode.git 3693
2023-01-15 23:33:21.827 [warning] [Decorations] CAPPING events from decorations provider vscode.git 3693
2023-01-15 23:33:26.908 [warning] [Decorations] CAPPING events from decorations provider vscode.git 3693
2023-01-15 23:33:31.976 [warning] [Decorations] CAPPING events from decorations provider vscode.git 3693
2023-01-15 23:33:37.050 [warning] [Decorations] CAPPING events from decorations provider vscode.git 3693
2023-01-15 23:33:42.120 [warning] [Decorations] CAPPING events from decorations provider vscode.git 3693
2023-01-15 23:33:47.192 [warning] [Decorations] CAPPING events from decorations provider vscode.git 3693
2023-01-15 23:33:52.261 [warning] [Decorations] CAPPING events from decorations provider vscode.git 3693
2023-01-15 23:33:57.341 [warning] [Decorations] CAPPING events from decorations provider vscode.git 3693
2023-01-15 23:34:02.409 [warning] [Decorations] CAPPING events from decorations provider vscode.git 3693
2023-01-15 23:34:07.497 [warning] [Decorations] CAPPING events from decorations provider vscode.git 3693
2023-01-15 23:34:12.567 [warning] [Decorations] CAPPING events from decorations provider vscode.git 3693
2023-01-15 23:34:17.647 [warning] [Decorations] CAPPING events from decorations provider vscode.git 3693
2023-01-15 23:34:22.728 [warning] [Decorations] CAPPING events from decorations provider vscode.git 3693
2023-01-15 23:34:27.795 [warning] [Decorations] CAPPING events from decorations provider vscode.git 3693
2023-01-15 23:34:32.877 [warning] [Decorations] CAPPING events from decorations provider vscode.git 3693
2023-01-15 23:34:37.958 [warning] [Decorations] CAPPING events from decorations provider vscode.git 3693
2023-01-15 23:34:43.026 [warning] [Decorations] CAPPING events from decorations provider vscode.git 3693
2023-01-15 23:34:48.107 [warning] [Decorations] CAPPING events from decorations provider vscode.git 3693
2023-01-15 23:34:53.175 [warning] [Decorations] CAPPING events from decorations provider vscode.git 3693
2023-01-15 23:34:58.253 [warning] [Decorations] CAPPING events from decorations provider vscode.git 3693
2023-01-15 23:35:03.336 [warning] [Decorations] CAPPING events from decorations provider vscode.git 3693
2023-01-15 23:35:08.407 [warning] [Decorations] CAPPING events from decorations provider vscode.git 3693
2023-01-15 23:35:13.488 [warning] [Decorations] CAPPING events from decorations provider vscode.git 3693
2023-01-15 23:35:18.560 [warning] [Decorations] CAPPING events from decorations provider vscode.git 3693
2023-01-15 23:35:23.640 [warning] [Decorations] CAPPING events from decorations provider vscode.git 3693
2023-01-15 23:35:28.710 [warning] [Decorations] CAPPING events from decorations provider vscode.git 3693
2023-01-15 23:35:33.779 [warning] [Decorations] CAPPING events from decorations provider vscode.git 3693
2023-01-15 23:35:38.857 [warning] [Decorations] CAPPING events from decorations provider vscode.git 3693
2023-01-15 23:35:43.941 [warning] [Decorations] CAPPING events from decorations provider vscode.git 3693
2023-01-15 23:35:49.020 [warning] [Decorations] CAPPING events from decorations provider vscode.git 3693
2023-01-15 23:35:54.099 [warning] [Decorations] CAPPING events from decorations provider vscode.git 3693
2023-01-15 23:35:59.166 [warning] [Decorations] CAPPING events from decorations provider vscode.git 3693
2023-01-15 23:36:04.241 [warning] [Decorations] CAPPING events from decorations provider vscode.git 3693
2023-01-15 23:36:09.314 [warning] [Decorations] CAPPING events from decorations provider vscode.git 3693
2023-01-15 23:36:14.395 [warning] [Decorations] CAPPING events from decorations provider vscode.git 3693
2023-01-15 23:36:19.474 [warning] [Decorations] CAPPING events from decorations provider vscode.git 3693
2023-01-15 23:36:24.541 [warning] [Decorations] CAPPING events from decorations provider vscode.git 3693
2023-01-15 23:36:29.611 [warning] [Decorations] CAPPING events from decorations provider vscode.git 3693
2023-01-15 23:36:34.678 [warning] [Decorations] CAPPING events from decorations provider vscode.git 3693
2023-01-15 23:36:39.748 [warning] [Decorations] CAPPING events from decorations provider vscode.git 3693
2023-01-15 23:36:44.826 [warning] [Decorations] CAPPING events from decorations provider vscode.git 3693
2023-01-15 23:36:49.897 [warning] [Decorations] CAPPING events from decorations provider vscode.git 3693
2023-01-15 23:36:54.965 [warning] [Decorations] CAPPING events from decorations provider vscode.git 3693
2023-01-15 23:37:00.048 [warning] [Decorations] CAPPING events from decorations provider vscode.git 3693
2023-01-15 23:37:05.115 [warning] [Decorations] CAPPING events from decorations provider vscode.git 3693
2023-01-15 23:37:10.197 [warning] [Decorations] CAPPING events from decorations provider vscode.git 3693
2023-01-15 23:46:20.296 [warning] [Decorations] CAPPING events from decorations provider vscode.git 3693
2023-01-15 23:48:13.219 [warning] [Decorations] CAPPING events from decorations provider vscode.git 3693
2023-01-15 23:48:18.295 [warning] [Decorations] CAPPING events from decorations provider vscode.git 3693
2023-01-15 23:48:23.370 [warning] [Decorations] CAPPING events from decorations provider vscode.git 3693
2023-01-15 23:49:02.212 [warning] [Decorations] CAPPING events from decorations provider vscode.git 3693
2023-01-15 23:49:07.282 [warning] [Decorations] CAPPING events from decorations provider vscode.git 3693
2023-01-15 23:49:12.352 [warning] [Decorations] CAPPING events from decorations provider vscode.git 3693
2023-01-15 23:49:35.605 [warning] [Decorations] CAPPING events from decorations provider vscode.git 3693
2023-01-15 23:49:40.673 [warning] [Decorations] CAPPING events from decorations provider vscode.git 3693
2023-01-15 23:53:11.377 [warning] [Decorations] CAPPING events from decorations provider vscode.git 3693
2023-01-15 23:53:16.461 [warning] [Decorations] CAPPING events from decorations provider vscode.git 3693
2023-01-15 23:53:21.536 [warning] [Decorations] CAPPING events from decorations provider vscode.git 3693
2023-01-15 23:53:26.606 [warning] [Decorations] CAPPING events from decorations provider vscode.git 3693
2023-01-15 23:54:09.792 [warning] [Decorations] CAPPING events from decorations provider vscode.git 3693
2023-01-15 23:55:01.123 [warning] [Decorations] CAPPING events from decorations provider vscode.git 3693
2023-01-15 23:55:06.194 [warning] [Decorations] CAPPING events from decorations provider vscode.git 3693
2023-01-15 23:55:11.265 [warning] [Decorations] CAPPING events from decorations provider vscode.git 3693
2023-01-15 23:55:16.344 [warning] [Decorations] CAPPING events from decorations provider vscode.git 3693
2023-01-15 23:55:21.422 [warning] [Decorations] CAPPING events from decorations provider vscode.git 3693
2023-01-15 23:55:26.496 [warning] [Decorations] CAPPING events from decorations provider vscode.git 3693
2023-01-15 23:55:36.250 [warning] [Decorations] CAPPING events from decorations provider vscode.git 3693
2023-01-15 23:55:41.330 [warning] [Decorations] CAPPING events from decorations provider vscode.git 3693
2023-01-15 23:55:46.406 [warning] [Decorations] CAPPING events from decorations provider vscode.git 3693
2023-01-15 23:55:51.485 [warning] [Decorations] CAPPING events from decorations provider vscode.git 3695
2023-01-15 23:55:56.556 [warning] [Decorations] CAPPING events from decorations provider vscode.git 3696
2023-01-15 23:56:01.633 [warning] [Decorations] CAPPING events from decorations provider vscode.git 3696
2023-01-15 23:56:06.703 [warning] [Decorations] CAPPING events from decorations provider vscode.git 3696
2023-01-15 23:56:11.791 [warning] [Decorations] CAPPING events from decorations provider vscode.git 3696
2023-01-15 23:56:16.863 [warning] [Decorations] CAPPING events from decorations provider vscode.git 3696
2023-01-15 23:56:21.942 [warning] [Decorations] CAPPING events from decorations provider vscode.git 3696
2023-01-15 23:56:27.012 [warning] [Decorations] CAPPING events from decorations provider vscode.git 3696
2023-01-15 23:56:32.094 [warning] [Decorations] CAPPING events from decorations provider vscode.git 3696
2023-01-15 23:56:37.174 [warning] [Decorations] CAPPING events from decorations provider vscode.git 3696
2023-01-15 23:56:42.241 [warning] [Decorations] CAPPING events from decorations provider vscode.git 3696
2023-01-15 23:56:47.321 [warning] [Decorations] CAPPING events from decorations provider vscode.git 3696
2023-01-15 23:56:52.389 [warning] [Decorations] CAPPING events from decorations provider vscode.git 3696
2023-01-15 23:56:57.459 [warning] [Decorations] CAPPING events from decorations provider vscode.git 3696
2023-01-15 23:57:02.532 [warning] [Decorations] CAPPING events from decorations provider vscode.git 3696
2023-01-15 23:57:07.616 [warning] [Decorations] CAPPING events from decorations provider vscode.git 3696
2023-01-15 23:57:12.695 [warning] [Decorations] CAPPING events from decorations provider vscode.git 3696
2023-01-15 23:57:17.764 [warning] [Decorations] CAPPING events from decorations provider vscode.git 3696
2023-01-15 23:57:22.834 [warning] [Decorations] CAPPING events from decorations provider vscode.git 3696
2023-01-15 23:57:27.916 [warning] [Decorations] CAPPING events from decorations provider vscode.git 3696
2023-01-15 23:57:32.997 [warning] [Decorations] CAPPING events from decorations provider vscode.git 3696
2023-01-15 23:57:38.065 [warning] [Decorations] CAPPING events from decorations provider vscode.git 3696
2023-01-15 23:57:43.145 [warning] [Decorations] CAPPING events from decorations provider vscode.git 3696
2023-01-16 00:01:01.963 [warning] [Decorations] CAPPING events from decorations provider vscode.git 3696
2023-01-16 00:01:07.039 [warning] [Decorations] CAPPING events from decorations provider vscode.git 3696
2023-01-16 00:01:12.109 [warning] [Decorations] CAPPING events from decorations provider vscode.git 3696
2023-01-16 00:01:17.180 [warning] [Decorations] CAPPING events from decorations provider vscode.git 3696
2023-01-16 00:01:22.260 [warning] [Decorations] CAPPING events from decorations provider vscode.git 3698
2023-01-16 00:01:27.342 [warning] [Decorations] CAPPING events from decorations provider vscode.git 3698
2023-01-16 00:01:32.782 [warning] [Decorations] CAPPING events from decorations provider vscode.git 3698
2023-01-16 00:01:37.875 [warning] [Decorations] CAPPING events from decorations provider vscode.git 3698
2023-01-16 00:09:59.158 [warning] [Decorations] CAPPING events from decorations provider vscode.git 3698
2023-01-16 00:12:23.597 [warning] [Decorations] CAPPING events from decorations provider vscode.git 3698
2023-01-16 00:12:28.687 [warning] [Decorations] CAPPING events from decorations provider vscode.git 3698
2023-01-16 00:12:33.803 [warning] [Decorations] CAPPING events from decorations provider vscode.git 3698
2023-01-16 00:12:38.898 [warning] [Decorations] CAPPING events from decorations provider vscode.git 3698
2023-01-16 00:12:43.982 [warning] [Decorations] CAPPING events from decorations provider vscode.git 3698
2023-01-16 00:12:49.051 [warning] [Decorations] CAPPING events from decorations provider vscode.git 3698
2023-01-16 00:12:54.134 [warning] [Decorations] CAPPING events from decorations provider vscode.git 3698
2023-01-16 00:12:59.218 [warning] [Decorations] CAPPING events from decorations provider vscode.git 3698
2023-01-16 00:13:04.293 [warning] [Decorations] CAPPING events from decorations provider vscode.git 3698
2023-01-16 00:13:09.380 [warning] [Decorations] CAPPING events from decorations provider vscode.git 3698
2023-01-16 00:13:14.470 [warning] [Decorations] CAPPING events from decorations provider vscode.git 3698
2023-01-16 00:13:19.544 [warning] [Decorations] CAPPING events from decorations provider vscode.git 3698
2023-01-16 00:16:23.811 [warning] [Decorations] CAPPING events from decorations provider vscode.git 3698
2023-01-16 00:16:28.895 [warning] [Decorations] CAPPING events from decorations provider vscode.git 3698
2023-01-16 00:16:55.432 [warning] [Decorations] CAPPING events from decorations provider vscode.git 3698
2023-01-16 00:19:30.369 [warning] [Decorations] CAPPING events from decorations provider vscode.git 3698
2023-01-16 00:19:35.446 [warning] [Decorations] CAPPING events from decorations provider vscode.git 3698
2023-01-16 00:19:40.516 [warning] [Decorations] CAPPING events from decorations provider vscode.git 3698
2023-01-16 00:19:45.598 [warning] [Decorations] CAPPING events from decorations provider vscode.git 3698
2023-01-16 00:19:50.684 [warning] [Decorations] CAPPING events from decorations provider vscode.git 3698
2023-01-16 00:19:55.755 [warning] [Decorations] CAPPING events from decorations provider vscode.git 3698
2023-01-16 00:20:00.843 [warning] [Decorations] CAPPING events from decorations provider vscode.git 3698
2023-01-16 00:20:05.923 [warning] [Decorations] CAPPING events from decorations provider vscode.git 3698
2023-01-16 00:20:10.994 [warning] [Decorations] CAPPING events from decorations provider vscode.git 3698
2023-01-16 00:20:43.934 [warning] [Decorations] CAPPING events from decorations provider vscode.git 3698
2023-01-16 00:20:49.007 [warning] [Decorations] CAPPING events from decorations provider vscode.git 3698
2023-01-16 00:20:57.941 [warning] [Decorations] CAPPING events from decorations provider vscode.git 3698
2023-01-16 00:21:03.013 [warning] [Decorations] CAPPING events from decorations provider vscode.git 3698
2023-01-16 00:21:08.096 [warning] [Decorations] CAPPING events from decorations provider vscode.git 3698
2023-01-16 00:21:13.178 [warning] [Decorations] CAPPING events from decorations provider vscode.git 3698
2023-01-16 00:21:34.778 [warning] [Decorations] CAPPING events from decorations provider vscode.git 3698
